100	1.2
0.000000	0.000000	0.000000
savinase_r.pdb	11.717	15.983	8.021
BASI_l.pdb	65.141	71.197	130.466
0.000000	1.506530	1.988858	88	87	18	17.64
-0.785398	1.413347	-1.339188	82	91	84	17.54
-2.617994	1.869911	2.701025	8	24	0	17.42
-2.094395	2.724429	-0.348782	94	80	90	17.30
-2.356194	1.128190	-2.288622	13	3	24	17.26
-3.141593	1.391910	3.030322	21	14	1	17.18
2.617994	1.766067	2.153843	17	10	15	17.08
0.261799	2.979456	-1.009304	92	26	7	17.06
-0.785398	1.325504	-1.671296	93	87	81	17.02
1.832596	2.089241	-0.114193	7	24	99	17.00
-1.832596	1.736875	3.023612	96	24	97	16.96
0.523599	1.214854	-1.966664	91	88	79	16.60
-1.047198	2.979456	-1.009304	85	81	96	16.54
-2.879793	2.456751	-1.503343	20	83	12	16.40
1.308997	1.574060	2.783565	88	91	23	16.38
2.094395	2.984978	1.954446	88	83	88	16.34
-1.047198	1.982574	-1.115518	80	87	13	16.30
1.832596	0.370812	-2.547742	19	84	10	16.28
-1.570796	0.906588	1.252948	84	20	7	16.26
2.879793	2.379497	0.561089	88	22	1	16.20
-2.356194	1.504028	0.636812	81	3	17	16.20
-1.570796	2.478122	2.609777	82	16	90	16.20
2.879793	2.587733	0.232235	93	24	0	16.18
-3.141593	1.413430	2.550734	22	12	2	16.16
0.785398	1.168678	2.108595	87	83	88	16.08
0.000000	1.875281	0.107086	19	81	99	16.06
2.879793	0.615174	-0.666022	88	92	22	16.02
0.261799	2.073035	2.027405	91	78	8	15.96
0.785398	0.571433	-1.188419	25	98	0	15.92
2.879793	2.001437	0.381215	23	10	4	15.90
-2.356194	1.846342	-1.796954	23	7	84	15.90
-1.047198	1.433411	-1.035986	96	84	81	15.80
0.261799	0.615174	-0.666022	1	97	72	15.76
2.879793	1.413430	2.550734	21	6	11	15.74
-1.047198	1.741644	-2.695914	4	76	90	15.74
1.570796	1.045978	0.343692	91	81	88	15.66
-1.832596	1.809167	1.213774	96	23	88	15.64
-0.261799	0.709924	0.218797	94	26	94	15.62
1.832596	0.080730	-2.622036	91	82	86	15.58
-2.879793	0.709924	0.218797	14	94	22	15.56
1.308997	1.413347	-1.339188	18	96	77	15.54
-0.785398	1.488617	1.159546	27	2	93	15.50
1.047198	2.001437	0.381215	24	5	0	15.46
-0.523599	1.168678	2.108595	78	5	13	15.44
1.047198	1.741644	-2.695914	94	24	90	15.42
-1.308997	1.134497	-1.109631	81	85	95	15.40
1.047198	0.370812	-2.547742	21	9	10	15.36
1.832596	0.591903	2.010408	71	1	7	15.34
2.617994	2.478122	2.609777	24	98	89	15.32
-2.617994	1.909857	-0.381669	88	85	83	15.24
2.356194	1.736875	3.023612	25	93	93	15.18
1.570796	0.914445	2.687814	24	9	91	15.12
-3.141593	0.685216	-1.712745	90	22	94	15.10
-2.879793	1.875281	0.107086	90	79	92	15.10
-2.879793	1.218453	2.777284	17	17	4	15.10
0.523599	2.760637	2.781135	85	82	94	15.10
-0.261799	2.664082	-1.071402	11	7	75	15.10
1.047198	1.374601	-2.456031	76	85	0	15.08
2.094395	1.606104	-0.451151	4	24	95	15.06
1.047198	2.356369	3.005869	86	89	83	15.06
2.094395	1.218453	2.777284	21	85	3	15.04
2.617994	1.242974	-2.977882	92	91	24	15.02
-2.617994	1.128190	-2.288622	14	1	24	15.02
-2.356194	2.704512	1.488683	91	23	98	15.02
1.047198	0.615174	-0.666022	89	83	88	15.02
-1.570796	1.732874	-0.951685	97	88	77	15.00
-1.308997	2.356369	3.005869	80	12	87	14.96
-1.047198	1.242974	-2.977882	12	93	24	14.96
-1.570796	1.488617	1.159546	86	86	83	14.94
1.570796	0.762244	-0.273349	0	2	71	14.94
1.308997	2.001437	0.381215	22	11	0	14.94
-1.308997	1.977582	0.969896	87	82	84	14.94
-1.570796	1.325504	-1.671296	93	82	85	14.90
-1.308997	0.850607	-1.335383	80	85	97	14.90
-0.523599	1.599406	1.426070	91	86	20	14.90
1.047198	1.870545	-2.976234	93	24	89	14.88
0.785398	1.256302	0.062705	22	3	10	14.88
1.832596	2.455966	-0.641220	99	78	85	14.86
2.879793	2.404280	-0.174044	19	19	93	14.84
-1.308997	1.732874	-0.951685	86	89	83	14.84
1.308997	0.379747	-1.713059	91	81	89	14.84
0.523599	2.379497	0.561089	19	83	4	14.84
-2.094395	2.456751	-1.503343	8	26	96	14.82
-2.094395	1.135813	-2.658866	94	23	92	14.82
-1.308997	0.674054	1.013609	84	81	94	14.82
2.617994	0.866955	-0.931351	94	24	1	14.80
-1.308997	1.194549	-0.801900	21	94	16	14.80
-3.141593	2.379497	0.561089	87	86	83	14.78
-0.523599	0.496451	0.593859	14	96	22	14.78
0.261799	0.864993	2.278281	83	95	19	14.78
-1.832596	1.128190	-2.288622	26	8	96	14.76
-0.261799	1.506530	1.988858	20	12	11	14.76
-2.094395	2.393226	1.857173	82	18	6	14.74
2.879793	1.909857	-0.381669	83	83	90	14.72
1.832596	1.721184	-0.153948	13	2	23	14.72
-1.308997	1.433411	-1.035986	83	84	93	14.72
2.617994	0.297065	2.160177	26	7	98	14.70
-1.047198	0.571433	-1.188419	94	22	91	14.70
0.785398	2.478122	2.609777	83	20	11	14.70
0.523599	0.709924	0.218797	24	7	84	14.70
0.000000	0.458961	-0.107937	88	78	96	14.70
2.094395	2.138223	1.678323	86	23	1	14.68
-1.047198	0.290380	-0.796960	89	93	27	14.68
-2.617994	2.295480	1.008277	89	87	80	14.66
-2.617994	1.242974	-2.977882	11	23	98	14.66
1.570796	1.367556	0.358405	94	21	83	14.66
0.785398	1.374601	-2.456031	73	89	99	14.66
-2.356194	0.864993	2.278281	88	81	91	14.64
1.047198	1.948085	-2.363031	78	83	0	14.64
-0.261799	1.128190	-2.288622	82	20	0	14.64
-2.356194	2.478122	2.609777	22	97	21	14.62
-2.356194	2.379497	0.561089	5	25	89	14.62
-2.356194	1.184361	0.625864	82	97	19	14.62
-1.308997	1.617114	-1.572037	90	91	78	14.62
2.617994	1.218453	2.777284	21	99	15	14.60
-0.785398	2.108018	1.311430	89	87	77	14.60
-0.523599	2.478122	2.609777	90	77	89	14.56
0.523599	0.618092	2.539118	83	84	11	14.56
2.094395	1.909857	-0.381669	1	23	94	14.54
1.570796	0.418037	1.360082	9	25	0	14.54
0.785398	1.982574	-1.115518	16	9	80	14.54
-0.261799	1.214854	-1.966664	15	80	15	14.54
2.617994	1.417623	-0.202254	91	24	4	14.52
2.617994	1.721184	-0.153948	9	12	24	14.50
2.356194	2.404280	-0.174044	20	13	8	14.50
-2.356194	0.685216	-1.712745	91	84	81	14.50
-0.785398	2.984978	1.954446	95	82	81	14.50
-0.523599	1.413347	-1.339188	84	88	84	14.50
-2.094395	1.736875	3.023612	1	25	98	14.48
-2.094395	1.617114	-1.572037	18	10	79	14.48
1.832596	2.404280	-0.174044	26	89	93	14.48
1.047198	2.251330	-2.330739	85	93	21	14.48
2.356194	1.256302	0.062705	94	21	15	14.46
1.308997	2.579248	-2.364801	88	76	6	14.46
1.308997	0.762244	-0.273349	98	92	27	14.46
-0.785398	2.592629	0.909713	93	76	0	14.46
2.094395	0.370812	-2.547742	90	79	93	14.44
1.047198	1.134497	-1.109631	24	3	89	14.44
-2.879793	1.391910	3.030322	11	22	13	14.42
-2.617994	1.045978	0.343692	88	97	23	14.40
-2.356194	1.948085	-2.363031	23	14	0	14.40
0.261799	0.960688	-0.577532	24	96	5	14.40
2.617994	2.033014	2.977192	92	79	88	14.38
1.308997	2.115563	0.685730	24	9	0	14.38
-1.308997	0.418037	1.360082	92	86	83	14.38
0.523599	0.866955	-0.931351	25	97	2	14.38
-2.356194	1.242974	-2.977882	2	23	88	14.36
-1.308997	0.419640	2.974122	81	83	9	14.36
2.879793	1.699788	2.452890	20	9	10	14.34
2.617994	1.050534	3.042579	24	1	2	14.34
-0.785398	2.704512	1.488683	88	15	81	14.34
2.356194	2.089241	-0.114193	98	24	95	14.32
-1.308997	1.982574	-1.115518	30	89	99	14.32
1.308997	1.982574	-1.115518	16	14	15	14.32
-3.141593	1.812176	0.656819	96	77	91	14.30
2.617994	1.998705	2.370472	25	0	99	14.30
2.356194	1.574060	2.783565	87	85	19	14.30
0.000000	1.824694	1.850876	86	83	12	14.30
-2.879793	1.574060	2.783565	17	18	4	14.28
2.356194	1.599406	1.426070	85	82	89	14.28
-0.523599	0.685216	-1.712745	90	78	1	14.28
-2.617994	2.407836	1.410646	81	18	7	14.26
-2.356194	1.488617	1.159546	91	84	84	14.26
1.047198	2.104282	-0.813972	95	80	84	14.26
1.047198	1.875281	0.107086	24	7	0	14.26
-0.785398	2.637879	2.121598	91	79	86	14.26
0.523599	0.914445	2.687814	84	81	8	14.26
-2.879793	1.948085	-2.363031	10	97	25	14.24
2.094395	2.393226	1.857173	25	97	99	14.24
0.523599	2.356369	3.005869	84	83	93	14.24
0.000000	2.379497	0.561089	84	21	98	14.24
-2.356194	1.135834	-1.431087	85	99	23	14.22
-2.617994	2.588535	-2.976617	16	8	80	14.20
-2.356194	1.756530	-2.105156	93	85	80	14.20
-1.308997	0.290380	-0.796960	14	0	23	14.20
1.047198	0.458961	-0.107937	20	10	81	14.20
-0.785398	1.696674	-1.253233	99	25	93	14.20
-1.570796	1.195355	1.200319	85	85	86	14.18
-0.785398	2.456751	-1.503343	5	26	92	14.18
0.000000	0.370812	-2.547742	84	83	11	14.18
-2.879793	0.992645	-1.723759	99	25	92	14.16
2.356194	0.733948	3.021411	19	84	11	14.16
1.570796	1.301460	-0.509251	14	21	96	14.16
1.047198	1.168678	2.108595	12	23	97	14.16
-0.523599	2.881233	-2.582574	84	80	7	14.16
-2.356194	1.450119	-2.739050	3	21	85	14.14
2.094395	2.704512	1.488683	87	88	81	14.14
-1.832596	1.413430	2.550734	98	25	7	14.14
1.570796	1.413347	-1.339188	93	96	28	14.14
-2.879793	1.812176	0.656819	83	14	14	14.12
-1.832596	2.001437	0.381215	90	25	2	14.12
-1.832596	1.904882	-1.478089	18	11	80	14.12
-1.832596	0.080730	-2.622036	85	16	14	14.12
0.785398	1.836682	-0.676006	23	9	91	14.12
0.523599	0.961715	0.014085	21	4	12	14.12
2.356194	2.393226	1.857173	93	27	3	14.10
1.570796	1.606104	-0.451151	15	20	96	14.10
1.308997	2.356369	3.005869	88	88	82	14.10
1.308997	1.736875	3.023612	6	3	71	14.10
-0.261799	2.379497	0.561089	87	23	98	14.10
-3.141593	2.164094	-2.991358	16	3	22	14.08
2.617994	0.929350	-2.910676	25	2	0	14.08
2.094395	2.637879	2.121598	80	19	2	14.08
-2.094395	2.180315	-1.357379	9	26	98	14.08
-1.570796	0.618092	2.539118	20	11	14	14.08
0.523599	1.870545	-2.976234	83	85	92	14.08
0.261799	0.910508	1.903534	88	99	23	14.08
1.047198	2.456751	-1.503343	97	73	6	14.06
-0.523599	1.872854	1.543456	88	85	16	14.06
2.879793	1.135813	-2.658866	22	13	95	14.04
-1.832596	2.251330	-2.330739	92	78	94	14.04
1.832596	1.617114	-1.572037	97	77	89	14.04
-1.570796	2.664082	-1.071402	7	25	93	14.04
-1.047198	0.850607	-1.335383	83	83	98	14.04
-0.785398	1.904882	-1.478089	6	90	76	14.04
1.308997	2.089241	-0.114193	90	19	82	14.02
0.523599	0.960688	-0.577532	25	93	96	14.02
2.879793	1.242974	-2.977882	23	11	98	14.00
2.617994	1.869911	2.701025	96	79	86	14.00
2.617994	0.733948	3.021411	4	25	94	14.00
-2.356194	2.407836	1.410646	26	96	9	14.00
2.094395	1.413430	2.550734	21	83	2	14.00
1.570796	0.906588	1.252948	85	81	91	14.00
0.785398	2.041297	-2.664597	84	85	88	14.00
0.000000	1.134796	2.434290	92	79	91	14.00
2.879793	2.393226	1.857173	91	78	90	13.98
-2.879793	2.108018	1.311430	93	81	87	13.98
1.570796	2.592629	0.909713	25	3	2	13.98
-2.617994	0.850607	-1.335383	90	82	82	13.96
1.308997	1.450119	-2.739050	20	0	23	13.96
0.261799	1.448123	-2.163292	90	90	80	13.96
-2.094395	2.637879	2.121598	92	93	25	13.94
2.094395	1.554776	0.100351	10	98	26	13.94
-1.832596	1.741644	-2.695914	94	81	87	13.94
1.832596	1.599406	1.426070	12	99	23	13.94
0.785398	1.554776	0.100351	16	10	18	13.94
-0.523599	1.440580	2.260026	19	11	14	13.94
1.570796	0.685216	-1.712745	24	5	95	13.92
1.308997	2.108018	1.311430	23	93	9	13.92
0.523599	0.571433	-1.188419	25	95	0	13.92
2.879793	1.812176	0.656819	24	8	2	13.90
-2.879793	0.203748	0.590255	86	86	16	13.90
-0.785398	1.599406	1.426070	93	85	21	13.90
-0.785398	1.247695	1.809890	17	77	1	13.90
-2.879793	1.977582	0.969896	90	92	77	13.88
2.879793	1.904882	-1.478089	83	18	8	13.88
1.047198	1.683268	0.374177	14	7	21	13.88
0.785398	0.961715	0.014085	12	14	19	13.88
-0.785398	0.379747	-1.713059	95	76	8	13.88
-1.832596	2.579248	-2.364801	91	79	93	13.86
-1.570796	0.419640	2.974122	91	21	13	13.86
1.308997	1.662363	0.915448	83	22	3	13.86
-2.356194	1.135813	-2.658866	0	24	92	13.84
2.094395	1.599406	1.426070	13	2	22	13.84
-1.308997	1.134796	2.434290	82	19	6	13.84
0.261799	1.367556	0.358405	90	91	23	13.84
-2.617994	0.992645	-1.723759	15	12	78	13.82
1.308997	2.033014	2.977192	91	89	79	13.82
-0.785398	0.618092	2.539118	82	80	5	13.82
-0.523599	1.025536	1.576859	26	6	1	13.82
0.261799	0.866955	-0.931351	25	94	3	13.82
-2.879793	1.135834	-1.431087	90	84	80	13.80
2.617994	0.914445	2.687814	24	98	5	13.80
-2.356194	1.696674	-1.253233	26	97	90	13.80
-1.047198	1.606104	-0.451151	96	88	24	13.80
2.617994	2.587733	0.232235	98	25	99	13.78
-2.617994	1.555207	1.708892	91	86	82	13.78
-0.785398	2.979456	-1.009304	17	21	0	13.78
-0.523599	0.618092	2.539118	91	76	2	13.78
0.261799	2.587733	0.232235	20	82	1	13.78
-2.879793	0.297065	2.160177	22	4	12	13.76
2.094395	1.721184	-0.153948	2	25	96	13.76
1.832596	2.587733	0.232235	8	21	86	13.76
-1.308997	2.174483	2.653697	28	4	96	13.76
0.523599	2.033014	2.977192	83	83	96	13.76
-0.523599	1.846342	-1.796954	86	18	82	13.76
-2.617994	1.545873	-1.877082	94	27	94	13.74
-2.094395	0.297065	2.160177	93	25	7	13.74
-1.832596	1.606104	-0.451151	76	91	91	13.74
1.570796	1.836682	-0.676006	93	77	95	13.74
1.570796	1.809167	1.213774	85	16	85	13.74
1.047198	2.637879	2.121598	18	20	95	13.74
0.785398	2.174483	2.653697	81	22	6	13.74
-0.523599	1.904882	-1.478089	95	26	98	13.74
-0.261799	2.393226	1.857173	26	97	99	13.74
0.000000	0.899350	-2.069907	18	84	15	13.74
2.356194	0.619654	-2.216909	22	11	96	13.72
1.832596	1.301460	-0.509251	11	23	95	13.72
-0.785398	1.135834	-1.431087	84	83	92	13.72
0.523599	0.458961	-0.107937	90	85	85	13.72
0.261799	2.478122	2.609777	20	0	16	13.72
1.570796	2.247462	0.191623	13	21	88	13.70
-1.570796	1.440580	2.260026	95	24	12	13.70
1.570796	1.134497	-1.109631	7	0	70	13.70
-1.308997	0.700570	1.559208	23	85	8	13.70
0.000000	2.478122	2.609777	22	11	9	13.70
-3.141593	0.866395	-2.492918	21	16	95	13.68
-1.570796	0.418037	1.360082	9	97	25	13.68
-1.047198	1.374601	-2.456031	4	75	93	13.68
1.047198	0.203748	0.590255	92	80	18	13.68
-0.785398	2.343981	-1.040456	84	80	5	13.68
-0.523599	2.637879	2.121598	94	79	85	13.68
2.617994	2.247462	0.191623	97	90	75	13.66
2.617994	2.073035	2.027405	24	4	4	13.66
2.356194	2.724429	-0.348782	71	96	96	13.66
-1.570796	2.393226	1.857173	88	88	22	13.66
-1.308997	1.335669	0.897240	87	84	83	13.66
1.047198	1.194549	-0.801900	96	76	93	13.66
0.785398	0.370812	-2.547742	23	6	9	13.66
-0.261799	0.864993	2.278281	84	2	21	13.66
-2.356194	0.458961	-0.107937	13	94	23	13.64
0.785398	1.977582	0.969896	0	24	90	13.64
0.261799	1.256302	0.062705	92	95	25	13.64
-3.141593	0.297065	2.160177	19	19	97	13.62
2.879793	0.866395	-2.492918	22	14	96	13.62
2.356194	2.704512	1.488683	16	20	92	13.62
-1.832596	1.569311	-3.003978	95	20	85	13.62
-1.570796	2.174483	2.653697	77	90	15	13.62
0.523599	1.242974	-2.977882	84	79	9	13.62
0.523599	1.168678	2.108595	85	84	88	13.62
0.261799	1.617114	-1.572037	21	86	10	13.62
0.000000	1.812176	0.656819	91	79	85	13.62
-2.879793	1.413430	2.550734	91	85	82	13.60
2.879793	0.914445	2.687814	20	99	15	13.60
-1.832596	1.134796	2.434290	98	24	10	13.60
-0.523599	1.506530	1.988858	85	94	21	13.60
0.523599	0.615174	-0.666022	24	99	6	13.60
0.261799	1.506530	1.988858	18	19	97	13.60
0.261799	0.685216	-1.712745	14	7	22	13.60
-2.617994	1.450119	-2.739050	7	20	85	13.58
-2.356194	1.872854	1.543456	88	90	24	13.58
1.047198	1.617114	-1.572037	17	4	21	13.58
2.879793	1.766067	2.153843	18	10	13	13.56
-2.879793	1.168678	2.108595	14	19	84	13.56
-2.617994	2.719179	-1.780644	27	94	96	13.56
1.308997	2.704512	1.488683	86	86	86	13.56
-1.308997	1.870545	-2.976234	85	86	83	13.56
-0.785398	1.555207	1.708892	86	88	20	13.56
-0.523599	2.104282	-0.813972	78	12	88	13.56
2.617994	0.960688	-0.577532	93	24	4	13.54
2.356194	1.766067	2.153843	14	3	75	13.54
-1.832596	2.664082	-1.071402	24	7	6	13.54
-1.047198	1.617114	-1.572037	91	93	77	13.54
-2.356194	1.658653	-2.409879	94	87	78	13.52
-2.094395	2.153910	-1.714959	20	9	13	13.52
-1.570796	1.836682	-0.676006	92	77	97	13.52
-1.570796	1.391910	3.030322	19	94	17	13.52
1.570796	0.674054	1.013609	91	26	3	13.52
0.785398	2.455966	-0.641220	21	10	87	13.52
-0.785398	1.699788	2.452890	16	4	21	13.52
0.523599	2.299159	2.264663	84	23	7	13.52
0.261799	2.001437	0.381215	21	83	3	13.52
-3.141593	2.247462	0.191623	18	20	93	13.50
-2.617994	2.455966	-0.641220	90	24	6	13.50
-2.617994	2.108018	1.311430	98	22	17	13.50
2.094395	1.135813	-2.658866	92	76	7	13.50
-1.570796	1.683268	0.374177	81	82	4	13.50
-1.047198	2.115563	0.685730	97	73	2	13.50
0.261799	1.736875	3.023612	80	85	97	13.50
0.261799	0.866395	-2.492918	91	76	4	13.50
2.617994	1.391910	3.030322	25	2	4	13.48
-2.094395	1.721184	-0.153948	14	24	4	13.48
-1.570796	1.872854	1.543456	96	23	87	13.48
1.047198	1.824694	1.850876	6	83	79	13.48
0.785398	2.664082	-1.071402	7	2	29	13.48
2.879793	1.050534	3.042579	23	9	2	13.46
-2.617994	1.218453	2.777284	79	12	85	13.46
-1.832596	2.174483	2.653697	78	17	97	13.46
1.570796	0.992645	-1.723759	97	77	90	13.46
-1.308997	2.033014	2.977192	77	12	90	13.46
0.785398	2.724429	-0.348782	21	10	88	13.46
-0.785398	2.393226	1.857173	92	78	86	13.46
0.785398	1.448123	-2.163292	24	3	12	13.46
2.617994	1.168678	2.108595	13	6	23	13.44
-2.094395	2.579248	-2.364801	13	1	75	13.44
2.094395	0.929350	-2.910676	9	24	95	13.44
-1.308997	1.448123	-2.163292	6	24	85	13.44
-1.308997	1.045978	0.343692	87	17	18	13.44
-0.261799	0.899350	-2.069907	16	83	15	13.44
2.356194	1.824694	1.850876	21	3	12	13.42
1.832596	0.709924	0.218797	82	84	15	13.42
-1.308997	2.724429	-0.348782	72	93	98	13.42
-0.261799	2.455966	-0.641220	7	26	93	13.42
-3.141593	0.496451	0.593859	90	89	21	13.40
2.617994	1.113094	-0.272241	92	24	7	13.38
2.356194	1.554776	0.100351	26	95	7	13.38
2.356194	1.367556	0.358405	8	96	27	13.38
2.356194	1.310100	1.488307	10	3	25	13.38
2.094395	2.881233	-2.582574	92	90	78	13.38
1.570796	1.574060	2.783565	92	92	26	13.38
-1.570796	0.992645	-1.723759	95	83	80	13.38
1.570796	0.458961	-0.107937	5	4	70	13.38
1.570796	0.080730	-2.622036	20	17	98	13.38
-0.523599	2.863997	0.549740	26	90	3	13.38
0.523599	1.766067	2.153843	17	20	99	13.38
0.523599	1.696674	-1.253233	19	90	17	13.38
-2.356194	1.374601	-2.456031	18	87	16	13.36
-2.094395	0.709924	0.218797	78	9	84	13.36
-2.094395	0.685216	-1.712745	10	74	89	13.36
1.047198	0.591903	2.010408	94	94	25	13.36
0.785398	2.588535	-2.976617	1	80	82	13.36
0.785398	1.218453	2.777284	0	76	14	13.36
0.785398	1.194549	-0.801900	94	77	92	13.36
0.523599	0.496451	0.593859	12	9	74	13.36
0.261799	1.113094	-0.272241	96	90	76	13.36
0.000000	2.393226	1.857173	84	3	77	13.36
0.000000	2.001437	0.381215	88	81	15	13.36
-3.141593	2.579248	-2.364801	4	87	76	13.34
-3.141593	1.301460	-0.509251	22	19	5	13.34
-2.879793	1.448123	-2.163292	87	76	0	13.34
2.617994	0.866395	-2.492918	23	11	97	13.34
-2.356194	0.910508	1.903534	5	13	24	13.34
-2.094395	2.881233	-2.582574	90	79	92	13.34
-2.094395	1.184361	0.625864	86	88	18	13.34
-1.832596	2.041297	-2.664597	87	91	79	13.34
-1.832596	1.488617	1.159546	84	88	83	13.34
1.570796	1.242974	-2.977882	82	19	11	13.34
0.785398	1.440580	2.260026	86	85	85	13.34
-0.523599	1.545873	-1.877082	82	15	82	13.34
0.000000	0.297065	2.160177	7	26	97	13.34
-3.141593	1.574060	2.783565	87	85	84	13.32
2.617994	2.881233	-2.582574	16	96	22	13.32
2.617994	0.419640	2.974122	21	95	11	13.32
-2.356194	0.866395	-2.492918	96	25	3	13.32
1.308997	0.458961	-0.107937	90	90	78	13.32
1.047198	1.836682	-0.676006	19	10	83	13.32
-1.047198	1.194549	-0.801900	97	80	84	13.32
-0.785398	1.569311	-3.003978	9	94	26	13.32
-0.523599	2.379497	0.561089	28	95	99	13.32
-0.261799	2.984978	1.954446	84	83	91	13.32
0.000000	2.251330	-2.330739	80	10	17	13.32
2.879793	0.709924	0.218797	21	2	18	13.30
2.617994	2.063651	-2.044600	11	1	74	13.30
-2.094395	1.569311	-3.003978	2	23	88	13.30
-1.832596	0.297065	2.160177	83	83	20	13.30
1.570796	2.478122	2.609777	20	15	11	13.30
0.785398	2.592629	0.909713	85	84	88	13.30
-0.261799	2.180315	-1.357379	93	26	8	13.30
0.261799	0.640596	-2.797608	86	80	8	13.30
-2.617994	1.168678	2.108595	6	15	22	13.28
-1.570796	2.104282	-0.813972	95	76	95	13.28
-1.570796	1.736875	3.023612	91	17	81	13.28
-0.523599	2.247462	0.191623	27	2	92	13.28
0.261799	0.571433	-1.188419	96	89	76	13.28
-0.261799	0.496451	0.593859	17	99	19	13.28
-2.356194	1.998705	2.370472	5	25	2	13.26
-2.094395	1.998705	2.370472	2	26	2	13.26
1.570796	1.736875	3.023612	92	88	24	13.26
1.308997	1.721184	-0.153948	77	93	16	13.26
0.785398	2.356369	3.005869	84	88	84	13.26
-0.261799	1.335669	0.897240	27	4	2	13.26
-2.617994	2.704512	1.488683	25	94	9	13.24
2.094395	0.080730	-2.622036	90	81	90	13.24
1.832596	1.658653	-2.409879	1	97	28	13.24
-1.570796	2.343981	-1.040456	5	25	92	13.24
0.523599	1.606104	-0.451151	5	89	71	13.24
-0.523599	1.554776	0.100351	92	1	27	13.24
0.261799	0.961715	0.014085	80	90	17	13.24
0.000000	0.910508	1.903534	15	21	0	13.24
-2.879793	2.295480	1.008277	83	19	6	13.22
-2.094395	2.299159	2.264663	21	0	22	13.22
-2.094395	2.108018	1.311430	89	76	97	13.22
1.570796	2.115563	0.685730	19	8	14	13.22
-1.047198	1.948085	-2.363031	12	79	85	13.22
1.047198	1.554776	0.100351	24	9	99	13.22
0.523599	0.418037	1.360082	86	81	10	13.22
0.000000	2.984978	1.954446	82	11	82	13.22
-2.617994	1.683268	0.374177	92	76	95	13.20
2.617994	1.440580	2.260026	23	94	9	13.20
2.617994	1.194549	-0.801900	94	24	0	13.20
2.094395	1.756530	-2.105156	10	3	74	13.20
-2.094395	1.732874	-0.951685	24	1	86	13.20
-2.094395	1.194549	-0.801900	74	95	95	13.20
1.832596	2.979456	-1.009304	11	25	3	13.20
-1.047198	0.992645	-1.723759	28	0	93	13.20
0.523599	1.448123	-2.163292	91	88	80	13.20
0.523599	1.184361	0.625864	82	90	18	13.20
-0.261799	1.247695	1.809890	21	12	7	13.20
2.879793	1.433411	-1.035986	84	15	86	13.18
2.356194	1.301460	-0.509251	1	25	93	13.18
-2.094395	1.904882	-1.478089	19	8	79	13.18
2.094395	1.301460	-0.509251	6	24	97	13.18
-1.047198	1.696674	-1.253233	3	25	94	13.18
-1.047198	1.510910	-0.740472	31	0	96	13.18
1.047198	1.256302	0.062705	23	6	10	13.18
-0.523599	1.325504	-1.671296	93	86	80	13.18
-0.261799	2.704512	1.488683	96	75	0	13.18
0.261799	1.134796	2.434290	18	19	0	13.18
0.000000	0.992645	-1.723759	10	79	86	13.18
-2.617994	1.504028	0.636812	79	6	16	13.16
-1.570796	1.374601	-2.456031	93	87	79	13.16
1.308997	1.875281	0.107086	22	12	0	13.16
1.047198	2.247462	0.191623	25	4	97	13.16
0.261799	1.574060	2.783565	15	92	24	13.16
-1.570796	2.863997	0.549740	84	84	88	13.14
-1.570796	2.719179	-1.780644	86	80	96	13.14
-1.308997	1.510910	-0.740472	95	90	24	13.14
1.047198	2.115563	0.685730	25	5	1	13.14
-0.523599	1.741644	-2.695914	84	19	13	13.14
-2.879793	0.850607	-1.335383	93	26	99	13.12
-2.617994	1.599406	1.426070	93	86	82	13.12
-2.094395	1.554776	0.100351	22	3	15	13.12
2.094395	1.214854	-1.966664	17	11	81	13.12
-1.832596	2.637879	2.121598	94	24	94	13.12
-1.570796	1.904882	-1.478089	17	14	81	13.12
1.308997	0.685216	-1.712745	25	1	95	13.12
1.047198	2.455966	-0.641220	93	76	13	13.12
0.785398	2.164094	-2.991358	98	75	94	13.12
0.261799	2.379497	0.561089	19	81	1	13.12
-3.141593	2.404280	-0.174044	17	21	92	13.10
-3.141593	2.295480	1.008277	93	81	86	13.10
-3.141593	1.134497	-1.109631	17	24	3	13.10
2.356194	1.242974	-2.977882	2	26	93	13.10
2.356194	0.899350	-2.069907	83	21	0	13.10
1.832596	2.187132	-0.479875	21	7	12	13.10
1.832596	2.138223	1.678323	22	93	11	13.10
-1.832596	1.256302	0.062705	92	82	17	13.10
1.832596	0.864993	2.278281	90	24	9	13.10
-1.570796	0.290380	-0.796960	1	75	14	13.10
-1.308997	1.824694	1.850876	77	1	15	13.10
0.261799	1.135813	-2.658866	85	79	4	13.10
-2.617994	0.640596	-2.797608	27	2	96	13.08
2.356194	0.929350	-2.910676	2	25	96	13.08
2.356194	0.419640	2.974122	19	86	11	13.08
-1.832596	0.640596	-2.797608	82	18	7	13.08
1.832596	0.418037	1.360082	5	26	0	13.08
-1.570796	2.001437	0.381215	13	74	99	13.08
1.570796	1.756530	-2.105156	8	98	74	13.08
-1.308997	0.591903	2.010408	21	6	15	13.08
1.047198	2.089241	-0.114193	91	20	83	13.08
-0.785398	0.496451	0.593859	11	90	23	13.08
0.261799	2.579248	-2.364801	93	92	25	13.08
0.261799	0.496451	0.593859	6	16	22	13.08
0.261799	0.379747	-1.713059	19	8	14	13.08
0.000000	2.587733	0.232235	18	80	1	13.08
2.879793	2.478122	2.609777	22	9	90	13.06
2.879793	1.450119	-2.739050	23	12	93	13.06
-2.879793	0.379747	-1.713059	85	20	7	13.06
2.094395	1.683268	0.374177	94	74	11	13.06
-2.094395	0.591903	2.010408	90	84	85	13.06
-1.832596	2.104282	-0.813972	84	94	80	13.06
0.785398	1.721184	-0.153948	93	81	82	13.06
0.261799	1.045978	0.343692	14	98	22	13.06
1.832596	1.696674	-1.253233	75	7	15	13.04
-1.308997	2.379497	0.561089	81	83	3	13.04
-1.308997	1.809167	1.213774	87	23	4	13.04
-0.785398	2.478122	2.609777	86	96	24	13.04
0.523599	2.115563	0.685730	22	14	9	13.04
0.261799	1.699788	2.452890	19	93	20	13.04
-0.261799	0.910508	1.903534	89	76	96	13.04
0.000000	0.914445	2.687814	19	17	2	13.04
-3.141593	0.709924	0.218797	20	5	18	13.02
-2.879793	0.640596	-2.797608	27	98	96	13.02
2.617994	2.979456	-1.009304	0	15	27	13.02
-2.356194	0.640596	-2.797608	72	99	9	13.02
2.094395	1.766067	2.153843	93	79	87	13.02
2.094395	1.374601	-2.456031	2	23	86	13.02
1.832596	1.909857	-0.381669	12	21	88	13.02
-1.570796	1.335669	0.897240	85	89	82	13.02
-1.570796	0.960688	-0.577532	84	81	3	13.02
-1.047198	1.662363	0.915448	87	80	85	13.02
1.047198	1.555207	1.708892	93	25	11	13.02
-1.047198	1.134497	-1.109631	83	83	94	13.02
-0.523599	2.063651	-2.044600	24	4	12	13.02
-0.523599	1.982574	-1.115518	0	26	95	13.02
0.261799	0.929350	-2.910676	87	23	5	13.02
0.000000	2.760637	2.781135	95	80	84	13.02
2.879793	1.732874	-0.951685	87	13	81	13.00
2.356194	1.721184	-0.153948	11	96	73	13.00
2.356194	1.606104	-0.451151	96	23	90	13.00
2.094395	2.033014	2.977192	82	19	10	13.00
-2.094395	0.929350	-2.910676	24	88	2	13.00
1.570796	2.033014	2.977192	99	89	26	13.00
1.308997	1.433411	-1.035986	20	6	82	13.00
-1.308997	0.640596	-2.797608	96	79	87	13.00
-1.047198	2.299159	2.264663	88	76	91	13.00
-0.785398	0.914445	2.687814	23	93	10	13.00
-0.261799	2.404280	-0.174044	92	92	27	13.00
0.000000	2.108018	1.311430	20	99	18	13.00
-3.141593	1.870545	-2.976234	18	12	84	12.98
2.617994	0.640596	-2.797608	24	6	3	12.98
2.094395	0.961715	0.014085	85	77	0	12.98
-1.570796	1.617114	-1.572037	87	93	78	12.98
-1.308997	1.488617	1.159546	93	95	25	12.98
1.308997	0.419640	2.974122	26	96	96	12.98
-1.047198	2.393226	1.857173	90	79	85	12.98
-0.523599	0.080730	-2.622036	87	17	82	12.98
-0.261799	2.863997	0.549740	74	91	94	12.98
-0.261799	2.456751	-1.503343	10	3	74	12.98
0.261799	0.850607	-1.335383	97	97	71	12.98
2.617994	1.982574	-1.115518	85	82	86	12.96
-2.617994	1.824694	1.850876	94	97	28	12.96
2.617994	1.413430	2.550734	13	9	76	12.96
-2.356194	1.195355	1.200319	90	85	84	12.96
-0.785398	0.419640	2.974122	94	80	85	12.96
0.523599	1.450119	-2.739050	22	14	9	12.96
0.523599	1.247695	1.809890	96	75	96	12.96
0.000000	1.045978	0.343692	8	97	72	12.96
-3.141593	1.696674	-1.253233	90	9	76	12.94
-2.356194	2.579248	-2.364801	92	91	77	12.94
-2.356194	2.396274	-1.959260	71	2	93	12.94
-2.094395	2.979456	-1.009304	16	22	93	12.94
2.094395	2.863997	0.549740	79	18	6	12.94
2.094395	0.866955	-0.931351	14	21	94	12.94
-1.832596	2.979456	-1.009304	27	92	0	12.94
1.832596	1.662363	0.915448	11	13	21	12.94
1.570796	1.510910	-0.740472	90	80	92	12.94
1.308997	2.588535	-2.976617	85	91	82	12.94
0.785398	2.863997	0.549740	87	91	24	12.94
0.785398	0.850607	-1.335383	88	25	99	12.94
0.523599	2.984978	1.954446	17	97	21	12.94
-0.523599	1.050534	3.042579	87	81	91	12.94
-3.141593	1.014500	0.906702	83	13	81	12.92
-2.879793	2.356369	3.005869	17	11	82	12.92
-2.617994	1.135813	-2.658866	27	5	0	12.92
-2.094395	1.256302	0.062705	84	83	87	12.92
-2.094395	0.080730	-2.622036	12	25	98	12.92
1.832596	2.108018	1.311430	88	76	4	12.92
1.570796	0.203748	0.590255	0	24	87	12.92
-1.308997	1.766067	2.153843	76	5	13	12.92
0.523599	1.658653	-2.409879	87	87	83	12.92
0.261799	1.214854	-1.966664	91	89	79	12.92
-3.141593	2.349581	-2.702517	83	25	98	12.90
2.617994	1.574060	2.783565	92	82	20	12.90
-2.617994	1.374601	-2.456031	27	3	98	12.90
-2.356194	2.033014	2.977192	97	90	26	12.90
2.356194	1.812176	0.656819	92	88	80	12.90
-2.094395	1.113094	-0.272241	21	17	5	12.90
1.832596	1.218453	2.777284	89	83	18	12.90
1.308997	1.310100	1.488307	6	1	27	12.90
0.785398	2.379497	0.561089	21	84	4	12.90
-0.785398	1.809167	1.213774	26	1	98	12.90
0.523599	2.478122	2.609777	85	82	95	12.90
0.523599	0.674054	1.013609	95	73	7	12.90
0.261799	2.299159	2.264663	90	78	2	12.90
-2.879793	1.440580	2.260026	90	78	10	12.88
-2.094395	1.374601	-2.456031	24	0	9	12.88
2.094395	1.367556	0.358405	87	75	6	12.88
-1.570796	1.662363	0.915448	77	16	92	12.88
-1.047198	2.104282	-0.813972	18	8	78	12.88
1.047198	1.756530	-2.105156	22	14	93	12.88
1.047198	1.506530	1.988858	89	80	90	12.88
0.785398	1.367556	0.358405	13	10	20	12.88
2.879793	1.194549	-0.801900	94	24	90	12.86
2.617994	0.370812	-2.547742	94	75	11	12.86
2.356194	2.881233	-2.582574	85	84	88	12.86
-2.356194	1.982574	-1.115518	19	17	6	12.86
-2.356194	0.850607	-1.335383	93	79	84	12.86
-2.094395	2.089241	-0.114193	92	86	79	12.86
-1.832596	1.413347	-1.339188	97	83	80	12.86
1.570796	2.089241	-0.114193	14	19	88	12.86
-1.047198	1.909857	-0.381669	89	86	80	12.86
0.785398	2.104282	-0.813972	17	7	79	12.86
0.785398	0.640596	-2.797608	25	3	7	12.86
-0.523599	0.850607	-1.335383	82	1	26	12.86
-3.141593	1.824694	1.850876	88	97	25	12.84
-3.141593	1.335669	0.897240	22	15	99	12.84
2.356194	2.299159	2.264663	25	96	96	12.84
2.356194	0.685216	-1.712745	19	16	93	12.84
2.094395	1.195355	1.200319	24	17	4	12.84
-1.570796	0.733948	3.021411	73	92	99	12.84
-1.308997	1.569311	-3.003978	83	86	87	12.84
-1.047198	2.153910	-1.714959	3	0	73	12.84
-0.785398	2.295480	1.008277	90	90	74	12.84
-0.785398	2.153910	-1.714959	2	26	92	12.84
-0.523599	1.504028	0.636812	27	90	94	12.84
-0.523599	1.218453	2.777284	18	98	19	12.84
0.261799	1.870545	-2.976234	83	24	96	12.84
0.000000	1.683268	0.374177	85	84	80	12.84
0.000000	1.574060	2.783565	81	24	99	12.84
0.000000	1.440580	2.260026	94	90	77	12.84
0.000000	1.417623	-0.202254	84	87	18	12.84
-3.141593	0.591903	2.010408	3	0	29	12.82
2.879793	1.875281	0.107086	95	77	93	12.82
-2.879793	0.700570	1.559208	98	1	29	12.82
2.617994	1.683268	0.374177	22	3	13	12.82
2.617994	1.555207	1.708892	83	0	22	12.82
2.617994	0.992645	-1.723759	89	82	83	12.82
-2.356194	1.904882	-1.478089	19	18	99	12.82
1.832596	2.579248	-2.364801	97	94	75	12.82
-1.832596	1.218453	2.777284	18	3	21	12.82
1.570796	1.741644	-2.695914	95	75	11	12.82
-1.570796	1.134796	2.434290	94	24	10	12.82
1.308997	2.299159	2.264663	10	74	99	12.82
-1.308997	1.683268	0.374177	23	90	19	12.82
-1.047198	2.180315	-1.357379	77	17	92	12.82
0.523599	1.135834	-1.431087	95	2	70	12.82
-3.141593	1.135813	-2.658866	21	16	95	12.80
2.879793	2.180315	-1.357379	83	20	5	12.80
-2.356194	1.812176	0.656819	79	7	14	12.80
-2.356194	1.732874	-0.951685	83	25	97	12.80
-2.094395	2.295480	1.008277	4	25	94	12.80
-1.832596	2.089241	-0.114193	14	92	26	12.80
1.570796	1.325504	-1.671296	16	95	26	12.80
1.308997	2.587733	0.232235	93	26	8	12.80
-1.308997	1.948085	-2.363031	0	74	95	12.80
1.308997	1.658653	-2.409879	88	25	2	12.80
-1.308997	1.554776	0.100351	96	77	12	12.80
-1.047198	2.138223	1.678323	90	76	89	12.80
0.523599	2.104282	-0.813972	88	85	21	12.80
0.261799	2.404280	-0.174044	16	22	92	12.80
-0.261799	1.824694	1.850876	83	85	12	12.80
-3.141593	0.929350	-2.910676	15	21	92	12.78
2.879793	1.683268	0.374177	95	78	89	12.78
-2.879793	1.569311	-3.003978	22	97	17	12.78
2.617994	2.174483	2.653697	24	98	91	12.78
-2.617994	0.864993	2.278281	85	20	90	12.78
2.356194	2.984978	1.954446	0	80	82	12.78
2.094395	0.700570	1.559208	98	3	29	12.78
1.832596	1.606104	-0.451151	14	21	87	12.78
1.832596	0.906588	1.252948	87	79	90	12.78
1.570796	2.881233	-2.582574	88	17	83	12.78
-1.308997	1.696674	-1.253233	6	25	94	12.78
-1.308997	1.168678	2.108595	17	99	22	12.78
-1.047198	2.404280	-0.174044	70	1	97	12.78
1.047198	2.295480	1.008277	90	87	80	12.78
-0.785398	2.356369	3.005869	92	80	82	12.78
-0.785398	1.242974	-2.977882	4	72	98	12.78
0.000000	1.721184	-0.153948	20	82	95	12.78
2.879793	0.992645	-1.723759	92	80	82	12.76
2.617994	1.606104	-0.451151	96	23	87	12.76
-2.356194	0.591903	2.010408	13	9	21	12.76
2.356194	0.290380	-0.796960	92	85	22	12.76
-2.094395	0.370812	-2.547742	9	26	97	12.76
-1.570796	1.510910	-0.740472	93	90	24	12.76
-1.308997	1.662363	0.915448	84	80	11	12.76
1.047198	1.732874	-0.951685	82	82	96	12.76
-0.523599	2.349581	-2.702517	24	8	10	12.76
-0.523599	1.809167	1.213774	88	86	18	12.76
-0.261799	2.637879	2.121598	81	84	92	12.76
0.261799	1.875281	0.107086	23	84	94	12.76
0.261799	1.374601	-2.456031	8	27	99	12.76
-2.356194	2.881233	-2.582574	88	82	90	12.74
2.356194	1.909857	-0.381669	1	24	92	12.74
2.356194	1.756530	-2.105156	11	3	74	12.74
-2.356194	1.014500	0.906702	99	76	92	12.74
2.356194	0.910508	1.903534	85	92	22	12.74
2.356194	0.674054	1.013609	90	9	25	12.74
1.832596	2.863997	0.549740	10	21	86	12.74
-1.570796	1.977582	0.969896	19	98	24	12.74
1.047198	2.174483	2.653697	20	21	97	12.74
-1.047198	1.325504	-1.671296	89	88	81	12.74
0.785398	1.683268	0.374177	14	96	23	12.74
0.785398	1.113094	-0.272241	96	94	27	12.74
0.523599	2.174483	2.653697	91	77	2	12.74
0.523599	0.864993	2.278281	87	83	88	12.74
-0.261799	2.407836	1.410646	18	92	19	12.74
-2.879793	1.617114	-1.572037	79	10	15	12.72
2.879793	1.506530	1.988858	15	9	18	12.72
2.617994	1.699788	2.452890	21	5	11	12.72
2.356194	1.450119	-2.739050	1	26	92	12.72
2.356194	1.218453	2.777284	24	89	99	12.72
1.570796	2.637879	2.121598	85	89	25	12.72
1.570796	2.187132	-0.479875	19	4	17	12.72
1.308997	0.864993	2.278281	77	4	18	12.72
1.308997	0.080730	-2.622036	92	76	93	12.72
-0.785398	1.310100	1.488307	21	92	17	12.72
-0.523599	2.180315	-1.357379	24	19	2	12.72
-0.261799	1.766067	2.153843	11	11	24	12.72
0.261799	1.450119	-2.739050	96	86	78	12.72
0.261799	0.899350	-2.069907	92	86	79	12.72
-3.141593	1.417623	-0.202254	82	96	78	12.70
2.879793	2.089241	-0.114193	95	73	0	12.70
-2.617994	0.899350	-2.069907	19	93	19	12.70
2.617994	0.618092	2.539118	20	17	91	12.70
2.356194	1.506530	1.988858	15	4	21	12.70
-2.094395	2.104282	-0.813972	17	19	3	12.70
-2.094395	1.417623	-0.202254	21	89	17	12.70
-1.832596	1.545873	-1.877082	87	87	22	12.70
1.832596	1.134497	-1.109631	6	98	70	12.70
1.832596	0.496451	0.593859	89	91	75	12.70
-1.570796	1.948085	-2.363031	97	75	95	12.70
1.570796	1.555207	1.708892	79	16	11	12.70
-1.308997	2.404280	-0.174044	15	17	83	12.70
-0.785398	1.658653	-2.409879	8	75	94	12.70
-0.523599	0.864993	2.278281	89	76	99	12.70
2.879793	2.588535	-2.976617	21	1	17	12.68
-2.879793	0.615174	-0.666022	76	15	3	12.68
2.617994	2.863997	0.549740	6	25	95	12.68
2.617994	1.506530	1.988858	18	6	16	12.68
1.832596	1.812176	0.656819	92	75	12	12.68
-1.832596	1.510910	-0.740472	22	95	17	12.68
-1.832596	1.335669	0.897240	85	91	80	12.68
1.832596	1.184361	0.625864	85	77	1	12.68
1.570796	2.704512	1.488683	87	85	85	12.68
-1.570796	0.080730	-2.622036	87	87	81	12.68
-1.308997	1.736875	3.023612	84	86	84	12.68
0.785398	1.756530	-2.105156	89	88	21	12.68
-0.523599	2.455966	-0.641220	21	99	22	12.68
-0.523599	1.812176	0.656819	26	91	99	12.68
2.879793	0.685216	-1.712745	13	22	94	12.66
-2.617994	1.214854	-1.966664	92	80	84	12.66
-2.094395	1.809167	1.213774	86	87	82	12.66
-2.094395	0.615174	-0.666022	7	5	28	12.66
-2.094395	0.203748	0.590255	90	75	97	12.66
-1.832596	1.699788	2.452890	86	19	15	12.66
-1.570796	2.456751	-1.503343	81	82	0	12.66
1.570796	1.812176	0.656819	95	27	6	12.66
1.570796	1.391910	3.030322	85	9	76	12.66
1.570796	0.866955	-0.931351	11	2	71	12.66
-1.308997	2.704512	1.488683	92	82	82	12.66
1.047198	2.760637	2.781135	96	14	75	12.66
-0.785398	1.504028	0.636812	91	76	88	12.66
-0.785398	0.864993	2.278281	94	11	26	12.66
0.261799	1.168678	2.108595	92	78	92	12.66
0.261799	0.290380	-0.796960	23	96	9	12.66
-3.141593	2.174483	2.653697	22	10	90	12.64
-2.879793	1.413347	-1.339188	81	8	18	12.64
2.617994	1.128190	-2.288622	14	14	81	12.64
-2.356194	2.455966	-0.641220	24	10	89	12.64
-2.356194	1.413347	-1.339188	14	3	24	12.64
-1.832596	2.724429	-0.348782	96	81	85	12.64
-1.832596	2.033014	2.977192	96	25	98	12.64
1.570796	1.869911	2.701025	98	91	27	12.64
1.570796	1.135834	-1.431087	22	1	83	12.64
-1.570796	0.370812	-2.547742	94	77	90	12.64
-1.570796	0.297065	2.160177	24	5	12	12.64
1.308997	1.683268	0.374177	14	9	20	12.64
-1.308997	1.599406	1.426070	87	5	24	12.64
-1.308997	0.906588	1.252948	84	84	87	12.64
-1.047198	2.396274	-1.959260	4	6	73	12.64
1.047198	1.113094	-0.272241	89	86	83	12.64
0.261799	0.709924	0.218797	15	3	20	12.64
2.879793	1.574060	2.783565	23	7	8	12.62
2.879793	0.700570	1.559208	26	4	2	12.62
2.617994	1.184361	0.625864	25	0	8	12.62
-2.356194	2.588535	-2.976617	15	10	80	12.62
2.356194	2.001437	0.381215	98	26	3	12.62
-2.094395	1.846342	-1.796954	21	10	9	12.62
1.308997	1.113094	-0.272241	2	92	26	12.62
0.785398	2.187132	-0.479875	21	8	84	12.62
0.000000	2.187132	-0.479875	89	24	1	12.62
0.000000	0.850607	-1.335383	22	99	14	12.62
-3.141593	2.455966	-0.641220	21	92	16	12.60
2.879793	2.760637	2.781135	22	98	84	12.60
2.879793	1.736875	3.023612	23	4	88	12.60
2.879793	1.214854	-1.966664	92	78	85	12.60
-2.879793	0.929350	-2.910676	26	90	2	12.60
2.356194	1.417623	-0.202254	94	23	12	12.60
-1.570796	2.033014	2.977192	92	19	85	12.60
-1.308997	2.478122	2.609777	79	11	17	12.60
1.308997	1.977582	0.969896	94	86	78	12.60
1.308997	1.247695	1.809890	9	24	93	12.60
1.308997	0.618092	2.539118	72	1	10	12.60
-0.785398	2.724429	-0.348782	89	94	25	12.60
-0.785398	1.875281	0.107086	71	99	6	12.60
0.785398	1.506530	1.988858	84	85	87	12.60
0.523599	2.455966	-0.641220	99	24	85	12.60
-2.879793	2.089241	-0.114193	28	99	95	12.58
2.879793	1.721184	-0.153948	9	14	23	12.58
-2.356194	2.001437	0.381215	95	73	2	12.58
-2.094395	0.419640	2.974122	97	95	31	12.58
1.832596	0.992645	-1.723759	96	76	92	12.58
-1.832596	0.992645	-1.723759	21	2	15	12.58
1.570796	2.863997	0.549740	95	25	11	12.58
1.570796	1.599406	1.426070	80	17	9	12.58
-1.570796	1.135834	-1.431087	22	83	7	12.58
1.308997	0.961715	0.014085	86	81	91	12.58
-1.047198	2.724429	-0.348782	22	9	11	12.58
1.047198	2.299159	2.264663	6	73	97	12.58
-1.047198	1.184361	0.625864	82	14	14	12.58
1.047198	0.762244	-0.273349	97	94	72	12.58
-0.785398	1.134796	2.434290	22	11	9	12.58
0.523599	1.135813	-2.658866	87	87	81	12.58
0.000000	2.719179	-1.780644	14	5	25	12.58
-3.141593	0.290380	-0.796960	88	85	82	12.56
-2.879793	2.138223	1.678323	22	9	85	12.56
2.617994	0.496451	0.593859	94	86	75	12.56
2.356194	2.073035	2.027405	24	2	5	12.56
2.356194	1.662363	0.915448	5	14	23	12.56
2.356194	0.914445	2.687814	22	88	7	12.56
-2.094395	2.033014	2.977192	1	24	91	12.56
-1.832596	2.379497	0.561089	73	97	5	12.56
-1.832596	2.115563	0.685730	92	24	97	12.56
1.832596	1.374601	-2.456031	96	95	27	12.56
-1.832596	1.194549	-0.801900	75	92	93	12.56
1.832596	1.134796	2.434290	24	5	85	12.56
-1.832596	0.850607	-1.335383	20	94	20	12.56
1.308997	1.325504	-1.671296	82	98	21	12.56
1.047198	2.041297	-2.664597	88	92	22	12.56
0.785398	1.569311	-3.003978	1	95	28	12.56
-0.523599	1.045978	0.343692	4	87	75	12.56
-0.523599	0.929350	-2.910676	72	98	98	12.56
-0.261799	0.850607	-1.335383	14	24	92	12.56
0.000000	0.709924	0.218797	12	3	24	12.56
-3.141593	2.863997	0.549740	94	81	82	12.54
-3.141593	2.356369	3.005869	22	7	86	12.54
-3.141593	2.001437	0.381215	71	93	97	12.54
2.879793	1.617114	-1.572037	23	18	7	12.54
-2.356194	2.247462	0.191623	72	2	5	12.54
-2.356194	1.506530	1.988858	0	19	20	12.54
2.356194	1.168678	2.108595	23	97	83	12.54
-2.094395	2.592629	0.909713	3	25	94	12.54
2.094395	1.824694	1.850876	92	75	95	12.54
1.832596	1.391910	3.030322	20	82	97	12.54
-1.570796	2.396274	-1.959260	89	79	97	12.54
-1.570796	0.640596	-2.797608	16	6	21	12.54
0.785398	1.247695	1.809890	31	94	97	12.54
0.523599	1.555207	1.708892	89	85	83	12.54
-0.523599	1.134796	2.434290	95	87	78	12.54
0.000000	1.128190	-2.288622	19	18	88	12.54
-3.141593	2.108018	1.311430	92	87	80	12.52
2.879793	1.846342	-1.796954	88	23	12	12.52
-2.879793	1.545873	-1.877082	95	82	79	12.52
-2.879793	0.831641	0.616218	18	99	19	12.52
-2.094395	1.488617	1.159546	11	77	90	12.52
-2.094395	0.992645	-1.723759	22	12	5	12.52
-1.570796	1.135813	-2.658866	19	8	16	12.52
-1.308997	1.812176	0.656819	87	78	7	12.52
1.308997	0.866955	-0.931351	24	88	14	12.52
1.047198	2.164094	-2.991358	88	25	6	12.52
0.523599	0.762244	-0.273349	19	6	16	12.52
0.261799	2.063651	-2.044600	25	3	87	12.52
-3.141593	0.864993	2.278281	89	76	99	12.50
2.617994	2.407836	1.410646	94	76	92	12.50
-2.356194	0.419640	2.974122	28	98	99	12.50
-2.094395	1.242974	-2.977882	20	87	14	12.50
-1.832596	2.407836	1.410646	25	8	7	12.50
-1.832596	2.343981	-1.040456	83	89	84	12.50
-1.570796	0.615174	-0.666022	88	80	9	12.50
-1.308997	2.719179	-1.780644	4	22	18	12.50
1.047198	2.138223	1.678323	91	76	97	12.50
1.047198	0.418037	1.360082	98	25	93	12.50
0.523599	2.863997	0.549740	83	85	87	12.50
0.523599	1.301460	-0.509251	25	89	92	12.50
0.523599	0.591903	2.010408	0	26	96	12.50
-0.261799	1.554776	0.100351	5	98	71	12.50
0.261799	0.080730	-2.622036	87	83	15	12.50
2.617994	2.115563	0.685730	98	26	6	12.48
-2.356194	2.587733	0.232235	73	2	91	12.48
2.094395	1.696674	-1.253233	97	78	87	12.48
-1.570796	1.574060	2.783565	6	15	25	12.48
-1.308997	1.218453	2.777284	86	16	17	12.48
-1.047198	2.379497	0.561089	2	73	99	12.48
0.785398	0.910508	1.903534	94	23	15	12.48
0.261799	0.591903	2.010408	93	75	2	12.48
0.000000	2.356369	3.005869	81	91	19	12.48
-3.141593	0.571433	-1.188419	95	25	3	12.46
-2.879793	1.247695	1.809890	15	19	87	12.46
-2.617994	2.063651	-2.044600	28	3	93	12.46
-2.617994	1.050534	3.042579	13	23	1	12.46
2.356194	0.496451	0.593859	93	88	75	12.46
2.356194	0.370812	-2.547742	24	8	1	12.46
-2.094395	2.664082	-1.071402	71	98	97	12.46
-2.094395	0.866395	-2.492918	94	25	4	12.46
1.832596	0.762244	-0.273349	0	2	70	12.46
-1.308997	0.619654	-2.216909	84	24	99	12.46
1.308997	0.571433	-1.188419	17	21	91	12.46
0.785398	1.135834	-1.431087	12	5	25	12.46
-0.523599	2.396274	-1.959260	21	20	4	12.46
0.523599	0.619654	-2.216909	16	8	21	12.46
-0.261799	2.724429	-0.348782	94	90	27	12.46
-0.261799	2.299159	2.264663	73	94	97	12.46
0.261799	2.174483	2.653697	98	28	97	12.46
-0.261799	1.872854	1.543456	89	82	15	12.46
0.000000	1.247695	1.809890	16	22	99	12.46
0.000000	0.831641	0.616218	27	2	89	12.46
2.879793	0.831641	0.616218	17	89	19	12.44
-2.356194	1.809167	1.213774	87	81	92	12.44
-2.356194	1.301460	-0.509251	24	12	5	12.44
-2.094395	0.906588	1.252948	93	83	85	12.44
-1.832596	2.863997	0.549740	79	88	88	12.44
1.832596	1.413430	2.550734	17	82	12	12.44
1.832596	1.413347	-1.339188	8	24	99	12.44
1.570796	2.295480	1.008277	83	18	13	12.44
-1.570796	1.812176	0.656819	22	95	20	12.44
1.570796	0.370812	-2.547742	79	90	85	12.44
-1.308997	1.658653	-2.409879	1	76	91	12.44
1.047198	1.909857	-0.381669	94	16	76	12.44
1.047198	0.379747	-1.713059	25	93	99	12.44
0.523599	2.153910	-1.714959	26	3	96	12.44
-0.523599	1.699788	2.452890	4	84	76	12.44
0.261799	0.906588	1.252948	16	19	86	12.44
-2.879793	0.619654	-2.216909	15	23	95	12.42
-2.617994	2.979456	-1.009304	19	92	17	12.42
-2.617994	1.662363	0.915448	0	75	92	12.42
1.570796	1.662363	0.915448	10	7	24	12.42
1.047198	1.450119	-2.739050	91	25	96	12.42
-0.785398	2.863997	0.549740	97	76	96	12.42
0.785398	1.812176	0.656819	25	97	6	12.42
0.785398	1.555207	1.708892	95	75	95	12.42
-0.785398	1.554776	0.100351	91	2	27	12.42
-0.523599	1.909857	-0.381669	21	5	79	12.42
0.523599	1.741644	-2.695914	85	86	87	12.42
0.523599	0.906588	1.252948	97	73	3	12.42
0.000000	1.025536	1.576859	87	25	93	12.42
-3.141593	2.180315	-1.357379	79	18	4	12.40
2.617994	1.135813	-2.658866	25	6	96	12.40
2.356194	2.863997	0.549740	1	93	69	12.40
2.356194	2.587733	0.232235	99	22	86	12.40
-2.356194	1.662363	0.915448	81	7	17	12.40
2.094395	1.998705	2.370472	11	93	74	12.40
2.094395	0.899350	-2.069907	25	1	90	12.40
-1.308997	2.592629	0.909713	73	94	2	12.40
1.308997	2.592629	0.909713	23	5	78	12.40
-1.308997	1.195355	1.200319	97	94	26	12.40
-1.308997	0.960688	-0.577532	26	9	4	12.40
1.047198	2.379497	0.561089	23	87	5	12.40
-0.785398	1.909857	-0.381669	6	74	96	12.40
-0.261799	0.297065	2.160177	85	81	9	12.40
0.000000	0.591903	2.010408	90	77	3	12.40
-2.879793	0.961715	0.014085	76	96	13	12.38
2.879793	0.733948	3.021411	23	1	12	12.38
2.356194	2.379497	0.561089	27	0	1	12.38
2.356194	2.247462	0.191623	94	80	88	12.38
-2.356194	1.168678	2.108595	4	16	21	12.38
-2.356194	0.290380	-0.796960	75	0	10	12.38
2.094395	0.418037	1.360082	88	96	24	12.38
-1.832596	2.404280	-0.174044	14	24	97	12.38
1.308997	2.379497	0.561089	24	9	97	12.38
1.308997	1.869911	2.701025	93	93	26	12.38
-0.785398	0.850607	-1.335383	94	76	99	12.38
0.523599	1.310100	1.488307	6	25	94	12.38
0.261799	2.396274	-1.959260	25	4	89	12.38
-0.261799	2.138223	1.678323	16	92	22	12.38
-3.141593	2.153910	-1.714959	18	81	10	12.36
2.617994	1.824694	1.850876	20	6	14	12.36
2.617994	1.025536	1.576859	23	12	91	12.36
2.617994	0.709924	0.218797	22	5	19	12.36
2.356194	1.135813	-2.658866	2	25	95	12.36
1.832596	2.379497	0.561089	13	22	91	12.36
-1.832596	1.812176	0.656819	94	26	97	12.36
1.570796	1.413430	2.550734	14	79	14	12.36
-1.570796	1.214854	-1.966664	92	84	82	12.36
1.308997	2.164094	-2.991358	90	92	77	12.36
-1.308997	1.836682	-0.676006	97	76	92	12.36
1.308997	1.766067	2.153843	88	23	97	12.36
-1.308997	1.741644	-2.695914	0	77	90	12.36
1.047198	1.872854	1.543456	92	75	98	12.36
-1.047198	0.831641	0.616218	75	11	11	12.36
-1.047198	0.615174	-0.666022	97	78	85	12.36
0.000000	1.301460	-0.509251	22	85	4	12.36
-3.141593	2.138223	1.678323	19	17	2	12.34
2.879793	2.664082	-1.071402	93	25	3	12.34
2.617994	2.299159	2.264663	26	97	95	12.34
-2.617994	1.658653	-2.409879	26	7	99	12.34
-2.617994	0.080730	-2.622036	24	0	84	12.34
2.356194	1.836682	-0.676006	88	22	94	12.34
-2.356194	1.433411	-1.035986	83	25	3	12.34
-2.094395	0.762244	-0.273349	81	15	84	12.34
2.094395	0.290380	-0.796960	76	3	14	12.34
-1.832596	2.587733	0.232235	91	23	88	12.34
-1.832596	0.733948	3.021411	72	94	0	12.34
1.308997	2.104282	-0.813972	18	6	19	12.34
1.047198	2.187132	-0.479875	91	16	78	12.34
0.523599	1.875281	0.107086	23	91	8	12.34
-3.141593	1.569311	-3.003978	21	15	96	12.32
-2.879793	0.685216	-1.712745	15	15	79	12.32
-2.356194	1.741644	-2.695914	20	96	18	12.32
-2.094395	2.138223	1.678323	87	78	1	12.32
1.832596	1.488617	1.159546	18	78	2	12.32
1.832596	1.242974	-2.977882	80	16	12	12.32
1.832596	1.135813	-2.658866	11	24	98	12.32
-1.570796	1.846342	-1.796954	22	17	95	12.32
-1.308997	0.615174	-0.666022	10	0	26	12.32
1.047198	2.664082	-1.071402	92	81	82	12.32
-1.047198	1.413347	-1.339188	25	5	10	12.32
-0.785398	1.050534	3.042579	83	84	91	12.32
0.523599	2.664082	-1.071402	88	77	88	12.32
-0.523599	2.089241	-0.114193	14	21	89	12.32
-0.261799	0.831641	0.616218	8	0	72	12.32
0.000000	1.699788	2.452890	18	88	19	12.32
-2.879793	1.555207	1.708892	97	77	89	12.30
-2.879793	0.419640	2.974122	91	76	8	12.30
2.356194	0.640596	-2.797608	90	76	0	12.30
-2.094395	2.760637	2.781135	81	95	18	12.30
-2.094395	1.134497	-1.109631	86	85	17	12.30
-2.094395	0.866955	-0.931351	19	77	4	12.30
-1.570796	1.870545	-2.976234	90	18	84	12.30
-1.570796	0.850607	-1.335383	3	25	94	12.30
1.308997	1.194549	-0.801900	88	80	93	12.30
-1.047198	1.168678	2.108595	27	4	4	12.30
-1.047198	1.050534	3.042579	15	91	22	12.30
-1.047198	0.866955	-0.931351	87	22	96	12.30
-0.785398	2.587733	0.232235	72	97	3	12.30
-0.785398	0.906588	1.252948	3	99	27	12.30
0.785398	0.700570	1.559208	16	92	75	12.30
0.785398	0.418037	1.360082	1	26	93	12.30
-0.523599	2.579248	-2.364801	23	3	15	12.30
0.523599	0.899350	-2.069907	26	3	1	12.30
0.261799	1.846342	-1.796954	22	84	7	12.30
-2.879793	1.184361	0.625864	90	77	92	12.28
-2.879793	0.733948	3.021411	14	16	17	12.28
2.617994	2.379497	0.561089	92	80	89	12.28
2.617994	0.831641	0.616218	92	83	79	12.28
-2.356194	1.440580	2.260026	91	77	8	12.28
-2.094395	1.045978	0.343692	93	83	20	12.28
-1.832596	1.696674	-1.253233	98	81	82	12.28
-1.832596	1.450119	-2.739050	16	5	20	12.28
-1.832596	0.762244	-0.273349	79	12	83	12.28
1.570796	1.335669	0.897240	29	1	85	12.28
1.047198	1.433411	-1.035986	21	4	83	12.28
-0.785398	0.290380	-0.796960	84	99	76	12.28
0.523599	2.187132	-0.479875	90	20	86	12.28
-0.261799	1.696674	-1.253233	88	85	81	12.28
0.000000	2.664082	-1.071402	95	27	2	12.28
0.000000	2.138223	1.678323	12	2	26	12.28
0.000000	1.696674	-1.253233	11	85	78	12.28
0.000000	1.184361	0.625864	15	13	80	12.28
0.000000	0.961715	0.014085	82	93	20	12.28
-3.141593	2.760637	2.781135	93	89	76	12.26
-3.141593	1.721184	-0.153948	6	17	22	12.26
-2.879793	1.699788	2.452890	20	16	94	12.26
2.617994	2.719179	-1.780644	97	92	75	12.26
-2.617994	2.251330	-2.330739	76	96	86	12.26
-2.617994	1.135834	-1.431087	91	80	83	12.26
-2.617994	0.929350	-2.910676	90	89	76	12.26
-2.094395	0.619654	-2.216909	92	77	92	12.26
-1.832596	1.658653	-2.409879	83	87	85	12.26
1.832596	1.506530	1.988858	88	80	88	12.26
-1.832596	0.866955	-0.931351	73	96	96	12.26
-1.570796	2.247462	0.191623	95	75	96	12.26
1.308997	2.295480	1.008277	24	98	6	12.26
1.047198	2.349581	-2.702517	87	93	24	12.26
1.047198	1.977582	0.969896	92	86	79	12.26
-0.785398	1.732874	-0.951685	13	10	25	12.26
-0.785398	1.440580	2.260026	77	5	13	12.26
0.785398	0.458961	-0.107937	81	14	16	12.26
0.523599	0.910508	1.903534	85	91	19	12.26
-0.523599	0.733948	3.021411	86	85	85	12.26
-0.261799	1.218453	2.777284	19	1	19	12.26
0.261799	1.014500	0.906702	15	14	81	12.26
0.000000	1.256302	0.062705	22	21	4	12.26
2.617994	2.664082	-1.071402	97	26	3	12.24
-2.617994	0.458961	-0.107937	14	92	22	12.24
-2.356194	2.719179	-1.780644	27	98	95	12.24
1.832596	2.984978	1.954446	90	87	25	12.24
-1.570796	1.569311	-3.003978	88	15	81	12.24
1.308997	2.138223	1.678323	88	21	90	12.24
1.308997	1.555207	1.708892	90	75	10	12.24
1.047198	2.592629	0.909713	88	84	85	12.24
-1.047198	1.756530	-2.105156	26	90	6	12.24
-1.047198	1.045978	0.343692	84	14	18	12.24
0.785398	2.295480	1.008277	20	84	7	12.24
-0.785398	1.982574	-1.115518	11	92	26	12.24
-0.523599	2.724429	-0.348782	92	75	2	12.24
0.523599	0.992645	-1.723759	94	87	77	12.24
0.523599	0.290380	-0.796960	23	2	9	12.24
0.261799	1.554776	0.100351	94	95	27	12.24
-2.879793	1.809167	1.213774	21	78	1	12.22
2.879793	1.301460	-0.509251	98	96	72	12.22
-2.094395	2.356369	3.005869	19	78	95	12.22
2.094395	1.050534	3.042579	23	89	97	12.22
1.832596	2.881233	-2.582574	97	88	78	12.22
1.832596	2.299159	2.264663	85	83	22	12.22
1.832596	1.869911	2.701025	19	81	8	12.22
1.832596	1.699788	2.452890	96	89	27	12.22
1.570796	1.374601	-2.456031	13	19	84	12.22
-1.570796	1.113094	-0.272241	92	77	9	12.22
1.570796	0.379747	-1.713059	91	76	8	12.22
1.047198	1.696674	-1.253233	16	10	80	12.22
-1.047198	1.554776	0.100351	0	75	12	12.22
-1.047198	1.025536	1.576859	23	90	12	12.22
1.047198	0.831641	0.616218	86	85	17	12.22
1.047198	0.297065	2.160177	83	17	87	12.22
-0.785398	2.379497	0.561089	5	74	99	12.22
0.785398	1.128190	-2.288622	24	8	88	12.22
0.785398	0.419640	2.974122	26	94	4	12.22
-0.261799	1.555207	1.708892	22	10	7	12.22
0.261799	1.391910	3.030322	81	84	99	12.22
-2.617994	1.134796	2.434290	82	83	11	12.20
-2.094395	1.440580	2.260026	13	24	96	12.20
-2.094395	1.335669	0.897240	95	3	27	12.20
-2.094395	1.310100	1.488307	85	83	89	12.20
-1.832596	1.982574	-1.115518	90	0	74	12.20
-1.570796	2.379497	0.561089	74	94	6	12.20
1.308997	2.760637	2.781135	1	76	90	12.20
-1.047198	1.875281	0.107086	1	74	8	12.20
0.523599	1.982574	-1.115518	24	96	12	12.20
-0.523599	1.555207	1.708892	89	87	20	12.20
-0.261799	2.478122	2.609777	23	8	9	12.20
0.261799	2.295480	1.008277	87	25	4	12.20
0.261799	0.914445	2.687814	91	87	79	12.20
-0.261799	0.458961	-0.107937	20	22	95	12.20
0.261799	0.297065	2.160177	80	6	16	12.20
-2.879793	2.396274	-1.959260	26	89	1	12.18
-2.879793	2.001437	0.381215	28	1	90	12.18
2.617994	2.404280	-0.174044	77	85	1	12.18
-2.617994	1.948085	-2.363031	92	85	82	12.18
-2.617994	1.736875	3.023612	17	6	21	12.18
2.617994	0.674054	1.013609	23	94	12	12.18
2.356194	2.343981	-1.040456	82	82	94	12.18
-2.356194	1.721184	-0.153948	73	95	4	12.18
2.094395	1.836682	-0.676006	83	80	97	12.18
-2.094395	0.961715	0.014085	88	84	16	12.18
-1.832596	2.396274	-1.959260	86	80	96	12.18
1.832596	0.850607	-1.335383	18	17	92	12.18
-1.570796	0.591903	2.010408	81	82	17	12.18
1.308997	0.850607	-1.335383	24	6	93	12.18
1.047198	2.404280	-0.174044	87	20	88	12.18
0.785398	2.404280	-0.174044	90	22	88	12.18
-0.261799	1.721184	-0.153948	17	78	96	12.18
0.000000	2.407836	1.410646	18	93	20	12.18
2.617994	2.724429	-0.348782	15	22	95	12.16
2.617994	2.089241	-0.114193	89	77	98	12.16
-2.617994	2.041297	-2.664597	17	4	21	12.16
2.617994	1.510910	-0.740472	74	14	95	12.16
2.617994	0.899350	-2.069907	13	21	90	12.16
2.356194	1.875281	0.107086	15	9	21	12.16
2.094395	2.760637	2.781135	87	87	24	12.16
-2.094395	2.704512	1.488683	20	80	97	12.16
1.832596	2.247462	0.191623	10	22	87	12.16
1.832596	1.846342	-1.796954	96	76	92	12.16
1.832596	1.247695	1.809890	87	79	90	12.16
1.308997	1.809167	1.213774	10	75	93	12.16
1.308997	1.025536	1.576859	90	20	87	12.16
-1.047198	2.579248	-2.364801	96	27	7	12.16
-1.047198	1.335669	0.897240	24	17	5	12.16
-0.785398	1.617114	-1.572037	93	94	75	12.16
0.785398	1.325504	-1.671296	16	5	22	12.16
-0.523599	2.704512	1.488683	75	90	99	12.16
-0.523599	1.662363	0.915448	23	87	10	12.16
0.523599	1.374601	-2.456031	27	98	98	12.16
2.617994	1.741644	-2.695914	72	92	95	12.14
2.617994	1.134497	-1.109631	21	82	1	12.14
2.356194	2.760637	2.781135	19	3	19	12.14
-2.356194	2.251330	-2.330739	24	14	99	12.14
-2.356194	2.153910	-1.714959	23	6	9	12.14
-2.356194	2.063651	-2.044600	21	7	13	12.14
2.094395	2.073035	2.027405	76	86	92	12.14
1.832596	1.555207	1.708892	88	79	92	12.14
1.047198	0.700570	1.559208	98	26	93	12.14
-1.047198	0.297065	2.160177	75	89	9	12.14
-0.785398	1.977582	0.969896	93	74	7	12.14
0.785398	1.195355	1.200319	22	81	13	12.14
0.785398	1.184361	0.625864	12	7	23	12.14
-0.785398	1.168678	2.108595	25	7	5	12.14
-0.523599	1.606104	-0.451151	25	97	14	12.14
0.523599	0.866395	-2.492918	25	2	10	12.14
0.000000	0.960688	-0.577532	89	90	77	12.14
-3.141593	2.115563	0.685730	22	97	17	12.12
-2.879793	2.407836	1.410646	75	4	14	12.12
-2.617994	0.866395	-2.492918	99	24	92	12.12
-2.617994	0.290380	-0.796960	74	2	9	12.12
-2.356194	2.073035	2.027405	19	1	26	12.12
2.094395	2.592629	0.909713	20	15	91	12.12
-2.094395	1.909857	-0.381669	18	13	82	12.12
1.832596	2.115563	0.685730	97	85	78	12.12
1.570796	2.396274	-1.959260	18	19	91	12.12
1.047198	1.569311	-3.003978	90	25	96	12.12
0.261799	2.247462	0.191623	91	90	24	12.12
0.000000	1.872854	1.543456	21	12	6	12.12
-2.879793	1.310100	1.488307	86	83	17	12.10
2.879793	1.168678	2.108595	75	8	15	12.10
-2.879793	0.618092	2.539118	89	82	20	12.10
-2.094395	1.812176	0.656819	77	4	14	12.10
-1.832596	1.135813	-2.658866	81	15	89	12.10
-1.570796	2.407836	1.410646	17	20	11	12.10
-1.570796	1.450119	-2.739050	96	80	86	12.10
1.308997	2.251330	-2.330739	91	26	98	12.10
-1.308997	1.413347	-1.339188	96	26	4	12.10
-1.308997	0.379747	-1.713059	81	0	23	12.10
1.047198	1.367556	0.358405	11	9	21	12.10
0.785398	2.704512	1.488683	23	0	14	12.10
-0.785398	2.247462	0.191623	12	17	80	12.10
0.785398	2.115563	0.685730	20	17	9	12.10
-0.785398	0.910508	1.903534	21	81	1	12.10
-0.523599	2.404280	-0.174044	90	95	26	12.10
0.261799	2.984978	1.954446	16	23	93	12.10
-0.261799	2.356369	3.005869	12	98	73	12.10
-0.261799	1.574060	2.783565	72	98	97	12.10
-2.879793	1.869911	2.701025	15	21	1	12.08
-2.879793	1.134497	-1.109631	78	93	16	12.08
2.617994	2.356369	3.005869	24	91	12	12.08
2.356194	1.809167	1.213774	89	79	21	12.08
-2.356194	1.448123	-2.163292	19	89	17	12.08
-2.356194	1.134796	2.434290	6	19	18	12.08
2.356194	0.591903	2.010408	27	98	96	12.08
-1.832596	1.683268	0.374177	8	73	95	12.08
1.832596	1.310100	1.488307	87	78	93	12.08
1.832596	1.195355	1.200319	17	78	5	12.08
-1.570796	1.809167	1.213774	77	96	14	12.08
1.308997	1.488617	1.159546	99	87	74	12.08
1.308997	1.374601	-2.456031	19	98	24	12.08
-1.047198	2.407836	1.410646	73	95	3	12.08
-0.785398	2.881233	-2.582574	18	23	6	12.08
0.785398	0.290380	-0.796960	24	95	9	12.08
0.261799	1.658653	-2.409879	15	23	94	12.08
-3.141593	2.587733	0.232235	83	88	81	12.06
-3.141593	2.299159	2.264663	84	96	21	12.06
2.879793	1.824694	1.850876	94	82	83	12.06
-2.094395	2.073035	2.027405	93	22	10	12.06
1.047198	0.496451	0.593859	13	5	75	12.06
0.785398	2.393226	1.857173	98	26	94	12.06
0.785398	1.310100	1.488307	2	25	93	12.06
-0.785398	0.571433	-1.188419	90	21	91	12.06
-0.261799	2.041297	-2.664597	74	98	87	12.06
0.000000	1.998705	2.370472	21	88	13	12.06
0.000000	1.909857	-0.381669	88	78	87	12.06
-3.141593	0.960688	-0.577532	93	89	25	12.04
-3.141593	0.762244	-0.273349	87	78	88	12.04
-2.879793	2.587733	0.232235	87	86	81	12.04
2.879793	2.115563	0.685730	25	8	0	12.04
2.617994	1.045978	0.343692	83	81	16	12.04
2.094395	0.591903	2.010408	10	97	72	12.04
1.832596	2.760637	2.781135	98	91	75	12.04
-1.570796	2.108018	1.311430	92	24	96	12.04
-1.570796	1.433411	-1.035986	90	97	26	12.04
1.308997	1.732874	-0.951685	91	76	99	12.04
-1.308997	1.574060	2.783565	0	89	75	12.04
-1.047198	1.872854	1.543456	20	85	12	12.04
-1.047198	1.134796	2.434290	81	10	17	12.04
-0.785398	2.664082	-1.071402	91	76	98	12.04
0.785398	1.904882	-1.478089	25	7	2	12.04
0.785398	0.496451	0.593859	99	15	24	12.04
-0.523599	2.356369	3.005869	86	77	91	12.04
0.523599	2.343981	-1.040456	14	6	76	12.04
0.523599	1.113094	-0.272241	25	95	3	12.04
-0.523599	0.992645	-1.723759	3	76	90	12.04
-0.523599	0.297065	2.160177	23	1	83	12.04
-0.523599	0.290380	-0.796960	14	20	83	12.04
0.261799	2.251330	-2.330739	76	3	15	12.04
-3.141593	1.413347	-1.339188	81	14	86	12.02
-2.879793	1.824694	1.850876	92	99	28	12.02
2.879793	1.440580	2.260026	78	9	16	12.02
2.879793	1.218453	2.777284	24	8	2	12.02
-2.879793	0.864993	2.278281	12	8	22	12.02
-2.617994	2.349581	-2.702517	85	26	99	12.02
-2.094395	1.982574	-1.115518	27	0	95	12.02
2.094395	1.812176	0.656819	89	90	79	12.02
-2.094395	1.128190	-2.288622	11	94	26	12.02
-2.094395	0.496451	0.593859	13	11	22	12.02
1.570796	2.104282	-0.813972	18	9	18	12.02
1.570796	1.909857	-0.381669	11	18	82	12.02
-1.308997	2.456751	-1.503343	85	80	0	12.02
1.308997	2.455966	-0.641220	95	79	85	12.02
-1.308997	1.050534	3.042579	20	90	14	12.02
1.308997	0.831641	0.616218	23	6	82	12.02
-1.047198	1.683268	0.374177	78	8	16	12.02
-1.047198	0.914445	2.687814	19	14	12	12.02
0.785398	2.349581	-2.702517	87	96	24	12.02
-0.785398	1.662363	0.915448	6	26	94	12.02
0.785398	0.914445	2.687814	92	76	5	12.02
-0.785398	0.640596	-2.797608	4	73	8	12.02
-0.523599	1.413430	2.550734	4	80	81	12.02
-0.261799	1.909857	-0.381669	15	14	78	12.02
0.261799	1.766067	2.153843	92	78	11	12.02
-3.141593	1.683268	0.374177	85	15	16	12.00
-3.141593	1.450119	-2.739050	15	16	84	12.00
-3.141593	1.367556	0.358405	11	6	25	12.00
-3.141593	0.831641	0.616218	17	95	20	12.00
-2.879793	2.592629	0.909713	80	17	99	12.00
2.879793	1.504028	0.636812	24	7	3	12.00
2.617994	1.214854	-1.966664	89	79	85	12.00
1.832596	2.664082	-1.071402	25	11	93	12.00
-1.570796	2.979456	-1.009304	21	9	12	12.00
1.570796	1.683268	0.374177	88	79	92	12.00
-1.308997	0.961715	0.014085	29	98	87	12.00
1.308997	0.203748	0.590255	86	82	13	12.00
0.785398	1.391910	3.030322	97	75	98	12.00
-0.785398	0.418037	1.360082	23	3	14	12.00
-0.523599	2.108018	1.311430	19	87	17	12.00
-0.523599	0.866955	-0.931351	2	73	97	12.00
-0.261799	2.187132	-0.479875	86	79	9	12.00
-0.261799	0.618092	2.539118	5	71	3	12.00
-3.141593	1.998705	2.370472	15	20	5	11.98
-3.141593	0.203748	0.590255	84	88	16	11.98
-2.356194	1.218453	2.777284	6	92	72	11.98
-2.356194	0.960688	-0.577532	72	99	2	11.98
2.094395	2.089241	-0.114193	21	6	13	11.98
1.832596	1.433411	-1.035986	8	25	1	11.98
1.570796	2.001437	0.381215	86	79	93	11.98
1.570796	1.310100	1.488307	9	95	25	11.98
1.570796	0.899350	-2.069907	88	79	91	11.98
-1.570796	0.866955	-0.931351	82	83	4	11.98
1.570796	0.615174	-0.666022	97	95	29	11.98
-1.308997	2.863997	0.549740	83	16	84	11.98
-1.047198	1.977582	0.969896	91	80	83	11.98
-1.047198	0.619654	-2.216909	74	91	96	11.98
0.785398	2.407836	1.410646	82	92	82	11.98
0.785398	2.108018	1.311430	84	88	84	11.98
-0.785398	0.619654	-2.216909	2	24	87	11.98
0.523599	2.295480	1.008277	19	81	4	11.98
-0.523599	0.640596	-2.797608	9	75	89	11.98
-0.523599	0.591903	2.010408	19	19	3	11.98
0.261799	2.104282	-0.813972	95	72	90	11.98
-0.261799	1.875281	0.107086	87	79	87	11.98
-3.141593	2.592629	0.909713	82	19	0	11.96
-3.141593	1.135834	-1.431087	93	73	5	11.96
-2.879793	1.736875	3.023612	85	7	77	11.96
-2.879793	0.674054	1.013609	91	99	26	11.96
2.879793	0.674054	1.013609	88	3	25	11.96
2.879793	0.419640	2.974122	23	4	8	11.96
-2.617994	1.904882	-1.478089	26	89	98	11.96
2.617994	1.450119	-2.739050	92	27	2	11.96
2.094395	2.579248	-2.364801	99	90	76	11.96
-2.094395	2.455966	-0.641220	2	85	78	11.96
2.094395	2.001437	0.381215	90	87	81	11.96
-2.094395	1.756530	-2.105156	4	17	23	11.96
-2.094395	1.325504	-1.671296	15	14	79	11.96
-1.570796	2.251330	-2.330739	27	91	11	11.96
1.570796	1.218453	2.777284	22	10	85	11.96
1.308997	1.846342	-1.796954	6	6	73	11.96
1.308997	1.569311	-3.003978	13	77	93	11.96
1.308997	1.184361	0.625864	9	15	21	11.96
1.308997	0.929350	-2.910676	84	22	6	11.96
1.047198	1.812176	0.656819	17	98	19	11.96
1.047198	1.658653	-2.409879	80	80	0	11.96
-1.047198	0.864993	2.278281	92	76	91	11.96
-1.047198	0.458961	-0.107937	86	24	0	11.96
0.785398	1.450119	-2.739050	99	25	86	11.96
-0.523599	2.984978	1.954446	23	85	4	11.96
0.523599	1.721184	-0.153948	24	94	8	11.96
0.523599	1.554776	0.100351	25	84	98	11.96
-0.523599	1.242974	-2.977882	72	0	98	11.96
-0.523599	0.866395	-2.492918	12	76	10	11.96
-0.261799	1.736875	3.023612	73	94	0	11.96
0.261799	1.555207	1.708892	85	82	13	11.96
0.261799	1.545873	-1.877082	22	87	8	11.96
0.000000	2.033014	2.977192	9	94	26	11.96
0.000000	1.948085	-2.363031	81	15	15	11.96
0.000000	1.756530	-2.105156	82	91	20	11.96
-2.879793	2.724429	-0.348782	92	25	4	11.94
2.617994	1.301460	-0.509251	94	23	89	11.94
-2.617994	1.256302	0.062705	78	98	15	11.94
2.356194	1.504028	0.636812	22	87	10	11.94
2.356194	1.413430	2.550734	20	96	18	11.94
-2.094395	1.875281	0.107086	18	5	21	11.94
1.832596	1.904882	-1.478089	75	8	15	11.94
-1.832596	1.766067	2.153843	91	21	13	11.94
-1.832596	0.496451	0.593859	18	15	81	11.94
-1.047198	2.719179	-1.780644	10	8	75	11.94
1.047198	2.153910	-1.714959	0	73	10	11.94
0.785398	1.909857	-0.381669	24	7	97	11.94
0.261799	1.977582	0.969896	23	8	13	11.94
-0.261799	1.617114	-1.572037	84	11	77	11.94
0.261799	1.184361	0.625864	19	90	17	11.94
-0.261799	0.640596	-2.797608	75	93	10	11.94
-0.261799	0.619654	-2.216909	92	76	4	11.94
0.261799	0.370812	-2.547742	97	97	31	11.94
2.879793	2.247462	0.191623	78	84	1	11.92
2.617994	2.295480	1.008277	27	1	97	11.92
-2.617994	2.153910	-1.714959	22	15	3	11.92
2.617994	0.864993	2.278281	89	79	15	11.92
2.356194	1.510910	-0.740472	0	22	86	11.92
-2.356194	0.619654	-2.216909	98	26	5	11.92
-1.832596	1.574060	2.783565	86	82	85	11.92
1.570796	1.696674	-1.253233	78	86	96	11.92
-1.570796	0.910508	1.903534	20	85	14	11.92
-1.308997	2.979456	-1.009304	26	9	0	11.92
-1.308997	2.455966	-0.641220	26	2	89	11.92
-1.308997	0.910508	1.903534	87	80	88	11.92
0.785398	1.488617	1.159546	2	26	94	11.92
0.523599	1.417623	-0.202254	26	99	95	11.92
-3.141593	2.984978	1.954446	95	24	14	11.90
-3.141593	1.948085	-2.363031	10	96	25	11.90
-3.141593	0.850607	-1.335383	13	10	74	11.90
-2.617994	1.982574	-1.115518	5	0	70	11.90
-2.356194	2.108018	1.311430	10	20	83	11.90
2.356194	1.195355	1.200319	24	89	1	11.90
-1.832596	2.299159	2.264663	98	93	27	11.90
1.570796	1.256302	0.062705	11	90	75	11.90
-1.308997	2.396274	-1.959260	5	6	73	11.90
1.308997	0.418037	1.360082	92	26	2	11.90
1.047198	2.588535	-2.976617	91	83	85	11.90
1.047198	1.504028	0.636812	15	8	20	11.90
-1.047198	0.929350	-2.910676	95	85	27	11.90
-0.785398	1.335669	0.897240	22	20	5	11.90
0.785398	0.866955	-0.931351	90	77	96	11.90
-0.523599	2.456751	-1.503343	80	16	10	11.90
0.261799	2.164094	-2.991358	18	96	77	11.90
-0.261799	0.733948	3.021411	88	85	84	11.90
0.000000	1.977582	0.969896	93	82	81	11.90
-3.141593	1.218453	2.777284	22	13	97	11.88
-2.879793	0.080730	-2.622036	24	10	8	11.88
-2.617994	1.335669	0.897240	28	96	96	11.88
-2.617994	0.379747	-1.713059	27	0	2	11.88
2.356194	2.478122	2.609777	24	95	88	11.88
2.356194	2.455966	-0.641220	78	84	0	11.88
2.356194	1.440580	2.260026	21	97	81	11.88
-2.094395	1.606104	-0.451151	75	92	97	11.88
2.094395	1.510910	-0.740472	3	23	90	11.88
2.094395	0.640596	-2.797608	21	86	10	11.88
1.832596	1.683268	0.374177	90	89	79	11.88
-1.832596	1.433411	-1.035986	89	99	26	11.88
-1.832596	0.960688	-0.577532	27	96	1	11.88
-1.570796	1.256302	0.062705	30	93	92	11.88
1.308997	2.063651	-2.044600	83	86	16	11.88
1.308997	1.756530	-2.105156	89	25	8	11.88
1.308997	0.615174	-0.666022	25	5	9	11.88
1.047198	2.073035	2.027405	97	19	22	11.88
-0.785398	1.948085	-2.363031	27	96	4	11.88
-0.785398	1.870545	-2.976234	6	92	27	11.88
0.523599	2.247462	0.191623	98	73	1	11.88
0.523599	1.506530	1.988858	82	87	86	11.88
0.523599	0.929350	-2.910676	27	96	4	11.88
0.523599	0.297065	2.160177	89	11	25	11.88
0.000000	2.073035	2.027405	95	27	1	11.88
-3.141593	2.588535	-2.976617	82	83	14	11.86
2.879793	2.295480	1.008277	26	5	97	11.86
2.879793	1.606104	-0.451151	83	84	85	11.86
-2.617994	2.478122	2.609777	13	20	88	11.86
2.617994	2.153910	-1.714959	92	25	2	11.86
2.617994	1.977582	0.969896	90	79	21	11.86
-2.617994	1.184361	0.625864	80	2	18	11.86
-2.617994	0.709924	0.218797	15	98	22	11.86
2.617994	0.685216	-1.712745	17	19	92	11.86
2.094395	2.407836	1.410646	25	3	3	11.86
-2.094395	2.174483	2.653697	74	99	12	11.86
2.094395	0.685216	-1.712745	14	20	87	11.86
1.832596	1.574060	2.783565	95	88	25	11.86
-1.308997	2.187132	-0.479875	3	77	89	11.86
-1.308997	1.325504	-1.671296	24	84	5	11.86
1.047198	2.881233	-2.582574	88	76	8	11.86
-1.047198	2.108018	1.311430	92	80	82	11.86
-0.785398	2.588535	-2.976617	85	80	11	11.86
-0.785398	1.417623	-0.202254	91	23	90	11.86
0.523599	2.108018	1.311430	12	23	98	11.86
0.523599	1.998705	2.370472	91	77	4	11.86
-0.523599	1.184361	0.625864	97	25	90	11.86
-0.523599	0.418037	1.360082	88	81	89	11.86
-0.523599	0.379747	-1.713059	97	75	9	11.86
-0.261799	2.396274	-1.959260	16	4	23	11.86
-3.141593	0.615174	-0.666022	92	87	23	11.84
-2.879793	2.247462	0.191623	15	22	92	11.84
2.879793	2.108018	1.311430	27	99	93	11.84
2.879793	1.870545	-2.976234	93	80	84	11.84
-2.879793	1.433411	-1.035986	94	13	26	11.84
-2.879793	0.866955	-0.931351	87	81	84	11.84
2.617994	2.455966	-0.641220	79	82	99	11.84
-2.617994	1.870545	-2.976234	5	75	87	11.84
-2.617994	1.301460	-0.509251	73	8	91	11.84
-2.617994	0.700570	1.559208	16	21	99	11.84
-2.094395	2.478122	2.609777	19	0	24	11.84
-2.094395	1.391910	3.030322	15	13	20	11.84
2.094395	1.325504	-1.671296	8	17	79	11.84
-1.832596	0.618092	2.539118	21	7	14	11.84
-1.570796	2.299159	2.264663	78	16	97	11.84
-1.570796	1.194549	-0.801900	80	85	98	11.84
1.308997	2.349581	-2.702517	93	89	78	11.84
1.308997	1.510910	-0.740472	87	81	92	11.84
1.308997	1.301460	-0.509251	89	82	88	11.84
1.308997	1.045978	0.343692	9	16	19	11.84
-1.047198	0.685216	-1.712745	21	15	3	11.84
-0.785398	1.135813	-2.658866	3	74	94	11.84
0.261799	2.760637	2.781135	81	85	90	11.84
0.261799	2.356369	3.005869	21	11	12	11.84
0.261799	1.050534	3.042579	82	82	3	11.84
-3.141593	1.134796	2.434290	11	7	24	11.82
2.879793	1.554776	0.100351	83	16	12	11.82
2.879793	1.134796	2.434290	23	2	8	11.82
-2.879793	0.914445	2.687814	18	18	6	11.82
-2.879793	0.906588	1.252948	83	80	10	11.82
-2.617994	0.762244	-0.273349	9	6	27	11.82
-2.356194	2.115563	0.685730	90	75	7	11.82
-2.356194	1.367556	0.358405	3	16	24	11.82
2.094395	1.872854	1.543456	16	91	20	11.82
2.094395	1.184361	0.625864	83	4	77	11.82
-2.094395	0.831641	0.616218	3	90	74	11.82
-1.832596	2.984978	1.954446	1	93	69	11.82
-1.832596	0.961715	0.014085	29	90	88	11.82
1.570796	0.864993	2.278281	94	25	9	11.82
-1.570796	0.571433	-1.188419	0	25	93	11.82
-1.308997	2.251330	-2.330739	74	14	7	11.82
1.308997	0.496451	0.593859	92	81	86	11.82
-1.308997	0.080730	-2.622036	1	24	85	11.82
1.047198	0.960688	-0.577532	87	85	87	11.82
0.785398	2.979456	-1.009304	99	88	72	11.82
0.785398	2.033014	2.977192	17	93	22	11.82
-0.785398	0.899350	-2.069907	27	0	89	11.82
0.523599	1.736875	3.023612	1	22	80	11.82
0.523599	1.128190	-2.288622	7	79	86	11.82
-0.523599	0.419640	2.974122	96	74	4	11.82
-0.261799	1.504028	0.636812	72	92	2	11.82
2.879793	2.153910	-1.714959	24	99	10	11.80
2.617994	1.732874	-0.951685	86	90	23	11.80
-2.617994	0.831641	0.616218	20	4	17	11.80
2.356194	2.407836	1.410646	23	9	4	11.80
-2.094395	2.719179	-1.780644	27	6	95	11.80
-2.094395	1.658653	-2.409879	8	71	2	11.80
2.094395	0.203748	0.590255	79	3	16	11.80
1.832596	1.836682	-0.676006	9	21	87	11.80
-1.832596	1.045978	0.343692	5	75	88	11.80
1.832596	1.014500	0.906702	85	78	95	11.80
1.570796	2.587733	0.232235	11	21	86	11.80
-1.570796	2.295480	1.008277	73	99	6	11.80
1.570796	1.617114	-1.572037	94	78	89	11.80
1.047198	0.866955	-0.931351	17	22	92	11.80
1.047198	0.866395	-2.492918	12	75	0	11.80
-1.047198	0.700570	1.559208	91	94	75	11.80
-0.785398	2.089241	-0.114193	18	19	90	11.80
-0.523599	1.195355	1.200319	28	96	4	11.80
0.523599	0.685216	-1.712745	15	76	99	11.80
-0.261799	1.440580	2.260026	96	91	75	11.80
0.261799	0.203748	0.590255	26	5	89	11.80
-3.141593	1.506530	1.988858	8	17	78	11.78
-3.141593	1.113094	-0.272241	83	1	76	11.78
-2.879793	2.664082	-1.071402	94	82	86	11.78
-2.879793	1.872854	1.543456	21	12	87	11.78
2.879793	0.866955	-0.931351	78	17	4	11.78
-2.617994	2.180315	-1.357379	19	16	9	11.78
-2.617994	1.998705	2.370472	8	24	2	11.78
-2.094395	2.984978	1.954446	84	79	2	11.78
-2.094395	2.404280	-0.174044	12	74	92	11.78
2.094395	2.356369	3.005869	5	18	22	11.78
2.094395	0.379747	-1.713059	6	75	92	11.78
-1.832596	1.662363	0.915448	86	0	22	11.78
1.832596	0.290380	-0.796960	23	7	84	11.78
1.570796	0.709924	0.218797	8	22	16	11.78
1.047198	2.033014	2.977192	6	74	96	11.78
-1.047198	0.203748	0.590255	92	81	88	11.78
0.785398	1.732874	-0.951685	93	15	26	11.78
0.785398	1.696674	-1.253233	19	93	18	11.78
0.785398	0.080730	-2.622036	16	9	75	11.78
0.523599	2.588535	-2.976617	98	80	82	11.78
0.261799	0.458961	-0.107937	19	85	17	11.78
-2.879793	2.863997	0.549740	2	74	12	11.76
2.879793	1.128190	-2.288622	91	79	85	11.76
2.879793	0.910508	1.903534	86	80	13	11.76
2.879793	0.906588	1.252948	26	1	5	11.76
-2.617994	2.343981	-1.040456	86	97	78	11.76
2.356194	2.664082	-1.071402	80	81	1	11.76
-2.356194	1.247695	1.809890	82	15	80	11.76
-2.094395	2.251330	-2.330739	85	89	81	11.76
2.094395	2.115563	0.685730	22	87	10	11.76
2.094395	0.733948	3.021411	13	23	94	11.76
2.094395	0.297065	2.160177	26	96	2	11.76
1.832596	1.732874	-0.951685	5	20	21	11.76
1.832596	1.025536	1.576859	99	23	86	11.76
1.832596	0.685216	-1.712745	87	87	81	11.76
1.832596	0.640596	-2.797608	14	22	99	11.76
1.570796	2.349581	-2.702517	4	19	22	11.76
1.308997	1.812176	0.656819	16	5	19	11.76
1.308997	0.297065	2.160177	3	25	91	11.76
1.047198	2.587733	0.232235	25	7	99	11.76
1.047198	1.417623	-0.202254	88	78	14	11.76
-1.047198	0.419640	2.974122	10	26	91	11.76
-1.047198	0.370812	-2.547742	12	21	85	11.76
0.523599	1.872854	1.543456	1	83	78	11.76
-0.523599	1.310100	1.488307	21	9	15	11.76
-0.523599	1.214854	-1.966664	13	78	15	11.76
-0.261799	1.869911	2.701025	13	96	24	11.76
0.000000	1.448123	-2.163292	88	92	80	11.76
-3.141593	2.073035	2.027405	92	80	86	11.74
2.879793	2.724429	-0.348782	6	9	28	11.74
2.879793	1.809167	1.213774	93	90	78	11.74
2.879793	1.247695	1.809890	24	8	88	11.74
-2.879793	1.214854	-1.966664	19	97	18	11.74
-2.879793	0.910508	1.903534	1	4	29	11.74
-2.356194	1.736875	3.023612	86	3	76	11.74
-2.356194	0.674054	1.013609	92	96	27	11.74
2.094395	1.977582	0.969896	89	95	30	11.74
2.094395	1.732874	-0.951685	3	20	21	11.74
-2.094395	1.025536	1.576859	79	86	91	11.74
-2.094395	0.899350	-2.069907	21	7	14	11.74
1.832596	1.545873	-1.877082	88	87	77	11.74
-1.570796	0.864993	2.278281	18	5	21	11.74
1.570796	0.496451	0.593859	94	83	80	11.74
-1.308997	2.881233	-2.582574	91	88	76	11.74
1.308997	0.709924	0.218797	88	82	88	11.74
-1.047198	2.760637	2.781135	94	92	26	11.74
-1.047198	2.295480	1.008277	88	91	74	11.74
1.047198	2.108018	1.311430	3	78	85	11.74
1.047198	1.574060	2.783565	84	94	23	11.74
1.047198	0.992645	-1.723759	88	89	78	11.74
1.047198	0.914445	2.687814	2	23	18	11.74
-0.785398	2.407836	1.410646	91	89	74	11.74
0.785398	1.872854	1.543456	99	79	86	11.74
-0.785398	0.458961	-0.107937	83	88	23	11.74
-0.523599	2.407836	1.410646	18	91	19	11.74
-0.261799	2.001437	0.381215	90	82	80	11.74
-3.141593	1.045978	0.343692	17	18	15	11.72
2.617994	1.736875	3.023612	27	3	1	11.72
-2.617994	1.554776	0.100351	96	78	88	11.72
2.617994	0.591903	2.010408	26	5	98	11.72
2.617994	0.571433	-1.188419	95	25	3	11.72
-2.356194	2.343981	-1.040456	19	18	3	11.72
2.356194	1.699788	2.452890	21	0	15	11.72
2.094395	1.134796	2.434290	91	87	24	11.72
1.832596	1.450119	-2.739050	9	19	81	11.72
-1.832596	1.310100	1.488307	93	1	27	11.72
1.832596	0.700570	1.559208	3	27	98	11.72
1.832596	0.297065	2.160177	13	99	73	11.72
1.570796	2.343981	-1.040456	72	4	87	11.72
-1.570796	2.063651	-2.044600	95	75	99	11.72
-1.570796	1.699788	2.452890	75	12	10	11.72
1.308997	1.545873	-1.877082	13	1	75	11.72
0.785398	1.599406	1.426070	22	16	9	11.72
0.785398	0.864993	2.278281	17	21	98	11.72
0.785398	0.203748	0.590255	94	90	76	11.72
-0.523599	1.875281	0.107086	87	20	87	11.72
-0.523599	1.658653	-2.409879	90	74	14	11.72
0.000000	1.662363	0.915448	93	78	86	11.72
0.000000	1.554776	0.100351	86	22	13	11.72
2.879793	1.569311	-3.003978	22	10	88	11.70
-2.879793	0.591903	2.010408	88	79	95	11.70
-2.879793	0.458961	-0.107937	75	2	10	11.70
2.617994	1.909857	-0.381669	6	15	24	11.70
-2.617994	1.721184	-0.153948	97	79	83	11.70
-2.356194	2.984978	1.954446	97	91	70	11.70
2.356194	0.831641	0.616218	90	86	79	11.70
-2.094395	1.135834	-1.431087	84	81	12	11.70
2.094395	1.128190	-2.288622	92	91	26	11.70
-1.832596	2.478122	2.609777	78	16	92	11.70
-1.832596	0.615174	-0.666022	92	74	4	11.70
1.832596	0.379747	-1.713059	23	12	97	11.70
-1.832596	0.290380	-0.796960	81	83	6	11.70
1.570796	1.721184	-0.153948	14	98	23	11.70
1.308997	2.343981	-1.040456	71	99	99	11.70
1.308997	0.992645	-1.723759	83	22	2	11.70
-1.308997	0.929350	-2.910676	94	86	28	11.70
1.047198	2.984978	1.954446	14	23	93	11.70
1.047198	1.135813	-2.658866	10	77	91	11.70
-0.785398	2.001437	0.381215	25	87	94	11.70
-0.523599	2.588535	-2.976617	87	78	88	11.70
-0.523599	2.033014	2.977192	2	2	71	11.70
0.523599	1.256302	0.062705	18	11	79	11.70
-0.523599	0.571433	-1.188419	87	20	91	11.70
0.261799	1.872854	1.543456	16	20	0	11.70
0.261799	1.812176	0.656819	5	28	2	11.70
0.261799	0.618092	2.539118	18	19	0	11.70
-0.261799	0.419640	2.974122	20	16	1	11.70
0.000000	1.214854	-1.966664	19	20	92	11.70
0.000000	0.733948	3.021411	15	75	4	11.70
0.000000	0.290380	-0.796960	25	91	3	11.70
2.879793	2.719179	-1.780644	88	77	18	11.68
2.879793	2.063651	-2.044600	17	8	19	11.68
-2.879793	1.014500	0.906702	22	6	13	11.68
2.617994	1.812176	0.656819	89	80	89	11.68
-2.617994	1.506530	1.988858	3	19	20	11.68
2.617994	0.290380	-0.796960	87	20	11	11.68
-2.356194	1.413430	2.550734	81	95	23	11.68
-2.356194	0.733948	3.021411	88	83	86	11.68
2.094395	2.404280	-0.174044	23	9	7	11.68
-2.094395	2.187132	-0.479875	97	86	78	11.68
1.832596	2.704512	1.488683	86	18	15	11.68
-1.832596	1.756530	-2.105156	84	85	19	11.68
-1.832596	1.440580	2.260026	93	20	17	11.68
1.832596	1.214854	-1.966664	93	75	97	11.68
-1.570796	1.658653	-2.409879	26	11	4	11.68
1.570796	1.545873	-1.877082	77	84	0	11.68
1.570796	1.417623	-0.202254	3	84	77	11.68
-1.570796	0.496451	0.593859	5	72	95	11.68
-1.308997	2.587733	0.232235	84	81	0	11.68
-1.308997	2.115563	0.685730	82	83	6	11.68
-1.308997	1.374601	-2.456031	98	76	93	11.68
-1.308997	0.496451	0.593859	1	96	72	11.68
0.785398	1.545873	-1.877082	24	12	97	11.68
-0.785398	1.184361	0.625864	95	24	16	11.68
0.785398	0.618092	2.539118	90	76	7	11.68
-0.523599	2.979456	-1.009304	87	81	88	11.68
0.523599	1.488617	1.159546	6	26	94	11.68
-0.261799	2.881233	-2.582574	17	8	22	11.68
0.000000	1.335669	0.897240	26	8	2	11.68
0.000000	1.310100	1.488307	22	13	4	11.68
-3.141593	1.977582	0.969896	79	83	2	11.66
-3.141593	1.504028	0.636812	21	16	0	11.66
-3.141593	1.440580	2.260026	22	10	6	11.66
-3.141593	0.674054	1.013609	17	19	11	11.66
-2.879793	2.881233	-2.582574	20	11	12	11.66
2.879793	2.863997	0.549740	94	75	97	11.66
2.879793	1.510910	-0.740472	97	97	72	11.66
2.617994	0.910508	1.903534	25	97	86	11.66
-2.094395	1.545873	-1.877082	26	5	3	11.66
1.832596	2.073035	2.027405	18	82	11	11.66
-1.832596	1.617114	-1.572037	84	92	80	11.66
-1.570796	1.545873	-1.877082	25	82	0	11.66
-1.047198	1.732874	-0.951685	12	96	27	11.66
1.047198	0.571433	-1.188419	25	4	99	11.66
-0.785398	2.719179	-1.780644	27	91	7	11.66
-0.785398	1.450119	-2.739050	91	24	11	11.66
-0.785398	1.448123	-2.163292	13	92	25	11.66
0.785398	0.906588	1.252948	23	2	81	11.66
-0.785398	0.615174	-0.666022	15	92	22	11.66
-0.523599	1.448123	-2.163292	2	89	76	11.66
-0.523599	1.128190	-2.288622	14	77	13	11.66
0.261799	2.592629	0.909713	8	22	84	11.66
-0.261799	1.168678	2.108595	18	20	3	11.66
0.000000	2.174483	2.653697	12	99	72	11.66
-3.141593	1.555207	1.708892	94	78	89	11.64
-3.141593	0.458961	-0.107937	75	3	11	11.64
2.879793	2.187132	-0.479875	82	82	92	11.64
2.356194	2.251330	-2.330739	90	24	15	11.64
-2.356194	2.089241	-0.114193	17	22	4	11.64
2.356194	2.063651	-2.044600	13	98	74	11.64
2.356194	1.555207	1.708892	77	3	17	11.64
-2.094395	1.824694	1.850876	87	16	19	11.64
2.094395	1.045978	0.343692	85	86	82	11.64
1.832596	1.050534	3.042579	12	26	6	11.64
1.570796	2.579248	-2.364801	97	93	76	11.64
-1.570796	2.187132	-0.479875	15	19	85	11.64
-1.308997	1.014500	0.906702	84	85	86	11.64
-1.047198	2.478122	2.609777	11	0	73	11.64
-1.047198	2.356369	3.005869	82	83	14	11.64
-0.785398	2.041297	-2.664597	91	23	15	11.64
-0.785398	0.080730	-2.622036	16	21	96	11.64
-0.261799	1.310100	1.488307	92	96	25	11.64
-0.261799	1.184361	0.625864	87	25	1	11.64
0.000000	0.496451	0.593859	75	2	13	11.64
-3.141593	2.407836	1.410646	81	10	20	11.62
-3.141593	0.733948	3.021411	96	24	90	11.62
2.879793	2.407836	1.410646	83	11	21	11.62
2.879793	2.174483	2.653697	77	12	12	11.62
-2.879793	2.063651	-2.044600	15	98	22	11.62
2.879793	1.741644	-2.695914	74	88	95	11.62
-2.617994	1.756530	-2.105156	15	97	22	11.62
2.356194	0.866395	-2.492918	98	26	0	11.62
-2.094395	2.379497	0.561089	1	24	88	11.62
-2.094395	1.504028	0.636812	91	1	26	11.62
-1.832596	1.184361	0.625864	24	13	5	11.62
1.832596	0.203748	0.590255	86	87	82	11.62
1.570796	1.658653	-2.409879	10	20	83	11.62
-1.570796	1.599406	1.426070	90	97	26	11.62
1.570796	1.247695	1.809890	6	26	13	11.62
1.308997	1.504028	0.636812	15	15	17	11.62
-1.308997	1.450119	-2.739050	81	10	84	11.62
-1.308997	0.733948	3.021411	75	88	99	11.62
-1.047198	1.504028	0.636812	97	23	19	11.62
-1.047198	1.214854	-1.966664	28	99	97	11.62
-1.047198	0.080730	-2.622036	90	83	83	11.62
0.785398	1.433411	-1.035986	15	9	21	11.62
-0.785398	0.700570	1.559208	85	24	96	11.62
0.523599	1.809167	1.213774	82	81	2	11.62
0.523599	1.014500	0.906702	13	18	82	11.62
0.523599	0.370812	-2.547742	12	12	74	11.62
-0.261799	2.164094	-2.991358	74	96	90	11.62
0.261799	2.138223	1.678323	18	19	98	11.62
0.261799	1.599406	1.426070	12	25	99	11.62
-0.261799	0.080730	-2.622036	83	15	85	11.62
0.000000	1.413430	2.550734	93	80	87	11.62
-2.879793	1.756530	-2.105156	88	75	5	11.60
-2.879793	1.450119	-2.739050	11	20	86	11.60
2.879793	1.195355	1.200319	26	3	3	11.60
2.879793	1.184361	0.625864	18	90	19	11.60
-2.617994	2.138223	1.678323	84	1	24	11.60
2.617994	1.658653	-2.409879	22	19	4	11.60
-2.617994	1.448123	-2.163292	25	9	87	11.60
2.617994	1.335669	0.897240	0	91	28	11.60
2.617994	1.135834	-1.431087	78	11	14	11.60
2.356194	2.104282	-0.813972	87	21	90	11.60
2.356194	1.135834	-1.431087	20	19	13	11.60
2.094395	0.910508	1.903534	92	26	99	11.60
-2.094395	0.864993	2.278281	94	77	92	11.60
-1.832596	1.998705	2.370472	95	24	7	11.60
-1.832596	1.875281	0.107086	88	24	7	11.60
-1.570796	2.592629	0.909713	72	98	1	11.60
-1.570796	1.448123	-2.163292	5	93	28	11.60
-1.308997	2.579248	-2.364801	19	99	24	11.60
1.308997	2.153910	-1.714959	4	73	10	11.60
1.308997	1.948085	-2.363031	19	17	89	11.60
1.308997	1.836682	-0.676006	97	80	83	11.60
1.308997	0.619654	-2.216909	19	19	94	11.60
-0.785398	1.367556	0.358405	90	75	90	11.60
-0.523599	2.299159	2.264663	9	27	5	11.60
-0.523599	1.977582	0.969896	88	84	18	11.60
-0.523599	1.766067	2.153843	20	8	16	11.60
0.523599	0.419640	2.974122	85	83	12	11.60
-0.261799	2.588535	-2.976617	19	96	78	11.60
-0.261799	1.756530	-2.105156	17	77	0	11.60
-0.261799	0.960688	-0.577532	87	75	10	11.60
0.000000	1.569311	-3.003978	81	24	97	11.60
-3.141593	2.104282	-0.813972	84	76	12	11.58
2.879793	0.899350	-2.069907	93	81	82	11.58
-2.879793	0.571433	-1.188419	88	88	21	11.58
-2.617994	1.977582	0.969896	86	83	89	11.58
2.617994	0.619654	-2.216909	90	24	5	11.58
-2.356194	0.297065	2.160177	91	23	11	11.58
2.094395	1.488617	1.159546	83	82	90	11.58
-2.094395	0.418037	1.360082	93	82	84	11.58
-1.832596	1.448123	-2.163292	5	95	28	11.58
-1.832596	0.831641	0.616218	1	93	73	11.58
1.570796	2.455966	-0.641220	27	93	0	11.58
1.570796	1.488617	1.159546	15	76	2	11.58
1.308997	1.741644	-2.695914	87	99	24	11.58
1.308997	1.135813	-2.658866	82	80	7	11.58
-1.308997	1.025536	1.576859	20	85	15	11.58
1.047198	1.998705	2.370472	22	3	20	11.58
-0.785398	1.869911	2.701025	89	79	85	11.58
0.785398	1.214854	-1.966664	93	85	79	11.58
-0.785398	0.866955	-0.931351	79	4	23	11.58
0.785398	0.709924	0.218797	9	15	22	11.58
0.523599	2.592629	0.909713	5	23	84	11.58
-0.523599	2.138223	1.678323	81	84	8	11.58
0.523599	1.025536	1.576859	12	24	98	11.58
0.000000	2.979456	-1.009304	92	88	75	11.58
-2.879793	2.187132	-0.479875	84	84	86	11.56
-2.879793	2.033014	2.977192	0	3	71	11.56
-2.879793	1.846342	-1.796954	17	23	5	11.56
-2.879793	1.050534	3.042579	84	85	17	11.56
-2.617994	2.724429	-0.348782	75	0	87	11.56
-2.617994	2.579248	-2.364801	87	25	88	11.56
2.356194	1.134796	2.434290	14	3	25	11.56
2.356194	1.025536	1.576859	25	87	97	11.56
-2.356194	0.899350	-2.069907	90	23	94	11.56
2.094395	2.979456	-1.009304	8	26	3	11.56
2.094395	1.448123	-2.163292	89	80	83	11.56
-2.094395	1.195355	1.200319	79	20	95	11.56
-2.094395	1.134796	2.434290	10	96	27	11.56
-1.832596	2.456751	-1.503343	25	9	5	11.56
-1.832596	0.458961	-0.107937	25	5	84	11.56
1.832596	0.419640	2.974122	18	19	6	11.56
-1.570796	2.587733	0.232235	93	24	86	11.56
1.047198	1.904882	-1.478089	19	90	20	11.56
-1.047198	0.418037	1.360082	26	87	0	11.56
-0.785398	2.299159	2.264663	14	25	5	11.56
-0.785398	1.545873	-1.877082	72	87	96	11.56
0.785398	1.417623	-0.202254	17	12	14	11.56
0.785398	0.762244	-0.273349	24	2	8	11.56
-0.785398	0.762244	-0.273349	11	93	25	11.56
-0.523599	0.831641	0.616218	96	24	85	11.56
-0.261799	2.579248	-2.364801	22	6	15	11.56
-0.261799	1.195355	1.200319	24	5	11	11.56
-0.261799	0.685216	-1.712745	88	23	97	11.56
0.000000	2.164094	-2.991358	11	6	74	11.56
-3.141593	2.881233	-2.582574	10	8	26	11.54
2.879793	1.869911	2.701025	24	4	91	11.54
-2.879793	1.766067	2.153843	79	23	1	11.54
2.617994	1.756530	-2.105156	71	97	7	11.54
2.617994	0.615174	-0.666022	86	20	11	11.54
2.356194	1.998705	2.370472	11	92	74	11.54
2.356194	1.448123	-2.163292	26	13	5	11.54
2.094395	1.875281	0.107086	93	85	83	11.54
-1.832596	1.948085	-2.363031	91	78	94	11.54
-1.832596	1.836682	-0.676006	23	0	84	11.54
-1.832596	1.504028	0.636812	82	92	17	11.54
-1.570796	1.875281	0.107086	85	23	7	11.54
-1.308997	1.506530	1.988858	11	95	26	11.54
-1.047198	2.984978	1.954446	91	81	82	11.54
1.047198	2.863997	0.549740	87	89	24	11.54
-0.785398	2.404280	-0.174044	26	1	87	11.54
-0.785398	1.872854	1.543456	86	85	16	11.54
0.785398	1.809167	1.213774	90	76	2	11.54
0.523599	2.407836	1.410646	22	7	16	11.54
-0.523599	1.736875	3.023612	0	99	71	11.54
-0.523599	1.135813	-2.658866	73	97	95	11.54
0.261799	1.909857	-0.381669	95	20	82	11.54
-0.261799	0.992645	-1.723759	22	17	92	11.54
-0.261799	0.914445	2.687814	85	87	82	11.54
0.000000	1.168678	2.108595	83	92	18	11.54
0.000000	1.014500	0.906702	87	26	96	11.54
-2.617994	0.203748	0.590255	21	89	14	11.52
-2.356194	2.393226	1.857173	8	0	70	11.52
2.094395	2.478122	2.609777	19	2	20	11.52
2.094395	2.349581	-2.702517	22	2	15	11.52
-2.094395	2.247462	0.191623	72	99	5	11.52
-2.094395	1.662363	0.915448	21	15	9	11.52
2.094395	0.992645	-1.723759	98	19	22	11.52
1.832596	1.982574	-1.115518	82	81	2	11.52
-1.570796	2.180315	-1.357379	80	83	5	11.52
-1.570796	0.961715	0.014085	29	94	88	11.52
1.308997	0.591903	2.010408	23	11	17	11.52
1.047198	2.407836	1.410646	85	85	87	11.52
-1.047198	2.063651	-2.044600	10	76	89	11.52
0.785398	2.063651	-2.044600	70	96	98	11.52
-0.523599	1.374601	-2.456031	26	10	90	11.52
-0.261799	2.592629	0.909713	87	22	88	11.52
0.261799	1.809167	1.213774	80	88	87	11.52
0.261799	1.134497	-1.109631	95	71	12	11.52
0.261799	0.762244	-0.273349	90	26	94	11.52
0.000000	1.113094	-0.272241	94	91	76	11.52
0.000000	0.203748	0.590255	24	4	10	11.52
-2.879793	2.979456	-1.009304	94	81	89	11.50
-2.879793	2.349581	-2.702517	24	5	11	11.50
-2.879793	1.683268	0.374177	5	92	74	11.50
2.356194	2.719179	-1.780644	85	19	89	11.50
2.356194	2.187132	-0.479875	89	76	2	11.50
-2.356194	1.569311	-3.003978	5	21	86	11.50
-2.356194	1.325504	-1.671296	13	99	25	11.50
2.356194	0.418037	1.360082	18	80	13	11.50
-2.356194	0.379747	-1.713059	73	9	4	11.50
-2.094395	1.168678	2.108595	3	18	20	11.50
2.094395	0.864993	2.278281	22	14	91	11.50
2.094395	0.674054	1.013609	6	27	96	11.50
-1.832596	2.187132	-0.479875	98	78	89	11.50
-1.832596	1.824694	1.850876	81	80	8	11.50
-1.570796	2.153910	-1.714959	10	90	75	11.50
-1.570796	1.310100	1.488307	91	25	2	11.50
1.570796	1.113094	-0.272241	8	25	96	11.50
1.308997	2.407836	1.410646	91	95	73	11.50
1.308997	1.134497	-1.109631	24	7	90	11.50
-1.047198	2.704512	1.488683	23	83	95	11.50
-1.047198	1.310100	1.488307	20	85	14	11.50
-1.047198	1.247695	1.809890	73	0	88	11.50
1.047198	0.864993	2.278281	77	6	17	11.50
-0.785398	2.104282	-0.813972	79	86	11	11.50
0.523599	2.393226	1.857173	22	15	96	11.50
0.523599	1.824694	1.850876	16	21	96	11.50
-0.523599	1.433411	-1.035986	22	2	17	11.50
0.261799	2.407836	1.410646	14	99	26	11.50
-3.141593	0.906588	1.252948	25	5	4	11.48
-2.879793	2.164094	-2.991358	15	5	23	11.48
-2.879793	2.153910	-1.714959	20	83	10	11.48
2.617994	2.984978	1.954446	84	87	84	11.48
2.617994	2.251330	-2.330739	24	7	11	11.48
-2.617994	2.073035	2.027405	23	93	19	11.48
-2.617994	1.606104	-0.451151	74	6	88	11.48
2.356194	1.869911	2.701025	21	89	16	11.48
2.356194	1.325504	-1.671296	9	76	89	11.48
-2.356194	0.906588	1.252948	2	74	95	11.48
2.094395	2.104282	-0.813972	89	77	99	11.48
-2.094395	1.448123	-2.163292	26	4	4	11.48
1.832596	1.870545	-2.976234	30	4	93	11.48
-1.832596	0.419640	2.974122	94	23	12	11.48
-1.308997	1.301460	-0.509251	29	94	85	11.48
-1.047198	1.766067	2.153843	76	2	13	11.48
1.047198	1.128190	-2.288622	71	98	98	11.48
-1.047198	0.733948	3.021411	94	82	83	11.48
0.785398	2.881233	-2.582574	80	83	11	11.48
-0.785398	2.063651	-2.044600	24	99	15	11.48
0.523599	1.599406	1.426070	81	82	1	11.48
