
PyDock3
  A set of tools for protein-protein docking
  Version 3.2.3

[pyDock3] INFO: Running pyDockRST...
[Restraints] INFO: Reading pdb files...
[Restraints] INFO: Initiate analysis of docking solutions...
[Restraints] INFO: Conformation 1 done ; Satisfied RSTs = 7 out of 7
[Restraints] INFO: Conformation 2 done ; Satisfied RSTs = 7 out of 7
[Restraints] INFO: Conformation 3 done ; Satisfied RSTs = 7 out of 7
[Restraints] INFO: Conformation 4 done ; Satisfied RSTs = 7 out of 7
[Restraints] INFO: Conformation 5 done ; Satisfied RSTs = 7 out of 7
[Restraints] INFO: Conformation 6 done ; Satisfied RSTs = 7 out of 7
[Restraints] INFO: Conformation 7 done ; Satisfied RSTs = 7 out of 7
[Restraints] INFO: Conformation 8 done ; Satisfied RSTs = 7 out of 7
[Restraints] INFO: Conformation 9 done ; Satisfied RSTs = 7 out of 7
[Restraints] INFO: Conformation 10 done ; Satisfied RSTs = 7 out of 7
[Restraints] INFO: Conformation 11 done ; Satisfied RSTs = 7 out of 7
[Restraints] INFO: Conformation 12 done ; Satisfied RSTs = 7 out of 7
[Restraints] INFO: Conformation 13 done ; Satisfied RSTs = 7 out of 7
[Restraints] INFO: Conformation 14 done ; Satisfied RSTs = 7 out of 7
[Restraints] INFO: Conformation 15 done ; Satisfied RSTs = 4 out of 7
[Restraints] INFO: Conformation 16 done ; Satisfied RSTs = 7 out of 7
[Restraints] INFO: Conformation 17 done ; Satisfied RSTs = 7 out of 7
[Restraints] INFO: Conformation 18 done ; Satisfied RSTs = 7 out of 7
[Restraints] INFO: Conformation 19 done ; Satisfied RSTs = 7 out of 7
[Restraints] INFO: Conformation 20 done ; Satisfied RSTs = 7 out of 7
[Restraints] INFO: Conformation 21 done ; Satisfied RSTs = 7 out of 7
[Restraints] INFO: Conformation 22 done ; Satisfied RSTs = 7 out of 7
[Restraints] INFO: Conformation 23 done ; Satisfied RSTs = 7 out of 7
[Restraints] INFO: Conformation 24 done ; Satisfied RSTs = 7 out of 7
[Restraints] INFO: Conformation 25 done ; Satisfied RSTs = 7 out of 7
[Restraints] INFO: Conformation 26 done ; Satisfied RSTs = 7 out of 7
[Restraints] INFO: Conformation 27 done ; Satisfied RSTs = 7 out of 7
[Restraints] INFO: Conformation 28 done ; Satisfied RSTs = 7 out of 7
[Restraints] INFO: Conformation 29 done ; Satisfied RSTs = 6 out of 7
[Restraints] INFO: Conformation 30 done ; Satisfied RSTs = 7 out of 7
[Restraints] INFO: Conformation 31 done ; Satisfied RSTs = 7 out of 7
[Restraints] INFO: Conformation 32 done ; Satisfied RSTs = 7 out of 7
[Restraints] INFO: Conformation 33 done ; Satisfied RSTs = 7 out of 7
[Restraints] INFO: Conformation 34 done ; Satisfied RSTs = 7 out of 7
[Restraints] INFO: Conformation 35 done ; Satisfied RSTs = 7 out of 7
[Restraints] INFO: Conformation 36 done ; Satisfied RSTs = 6 out of 7
[Restraints] INFO: Conformation 37 done ; Satisfied RSTs = 4 out of 7
[Restraints] INFO: Conformation 38 done ; Satisfied RSTs = 5 out of 7
[Restraints] INFO: Conformation 39 done ; Satisfied RSTs = 7 out of 7
[Restraints] INFO: Conformation 40 done ; Satisfied RSTs = 7 out of 7
[Restraints] INFO: Conformation 41 done ; Satisfied RSTs = 7 out of 7
[Restraints] INFO: Conformation 42 done ; Satisfied RSTs = 7 out of 7
[Restraints] INFO: Conformation 43 done ; Satisfied RSTs = 7 out of 7
[Restraints] INFO: Conformation 44 done ; Satisfied RSTs = 7 out of 7
[Restraints] INFO: Conformation 45 done ; Satisfied RSTs = 4 out of 7
[Restraints] INFO: Conformation 46 done ; Satisfied RSTs = 7 out of 7
[Restraints] INFO: Conformation 47 done ; Satisfied RSTs = 7 out of 7
[Restraints] INFO: Conformation 48 done ; Satisfied RSTs = 7 out of 7
[Restraints] INFO: Conformation 49 done ; Satisfied RSTs = 7 out of 7
[Restraints] INFO: Conformation 50 done ; Satisfied RSTs = 7 out of 7
[Restraints] INFO: Conformation 51 done ; Satisfied RSTs = 7 out of 7
[Restraints] INFO: Conformation 52 done ; Satisfied RSTs = 7 out of 7
[Restraints] INFO: Conformation 53 done ; Satisfied RSTs = 7 out of 7
[Restraints] INFO: Conformation 54 done ; Satisfied RSTs = 7 out of 7
[Restraints] INFO: Conformation 55 done ; Satisfied RSTs = 7 out of 7
[Restraints] INFO: Conformation 56 done ; Satisfied RSTs = 7 out of 7
[Restraints] INFO: Conformation 57 done ; Satisfied RSTs = 7 out of 7
[Restraints] INFO: Conformation 58 done ; Satisfied RSTs = 4 out of 7
[Restraints] INFO: Conformation 59 done ; Satisfied RSTs = 6 out of 7
[Restraints] INFO: Conformation 60 done ; Satisfied RSTs = 7 out of 7
[Restraints] INFO: Conformation 61 done ; Satisfied RSTs = 7 out of 7
[Restraints] INFO: Conformation 62 done ; Satisfied RSTs = 5 out of 7
[Restraints] INFO: Conformation 63 done ; Satisfied RSTs = 7 out of 7
[Restraints] INFO: Conformation 64 done ; Satisfied RSTs = 7 out of 7
[Restraints] INFO: Conformation 65 done ; Satisfied RSTs = 7 out of 7
[Restraints] INFO: Conformation 66 done ; Satisfied RSTs = 7 out of 7
[Restraints] INFO: Conformation 67 done ; Satisfied RSTs = 7 out of 7
[Restraints] INFO: Conformation 68 done ; Satisfied RSTs = 7 out of 7
[Restraints] INFO: Conformation 69 done ; Satisfied RSTs = 7 out of 7
[Restraints] INFO: Conformation 70 done ; Satisfied RSTs = 7 out of 7
[Restraints] INFO: Conformation 71 done ; Satisfied RSTs = 7 out of 7
[Restraints] INFO: Conformation 72 done ; Satisfied RSTs = 7 out of 7
[Restraints] INFO: Conformation 73 done ; Satisfied RSTs = 7 out of 7
[Restraints] INFO: Conformation 74 done ; Satisfied RSTs = 4 out of 7
[Restraints] INFO: Conformation 75 done ; Satisfied RSTs = 7 out of 7
[Restraints] INFO: Conformation 76 done ; Satisfied RSTs = 7 out of 7
[Restraints] INFO: Conformation 77 done ; Satisfied RSTs = 7 out of 7
[Restraints] INFO: Conformation 78 done ; Satisfied RSTs = 7 out of 7
[Restraints] INFO: Conformation 79 done ; Satisfied RSTs = 6 out of 7
[Restraints] INFO: Conformation 80 done ; Satisfied RSTs = 7 out of 7
[Restraints] INFO: Conformation 81 done ; Satisfied RSTs = 4 out of 7
[Restraints] INFO: Conformation 82 done ; Satisfied RSTs = 7 out of 7
[Restraints] INFO: Conformation 83 done ; Satisfied RSTs = 7 out of 7
[Restraints] INFO: Conformation 84 done ; Satisfied RSTs = 7 out of 7
[Restraints] INFO: Conformation 85 done ; Satisfied RSTs = 7 out of 7
[Restraints] INFO: Conformation 86 done ; Satisfied RSTs = 7 out of 7
[Restraints] INFO: Conformation 87 done ; Satisfied RSTs = 6 out of 7
[Restraints] INFO: Conformation 88 done ; Satisfied RSTs = 7 out of 7
[Restraints] INFO: Conformation 89 done ; Satisfied RSTs = 4 out of 7
[Restraints] INFO: Conformation 90 done ; Satisfied RSTs = 7 out of 7
[Restraints] INFO: Conformation 91 done ; Satisfied RSTs = 7 out of 7
[Restraints] INFO: Conformation 92 done ; Satisfied RSTs = 7 out of 7
[Restraints] INFO: Conformation 93 done ; Satisfied RSTs = 7 out of 7
[Restraints] INFO: Conformation 94 done ; Satisfied RSTs = 7 out of 7
[Restraints] INFO: Conformation 95 done ; Satisfied RSTs = 7 out of 7
[Restraints] INFO: Conformation 96 done ; Satisfied RSTs = 7 out of 7
[Restraints] INFO: Conformation 97 done ; Satisfied RSTs = 7 out of 7
[Restraints] INFO: Conformation 98 done ; Satisfied RSTs = 7 out of 7
[Restraints] INFO: Conformation 99 done ; Satisfied RSTs = 7 out of 7
[Restraints] INFO: Conformation 100 done ; Satisfied RSTs = 7 out of 7
[Restraints] INFO: Conformation 101 done ; Satisfied RSTs = 6 out of 7
[Restraints] INFO: Conformation 102 done ; Satisfied RSTs = 7 out of 7
[Restraints] INFO: Conformation 103 done ; Satisfied RSTs = 7 out of 7
[Restraints] INFO: Conformation 104 done ; Satisfied RSTs = 7 out of 7
[Restraints] INFO: Conformation 105 done ; Satisfied RSTs = 7 out of 7
[Restraints] INFO: Conformation 106 done ; Satisfied RSTs = 7 out of 7
[Restraints] INFO: Conformation 107 done ; Satisfied RSTs = 7 out of 7
[Restraints] INFO: Conformation 108 done ; Satisfied RSTs = 7 out of 7
[Restraints] INFO: Conformation 109 done ; Satisfied RSTs = 7 out of 7
[Restraints] INFO: Conformation 110 done ; Satisfied RSTs = 7 out of 7
[Restraints] INFO: Conformation 111 done ; Satisfied RSTs = 7 out of 7
[Restraints] INFO: Conformation 112 done ; Satisfied RSTs = 7 out of 7
[Restraints] INFO: Conformation 113 done ; Satisfied RSTs = 7 out of 7
[Restraints] INFO: Conformation 114 done ; Satisfied RSTs = 7 out of 7
[Restraints] INFO: Conformation 115 done ; Satisfied RSTs = 7 out of 7
[Restraints] INFO: Conformation 116 done ; Satisfied RSTs = 7 out of 7
[Restraints] INFO: Conformation 117 done ; Satisfied RSTs = 6 out of 7
[Restraints] INFO: Conformation 118 done ; Satisfied RSTs = 7 out of 7
[Restraints] INFO: Conformation 119 done ; Satisfied RSTs = 7 out of 7
[Restraints] INFO: Conformation 120 done ; Satisfied RSTs = 7 out of 7
[Restraints] INFO: Conformation 121 done ; Satisfied RSTs = 7 out of 7
[Restraints] INFO: Conformation 122 done ; Satisfied RSTs = 7 out of 7
[Restraints] INFO: Conformation 123 done ; Satisfied RSTs = 7 out of 7
[Restraints] INFO: Conformation 124 done ; Satisfied RSTs = 7 out of 7
[Restraints] INFO: Conformation 125 done ; Satisfied RSTs = 7 out of 7
[Restraints] INFO: Conformation 126 done ; Satisfied RSTs = 7 out of 7
[Restraints] INFO: Conformation 127 done ; Satisfied RSTs = 7 out of 7
[Restraints] INFO: Conformation 128 done ; Satisfied RSTs = 7 out of 7
[Restraints] INFO: Conformation 129 done ; Satisfied RSTs = 6 out of 7
[Restraints] INFO: Conformation 130 done ; Satisfied RSTs = 7 out of 7
[Restraints] INFO: Conformation 131 done ; Satisfied RSTs = 7 out of 7
[Restraints] INFO: Conformation 132 done ; Satisfied RSTs = 7 out of 7
[Restraints] INFO: Conformation 133 done ; Satisfied RSTs = 7 out of 7
[Restraints] INFO: Conformation 134 done ; Satisfied RSTs = 4 out of 7
[Restraints] INFO: Conformation 135 done ; Satisfied RSTs = 7 out of 7
[Restraints] INFO: Conformation 136 done ; Satisfied RSTs = 7 out of 7
[Restraints] INFO: Conformation 137 done ; Satisfied RSTs = 7 out of 7
[Restraints] INFO: Conformation 138 done ; Satisfied RSTs = 7 out of 7
[Restraints] INFO: Conformation 139 done ; Satisfied RSTs = 7 out of 7
[Restraints] INFO: Conformation 140 done ; Satisfied RSTs = 4 out of 7
[Restraints] INFO: Conformation 141 done ; Satisfied RSTs = 7 out of 7
[Restraints] INFO: Conformation 142 done ; Satisfied RSTs = 7 out of 7
[Restraints] INFO: Conformation 143 done ; Satisfied RSTs = 7 out of 7
[Restraints] INFO: Conformation 144 done ; Satisfied RSTs = 7 out of 7
[Restraints] INFO: Conformation 145 done ; Satisfied RSTs = 7 out of 7
[Restraints] INFO: Conformation 146 done ; Satisfied RSTs = 7 out of 7
[Restraints] INFO: Conformation 147 done ; Satisfied RSTs = 7 out of 7
[Restraints] INFO: Conformation 148 done ; Satisfied RSTs = 7 out of 7
[Restraints] INFO: Conformation 149 done ; Satisfied RSTs = 7 out of 7
[Restraints] INFO: Conformation 150 done ; Satisfied RSTs = 7 out of 7
[Restraints] INFO: Conformation 151 done ; Satisfied RSTs = 7 out of 7
[Restraints] INFO: Conformation 152 done ; Satisfied RSTs = 7 out of 7
[Restraints] INFO: Conformation 153 done ; Satisfied RSTs = 4 out of 7
[Restraints] INFO: Conformation 154 done ; Satisfied RSTs = 7 out of 7
[Restraints] INFO: Conformation 155 done ; Satisfied RSTs = 7 out of 7
[Restraints] INFO: Conformation 156 done ; Satisfied RSTs = 5 out of 7
[Restraints] INFO: Conformation 157 done ; Satisfied RSTs = 7 out of 7
[Restraints] INFO: Conformation 158 done ; Satisfied RSTs = 7 out of 7
[Restraints] INFO: Conformation 159 done ; Satisfied RSTs = 7 out of 7
[Restraints] INFO: Conformation 160 done ; Satisfied RSTs = 4 out of 7
[Restraints] INFO: Conformation 161 done ; Satisfied RSTs = 7 out of 7
[Restraints] INFO: Conformation 162 done ; Satisfied RSTs = 4 out of 7
[Restraints] INFO: Conformation 163 done ; Satisfied RSTs = 7 out of 7
[Restraints] INFO: Conformation 164 done ; Satisfied RSTs = 4 out of 7
[Restraints] INFO: Conformation 165 done ; Satisfied RSTs = 7 out of 7
[Restraints] INFO: Conformation 166 done ; Satisfied RSTs = 7 out of 7
[Restraints] INFO: Conformation 167 done ; Satisfied RSTs = 7 out of 7
[Restraints] INFO: Conformation 168 done ; Satisfied RSTs = 7 out of 7
[Restraints] INFO: Conformation 169 done ; Satisfied RSTs = 7 out of 7
[Restraints] INFO: Conformation 170 done ; Satisfied RSTs = 4 out of 7
[Restraints] INFO: Conformation 171 done ; Satisfied RSTs = 7 out of 7
[Restraints] INFO: Conformation 172 done ; Satisfied RSTs = 5 out of 7
[Restraints] INFO: Conformation 173 done ; Satisfied RSTs = 7 out of 7
[Restraints] INFO: Conformation 174 done ; Satisfied RSTs = 7 out of 7
[Restraints] INFO: Conformation 175 done ; Satisfied RSTs = 4 out of 7
[Restraints] INFO: Conformation 176 done ; Satisfied RSTs = 7 out of 7
[Restraints] INFO: Conformation 177 done ; Satisfied RSTs = 7 out of 7
[Restraints] INFO: Conformation 178 done ; Satisfied RSTs = 7 out of 7
[Restraints] INFO: Conformation 179 done ; Satisfied RSTs = 6 out of 7
[Restraints] INFO: Conformation 180 done ; Satisfied RSTs = 7 out of 7
[Restraints] INFO: Conformation 181 done ; Satisfied RSTs = 7 out of 7
[Restraints] INFO: Conformation 182 done ; Satisfied RSTs = 7 out of 7
[Restraints] INFO: Conformation 183 done ; Satisfied RSTs = 7 out of 7
[Restraints] INFO: Conformation 184 done ; Satisfied RSTs = 7 out of 7
[Restraints] INFO: Conformation 185 done ; Satisfied RSTs = 7 out of 7
[Restraints] INFO: Conformation 186 done ; Satisfied RSTs = 7 out of 7
[Restraints] INFO: Conformation 187 done ; Satisfied RSTs = 7 out of 7
[Restraints] INFO: Conformation 188 done ; Satisfied RSTs = 6 out of 7
[Restraints] INFO: Conformation 189 done ; Satisfied RSTs = 7 out of 7
[Restraints] INFO: Conformation 190 done ; Satisfied RSTs = 6 out of 7
[Restraints] INFO: Conformation 191 done ; Satisfied RSTs = 7 out of 7
[Restraints] INFO: Conformation 192 done ; Satisfied RSTs = 7 out of 7
[Restraints] INFO: Conformation 193 done ; Satisfied RSTs = 7 out of 7
[Restraints] INFO: Conformation 194 done ; Satisfied RSTs = 7 out of 7
[Restraints] INFO: Conformation 195 done ; Satisfied RSTs = 7 out of 7
[Restraints] INFO: Conformation 196 done ; Satisfied RSTs = 7 out of 7
[Restraints] INFO: Conformation 197 done ; Satisfied RSTs = 7 out of 7
[Restraints] INFO: Conformation 198 done ; Satisfied RSTs = 7 out of 7
[Restraints] INFO: Conformation 199 done ; Satisfied RSTs = 7 out of 7
[Restraints] INFO: Conformation 200 done ; Satisfied RSTs = 6 out of 7
[pyDock3] INFO: pyDock FINISHED!
