90	1.2
0.000000	0.000000	0.000000
1BRS_r.pdb	29.181	46.629	38.264
1BRS_l.pdb	92.222	58.045	3.191
1.832596	1.977582	0.969896	77	1	14	17.32
-2.094395	1.904882	-1.478089	81	2	14	16.82
-2.356194	2.104282	-0.813972	87	85	17	16.70
1.047198	2.108018	1.311430	81	88	17	15.96
0.785398	1.134497	-1.109631	79	1	12	15.78
1.047198	1.599406	1.426070	78	0	14	15.42
-1.570796	1.606104	-0.451151	85	85	16	15.22
0.261799	2.863997	0.549740	1	84	20	15.18
1.832596	0.203748	0.590255	80	0	15	15.12
-0.261799	2.984978	1.954446	87	86	19	14.90
2.617994	2.719179	-1.780644	79	1	17	14.62
-3.141593	0.290380	-0.796960	79	1	14	14.60
-1.308997	1.184361	0.625864	87	87	17	14.60
1.047198	0.733948	3.021411	82	3	16	14.54
-1.047198	1.045978	0.343692	89	85	18	14.52
2.094395	1.450119	-2.739050	76	8	83	14.34
-2.617994	2.299159	2.264663	14	87	17	14.22
1.047198	2.295480	1.008277	84	87	18	14.20
0.000000	2.760637	2.781135	80	2	15	14.20
1.308997	0.709924	0.218797	82	2	16	14.18
-2.356194	0.733948	3.021411	82	11	79	14.14
-1.832596	1.606104	-0.451151	83	84	15	14.14
-2.617994	1.836682	-0.676006	1	83	18	14.12
0.000000	2.379497	0.561089	16	6	15	14.12
-2.879793	0.866395	-2.492918	83	14	80	14.10
0.523599	0.297065	2.160177	79	88	13	14.04
-2.356194	1.184361	0.625864	81	0	14	14.00
-2.879793	1.909857	-0.381669	81	85	16	13.86
0.261799	2.295480	1.008277	13	6	18	13.86
1.047198	2.664082	-1.071402	79	1	16	13.78
-2.879793	1.506530	1.988858	13	73	0	13.76
1.570796	1.977582	0.969896	76	1	14	13.76
1.047198	1.977582	0.969896	83	88	18	13.76
2.356194	1.113094	-0.272241	81	88	15	13.74
2.879793	1.554776	0.100351	78	9	83	13.72
-2.094395	1.367556	0.358405	79	89	13	13.66
1.832596	2.104282	-0.813972	81	87	17	13.64
0.000000	1.977582	0.969896	80	1	16	13.64
0.261799	1.168678	2.108595	84	86	16	13.54
-2.617994	2.343981	-1.040456	84	86	17	13.52
2.094395	2.588535	-2.976617	78	0	15	13.52
-0.523599	2.393226	1.857173	79	11	85	13.46
-2.617994	0.290380	-0.796960	75	0	10	13.44
0.000000	2.115563	0.685730	82	0	17	13.42
-2.617994	1.510910	-0.740472	2	81	17	13.40
1.832596	1.875281	0.107086	72	2	7	13.40
0.261799	2.115563	0.685730	76	7	11	13.38
-3.141593	1.721184	-0.153948	85	85	18	13.36
0.785398	2.704512	1.488683	87	86	20	13.36
-0.523599	2.984978	1.954446	79	0	16	13.36
-1.308997	1.367556	0.358405	87	85	18	13.34
-1.570796	1.417623	-0.202254	86	84	16	13.32
-2.879793	0.906588	1.252948	87	88	17	13.30
0.261799	1.413347	-1.339188	85	81	17	13.30
0.523599	2.592629	0.909713	89	86	20	13.28
-0.261799	1.440580	2.260026	82	89	15	13.28
0.261799	2.592629	0.909713	15	5	16	13.24
2.617994	1.113094	-0.272241	82	85	16	13.22
1.047198	1.809167	1.213774	79	0	15	13.22
-2.356194	1.335669	0.897240	88	87	18	13.14
1.570796	1.617114	-1.572037	77	11	82	13.14
1.570796	0.685216	-1.712745	81	1	16	13.14
1.047198	1.872854	1.543456	78	88	15	13.12
2.879793	1.721184	-0.153948	84	86	18	13.10
0.000000	1.440580	2.260026	82	87	15	13.10
-2.356194	0.674054	1.013609	20	0	8	13.08
1.308997	0.203748	0.590255	82	0	15	13.08
1.047198	0.709924	0.218797	82	2	16	13.08
0.785398	2.164094	-2.991358	79	13	82	13.04
1.570796	1.809167	1.213774	77	87	14	13.02
-1.308997	1.214854	-1.966664	76	3	77	13.02
-0.785398	1.812176	0.656819	85	86	19	13.02
1.832596	2.588535	-2.976617	77	2	15	13.00
0.785398	2.295480	1.008277	83	88	17	13.00
-3.141593	2.187132	-0.479875	82	87	16	12.96
0.785398	2.108018	1.311430	82	89	17	12.94
0.785398	1.554776	0.100351	79	3	14	12.94
1.832596	2.579248	-2.364801	76	5	15	12.92
1.308997	1.617114	-1.572037	79	13	82	12.90
-1.047198	1.367556	0.358405	86	84	18	12.90
0.523599	2.295480	1.008277	14	7	17	12.90
0.000000	0.591903	2.010408	84	89	17	12.90
0.523599	1.440580	2.260026	85	83	16	12.88
-2.356194	2.041297	-2.664597	11	70	89	12.86
-3.141593	0.929350	-2.910676	17	0	4	12.84
1.308997	1.872854	1.543456	74	7	11	12.82
-0.261799	2.478122	2.609777	79	3	15	12.82
-2.617994	1.872854	1.543456	19	89	11	12.80
1.570796	2.478122	2.609777	78	2	16	12.80
-0.785398	1.977582	0.969896	71	85	4	12.80
-3.141593	1.870545	-2.976234	17	89	7	12.78
0.785398	1.256302	0.062705	79	3	13	12.78
-2.356194	2.587733	0.232235	85	87	19	12.76
2.356194	1.450119	-2.739050	75	5	82	12.76
1.047198	2.637879	2.121598	83	87	19	12.74
-2.094395	1.617114	-1.572037	81	2	16	12.72
1.570796	1.662363	0.915448	75	89	12	12.72
-0.261799	2.115563	0.685730	83	89	17	12.72
2.094395	2.108018	1.311430	78	88	15	12.70
2.617994	2.343981	-1.040456	80	89	17	12.68
-0.523599	1.014500	0.906702	72	1	2	12.68
2.879793	2.393226	1.857173	8	84	19	12.66
1.832596	2.356369	3.005869	77	0	14	12.66
-1.832596	0.419640	2.974122	84	18	82	12.66
-1.308997	1.721184	-0.153948	82	87	15	12.66
-2.879793	2.343981	-1.040456	82	88	17	12.64
2.879793	1.683268	0.374177	2	85	20	12.64
-2.356194	0.866955	-0.931351	78	5	15	12.64
-2.094395	1.335669	0.897240	79	1	13	12.64
-1.832596	2.863997	0.549740	0	85	20	12.64
1.832596	1.872854	1.543456	82	89	18	12.64
-1.308997	1.301460	-0.509251	17	86	13	12.64
-0.523599	2.104282	-0.813972	88	88	19	12.64
0.261799	1.367556	0.358405	81	2	14	12.64
2.879793	2.456751	-1.503343	78	0	16	12.62
-2.879793	1.555207	1.708892	13	73	2	12.62
-1.308997	1.982574	-1.115518	19	87	10	12.62
1.832596	0.458961	-0.107937	83	1	16	12.60
-1.308997	1.504028	0.636812	84	87	17	12.60
0.785398	1.977582	0.969896	82	0	17	12.58
0.261799	2.001437	0.381215	77	6	13	12.58
2.879793	1.433411	-1.035986	78	0	13	12.54
1.047198	2.984978	1.954446	88	85	21	12.54
-0.785398	2.247462	0.191623	75	5	7	12.54
1.308997	1.184361	0.625864	68	86	1	12.52
-0.785398	1.998705	2.370472	80	1	14	12.52
-1.832596	2.180315	-1.357379	83	1	15	12.50
2.356194	2.587733	0.232235	86	86	20	12.48
2.356194	1.872854	1.543456	86	85	19	12.48
-1.832596	1.982574	-1.115518	77	3	11	12.48
-1.832596	1.836682	-0.676006	4	83	19	12.48
-0.261799	1.247695	1.809890	80	14	82	12.48
0.000000	1.875281	0.107086	7	84	19	12.48
0.261799	1.617114	-1.572037	86	80	16	12.44
2.879793	2.104282	-0.813972	81	88	16	12.42
2.617994	1.504028	0.636812	16	89	10	12.40
1.832596	1.168678	2.108595	83	83	15	12.40
-1.047198	2.637879	2.121598	81	1	16	12.40
0.261799	1.683268	0.374177	77	7	12	12.40
2.356194	0.866395	-2.492918	73	1	5	12.38
2.094395	2.579248	-2.364801	76	2	15	12.38
-1.047198	1.812176	0.656819	78	2	13	12.38
0.785398	0.674054	1.013609	69	89	5	12.38
2.094395	2.187132	-0.479875	83	85	18	12.36
1.570796	1.194549	-0.801900	2	84	17	12.34
-1.047198	2.592629	0.909713	83	85	18	12.34
0.261799	2.180315	-1.357379	12	86	14	12.34
0.261799	2.104282	-0.813972	82	0	17	12.34
1.047198	2.863997	0.549740	14	89	18	12.32
0.523599	1.168678	2.108595	85	84	16	12.32
0.261799	2.379497	0.561089	16	8	15	12.32
-2.879793	2.174483	2.653697	82	89	17	12.30
-2.094395	1.696674	-1.253233	82	3	16	12.30
1.570796	1.045978	0.343692	68	85	0	12.30
0.000000	1.184361	0.625864	79	5	13	12.30
-3.141593	1.569311	-3.003978	17	89	6	12.28
-2.617994	2.073035	2.027405	14	86	17	12.28
-1.047198	1.504028	0.636812	84	86	17	12.28
-1.570796	1.982574	-1.115518	84	1	16	12.26
1.308997	1.977582	0.969896	79	89	15	12.26
-0.785398	2.393226	1.857173	81	14	85	12.26
-0.785398	1.683268	0.374177	16	81	4	12.26
2.356194	2.719179	-1.780644	68	88	1	12.24
-1.832596	1.488617	1.159546	85	0	18	12.24
-1.047198	1.301460	-0.509251	18	88	12	12.24
0.785398	2.760637	2.781135	84	85	19	12.24
0.523599	0.418037	1.360082	83	89	16	12.24
-0.261799	2.299159	2.264663	78	3	15	12.24
2.094395	1.135813	-2.658866	77	9	81	12.22
-1.047198	2.587733	0.232235	83	84	18	12.22
0.523599	1.247695	1.809890	7	81	16	12.22
-3.141593	0.906588	1.252948	85	87	17	12.20
-2.094395	2.587733	0.232235	84	85	19	12.20
-2.617994	1.014500	0.906702	83	89	16	12.18
0.523599	1.662363	0.915448	83	89	18	12.18
0.000000	1.168678	2.108595	84	88	16	12.18
-2.617994	1.870545	-2.976234	78	4	14	12.16
-2.617994	1.506530	1.988858	15	75	1	12.16
2.094395	1.214854	-1.966664	81	13	80	12.16
-1.570796	2.073035	2.027405	83	86	16	12.16
-1.570796	1.301460	-0.509251	20	84	85	12.16
-1.047198	1.417623	-0.202254	85	86	16	12.16
0.785398	1.014500	0.906702	79	12	77	12.16
-2.879793	1.050534	3.042579	18	1	7	12.14
-1.832596	1.696674	-1.253233	82	1	16	12.14
-1.047198	1.014500	0.906702	2	87	20	12.14
0.785398	0.418037	1.360082	84	87	16	12.14
-0.523599	2.404280	-0.174044	81	4	17	12.14
0.523599	2.379497	0.561089	85	89	19	12.14
-0.261799	0.203748	0.590255	16	84	0	12.14
-2.879793	1.732874	-0.951685	88	82	17	12.12
-2.617994	2.863997	0.549740	76	2	13	12.12
2.617994	1.256302	0.062705	85	84	18	12.12
-1.570796	1.367556	0.358405	77	89	11	12.12
0.523599	2.138223	1.678323	13	84	11	12.12
-2.617994	0.685216	-1.712745	77	6	12	12.10
1.570796	1.184361	0.625864	68	82	2	12.10
-1.308997	1.448123	-2.163292	78	5	76	12.10
1.047198	0.203748	0.590255	80	2	13	12.10
0.785398	0.496451	0.593859	81	3	14	12.10
0.000000	2.478122	2.609777	80	2	16	12.10
2.356194	1.569311	-3.003978	81	13	84	12.08
2.094395	1.872854	1.543456	84	87	19	12.08
0.785398	0.899350	-2.069907	84	18	81	12.08
0.000000	0.615174	-0.666022	82	84	19	12.08
2.617994	2.456751	-1.503343	78	2	16	12.06
-1.832596	1.045978	0.343692	78	1	13	12.06
1.832596	0.618092	2.539118	79	79	70	12.06
-2.617994	1.696674	-1.253233	85	66	89	12.04
-2.879793	2.664082	-1.071402	76	89	13	12.02
-2.879793	2.299159	2.264663	12	84	17	12.02
2.617994	1.417623	-0.202254	84	86	18	12.02
2.356194	2.637879	2.121598	8	69	5	12.02
1.308997	2.637879	2.121598	13	84	13	12.02
-0.785398	0.419640	2.974122	75	73	5	12.02
0.000000	1.554776	0.100351	78	5	12	12.02
0.000000	1.413347	-1.339188	80	86	71	12.02
-2.879793	0.571433	-1.188419	78	4	14	12.00
-2.617994	1.766067	2.153843	15	75	3	12.00
-2.617994	1.504028	0.636812	71	86	5	12.00
-1.832596	1.732874	-0.951685	78	4	13	12.00
-1.308997	0.080730	-2.622036	79	1	13	12.00
0.785398	0.960688	-0.577532	83	84	15	12.00
2.617994	2.104282	-0.813972	79	89	16	11.98
-1.570796	2.104282	-0.813972	17	85	13	11.98
-1.047198	1.194549	-0.801900	18	87	10	11.98
-0.261799	1.732874	-0.951685	9	86	17	11.98
0.000000	1.504028	0.636812	81	1	15	11.98
-2.879793	1.433411	-1.035986	88	83	17	11.96
2.356194	1.374601	-2.456031	74	5	84	11.96
1.308997	0.419640	2.974122	80	81	69	11.96
0.261799	2.108018	1.311430	13	85	12	11.96
-2.617994	0.379747	-1.713059	78	5	14	11.94
-2.094395	2.180315	-1.357379	80	2	14	11.94
1.308997	1.809167	1.213774	77	88	13	11.94
2.879793	1.875281	0.107086	86	84	19	11.92
-2.879793	1.696674	-1.253233	73	5	2	11.92
2.617994	2.664082	-1.071402	78	11	82	11.92
2.617994	2.356369	3.005869	15	80	8	11.92
-2.617994	0.866955	-0.931351	78	8	15	11.92
2.094395	1.809167	1.213774	78	89	15	11.92
-1.832596	1.574060	2.783565	80	13	84	11.92
-3.141593	0.618092	2.539118	7	86	17	11.90
-2.617994	2.349581	-2.702517	20	3	7	11.90
-2.617994	0.700570	1.559208	0	87	18	11.90
2.356194	1.809167	1.213774	89	84	19	11.90
-2.356194	1.662363	0.915448	13	76	10	11.90
-2.094395	1.194549	-0.801900	88	82	16	11.90
1.832596	2.478122	2.609777	13	85	12	11.90
1.832596	1.662363	0.915448	74	88	12	11.90
-1.832596	1.335669	0.897240	83	89	17	11.90
1.047198	0.762244	-0.273349	77	12	80	11.90
0.523599	2.343981	-1.040456	10	84	16	11.90
-2.879793	1.721184	-0.153948	83	84	18	11.88
2.356194	1.948085	-2.363031	81	10	80	11.88
1.308997	2.180315	-1.357379	79	2	17	11.88
-1.308997	1.554776	0.100351	20	88	6	11.88
-1.308997	1.195355	1.200319	0	89	20	11.88
1.308997	1.134497	-1.109631	84	87	15	11.88
0.000000	1.998705	2.370472	75	5	76	11.88
2.879793	0.640596	-2.797608	17	84	86	11.86
-2.617994	1.824694	1.850876	86	83	16	11.86
1.570796	1.683268	0.374177	12	85	15	11.86
0.523599	1.872854	1.543456	75	4	12	11.86
0.261799	1.909857	-0.381669	80	2	16	11.86
2.879793	2.407836	1.410646	18	6	16	11.84
2.094395	2.356369	3.005869	14	84	8	11.84
-1.308997	2.881233	-2.582574	21	9	6	11.84
2.879793	1.699788	2.452890	79	89	15	11.82
2.617994	1.658653	-2.409879	80	9	80	11.82
-2.617994	1.617114	-1.572037	85	88	18	11.82
-2.617994	0.418037	1.360082	20	1	6	11.82
-2.094395	1.846342	-1.796954	80	2	15	11.82
0.261799	0.203748	0.590255	75	2	73	11.82
0.000000	2.073035	2.027405	81	89	17	11.82
1.047198	2.455966	-0.641220	10	84	16	11.80
-0.785398	0.080730	-2.622036	75	89	10	11.80
0.261799	2.456751	-1.503343	14	85	12	11.80
0.261799	1.732874	-0.951685	72	3	4	11.80
2.617994	1.218453	2.777284	8	85	16	11.78
-2.617994	0.899350	-2.069907	2	82	67	11.78
-0.785398	1.569311	-3.003978	13	88	15	11.78
0.785398	1.135813	-2.658866	82	87	17	11.78
0.523599	0.370812	-2.547742	15	83	6	11.78
-2.356194	1.870545	-2.976234	14	73	88	11.76
-2.356194	1.732874	-0.951685	75	8	10	11.76
2.356194	1.194549	-0.801900	3	83	18	11.76
2.094395	2.138223	1.678323	85	87	20	11.76
-1.570796	1.450119	-2.739050	80	12	81	11.76
1.047198	1.448123	-2.163292	77	12	83	11.76
-0.785398	0.850607	-1.335383	8	85	18	11.76
-0.785398	0.297065	2.160177	72	79	7	11.76
-3.141593	1.433411	-1.035986	86	83	16	11.74
2.094395	2.379497	0.561089	77	89	15	11.74
1.832596	0.733948	3.021411	16	86	12	11.74
1.308997	2.704512	1.488683	83	76	17	11.74
-1.308997	1.413430	2.550734	16	17	89	11.74
-0.523599	0.591903	2.010408	72	77	5	11.74
-0.261799	2.664082	-1.071402	85	85	19	11.74
0.000000	1.904882	-1.478089	13	87	13	11.74
-3.141593	2.164094	-2.991358	17	0	9	11.72
2.617994	1.374601	-2.456031	12	78	78	11.72
-2.094395	2.073035	2.027405	16	84	14	11.72
-0.785398	0.914445	2.687814	78	5	72	11.72
0.000000	2.664082	-1.071402	84	88	18	11.72
-3.141593	1.696674	-1.253233	12	82	13	11.70
1.832596	1.809167	1.213774	76	0	12	11.70
-1.570796	0.906588	1.252948	3	87	19	11.70
-1.308997	2.104282	-0.813972	18	87	12	11.70
-0.785398	1.135813	-2.658866	69	84	87	11.70
0.523599	2.104282	-0.813972	14	79	6	11.70
-2.617994	1.948085	-2.363031	75	72	2	11.68
2.617994	1.824694	1.850876	5	82	18	11.68
2.094395	2.760637	2.781135	15	85	10	11.68
-2.094395	2.164094	-2.991358	20	86	6	11.68
2.094395	1.869911	2.701025	83	85	18	11.68
-2.094395	1.766067	2.153843	85	83	16	11.68
-2.094395	1.504028	0.636812	83	85	18	11.68
-1.832596	1.367556	0.358405	85	80	18	11.68
-0.523599	1.824694	1.850876	86	85	18	11.68
2.879793	2.343981	-1.040456	82	88	17	11.66
-2.617994	2.664082	-1.071402	82	88	18	11.66
-1.832596	1.194549	-0.801900	79	4	15	11.66
1.832596	1.135813	-2.658866	89	69	85	11.66
-1.570796	1.554776	0.100351	19	84	6	11.66
0.000000	1.367556	0.358405	80	5	14	11.66
-2.879793	0.961715	0.014085	84	82	18	11.64
-2.094395	2.343981	-1.040456	75	69	86	11.64
2.094395	1.242974	-2.977882	0	68	89	11.64
1.570796	1.113094	-0.272241	4	84	17	11.64
-1.308997	1.417623	-0.202254	88	84	17	11.64
0.261799	1.836682	-0.676006	82	1	17	11.64
-2.617994	2.164094	-2.991358	10	70	0	11.62
-2.356194	1.014500	0.906702	83	89	16	11.62
-2.094395	1.756530	-2.105156	87	86	18	11.62
0.785398	2.588535	-2.976617	74	4	11	11.62
-0.261799	1.504028	0.636812	17	88	5	11.62
0.785398	2.664082	-1.071402	13	85	14	11.60
-0.785398	1.555207	1.708892	83	15	84	11.60
-0.785398	1.417623	-0.202254	88	83	17	11.60
0.785398	0.831641	0.616218	73	6	7	11.60
-0.261799	2.379497	0.561089	16	4	15	11.60
-0.261799	1.506530	1.988858	81	15	83	11.60
-3.141593	2.343981	-1.040456	80	0	17	11.58
-3.141593	0.203748	0.590255	17	86	2	11.58
2.879793	1.836682	-0.676006	80	86	15	11.58
-2.094395	1.506530	1.988858	1	18	84	11.58
-0.785398	1.335669	0.897240	89	86	21	11.58
0.261799	1.391910	3.030322	80	3	14	11.58
0.261799	0.297065	2.160177	87	84	19	11.58
-2.617994	2.187132	-0.479875	79	86	15	11.56
-2.617994	1.555207	1.708892	15	75	2	11.56
2.094395	0.290380	-0.796960	79	0	68	11.56
1.308997	1.599406	1.426070	79	88	15	11.56
-1.308997	0.906588	1.252948	3	88	20	11.56
-2.617994	2.033014	2.977192	12	71	1	11.54
2.617994	1.194549	-0.801900	81	86	15	11.54
2.094395	1.413430	2.550734	78	9	81	11.54
-1.047198	1.606104	-0.451151	85	84	16	11.54
1.047198	0.496451	0.593859	81	1	15	11.54
-0.785398	1.662363	0.915448	83	12	80	11.54
0.523599	1.135813	-2.658866	82	87	17	11.54
-0.523599	0.864993	2.278281	76	6	75	11.54
2.879793	1.909857	-0.381669	83	87	17	11.52
-2.356194	2.138223	1.678323	14	82	15	11.52
2.356194	1.391910	3.030322	77	1	14	11.52
-2.094395	1.413347	-1.339188	81	2	17	11.52
1.832596	0.866955	-0.931351	81	89	15	11.52
-1.570796	1.335669	0.897240	85	89	18	11.52
1.570796	0.961715	0.014085	3	84	17	11.52
1.308997	2.664082	-1.071402	80	0	17	11.52
1.308997	2.299159	2.264663	14	85	10	11.52
-1.308997	2.108018	1.311430	78	2	16	11.52
-1.308997	1.606104	-0.451151	84	86	16	11.52
1.047198	2.478122	2.609777	78	1	17	11.52
-0.261799	1.696674	-1.253233	11	86	15	11.52
2.617994	1.242974	-2.977882	81	14	85	11.50
2.094395	2.455966	-0.641220	84	87	18	11.50
-1.832596	1.025536	1.576859	19	4	13	11.50
-1.308997	2.247462	0.191623	80	2	18	11.50
1.047198	1.256302	0.062705	79	1	13	11.50
0.785398	1.335669	0.897240	78	13	81	11.50
-2.879793	1.014500	0.906702	12	83	17	11.48
-2.617994	0.866395	-2.492918	80	1	18	11.48
2.094395	1.374601	-2.456031	75	9	83	11.48
-1.047198	1.413430	2.550734	14	20	89	11.48
-0.785398	2.174483	2.653697	78	3	12	11.48
0.523599	1.809167	1.213774	73	7	7	11.48
0.261799	0.700570	1.559208	85	88	17	11.48
2.617994	2.108018	1.311430	1	84	21	11.46
-2.094395	2.455966	-0.641220	71	72	89	11.46
2.094395	1.732874	-0.951685	74	7	10	11.46
-1.570796	1.510910	-0.740472	86	83	16	11.46
1.308997	2.379497	0.561089	86	85	20	11.46
0.785398	1.050534	3.042579	82	4	16	11.46
0.000000	0.379747	-1.713059	75	74	88	11.46
2.356194	2.251330	-2.330739	79	9	81	11.44
1.570796	1.301460	-0.509251	4	84	16	11.44
-1.570796	0.961715	0.014085	21	0	1	11.44
1.308997	1.756530	-2.105156	78	10	78	11.44
0.785398	0.709924	0.218797	77	5	11	11.44
-0.523599	1.195355	1.200319	75	9	6	11.44
0.000000	1.247695	1.809890	77	11	82	11.44
-3.141593	1.510910	-0.740472	75	0	10	11.42
2.879793	2.704512	1.488683	18	7	15	11.42
-2.879793	1.948085	-2.363031	72	75	2	11.42
-2.356194	2.456751	-1.503343	77	69	83	11.42
2.356194	1.256302	0.062705	84	85	18	11.42
-2.356194	0.929350	-2.910676	16	15	0	11.42
-2.094395	1.732874	-0.951685	86	85	17	11.42
2.094395	0.929350	-2.910676	1	69	88	11.42
1.308997	0.685216	-1.712745	79	2	16	11.42
-0.523599	2.719179	-1.780644	21	8	4	11.42
0.000000	2.295480	1.008277	80	88	17	11.42
-3.141593	1.909857	-0.381669	82	86	16	11.40
2.879793	2.588535	-2.976617	15	80	7	11.40
2.617994	2.001437	0.381215	16	85	6	11.40
-2.617994	1.433411	-1.035986	85	66	89	11.40
2.617994	0.910508	1.903534	0	85	17	11.40
-2.617994	0.864993	2.278281	13	86	14	11.40
-2.617994	0.618092	2.539118	15	89	12	11.40
-2.617994	0.591903	2.010408	4	87	19	11.40
2.094395	2.719179	-1.780644	77	6	17	11.40
-1.570796	1.766067	2.153843	82	16	86	11.40
0.785398	1.417623	-0.202254	84	89	17	11.40
2.879793	1.301460	-0.509251	79	86	14	11.38
-2.617994	1.335669	0.897240	77	7	9	11.38
-2.356194	0.571433	-1.188419	77	6	14	11.38
2.094395	2.295480	1.008277	80	89	18	11.38
1.832596	2.455966	-0.641220	82	87	18	11.38
-1.570796	1.135813	-2.658866	74	8	2	11.38
-1.308997	2.456751	-1.503343	0	86	20	11.38
1.047198	1.050534	3.042579	83	2	16	11.38
-0.523599	2.579248	-2.364801	80	11	82	11.38
-0.523599	1.135834	-1.431087	17	11	79	11.38
0.261799	2.664082	-1.071402	83	88	18	11.38
-0.261799	1.836682	-0.676006	8	86	18	11.38
-3.141593	2.393226	1.857173	10	86	20	11.36
-3.141593	1.846342	-1.796954	72	89	2	11.36
1.832596	1.325504	-1.671296	77	0	13	11.36
-1.308997	2.379497	0.561089	10	87	19	11.36
0.523599	1.696674	-1.253233	84	88	18	11.36
0.523599	0.850607	-1.335383	3	81	71	11.36
2.879793	0.419640	2.974122	9	84	16	11.34
-2.617994	0.914445	2.687814	81	0	18	11.34
2.356194	1.301460	-0.509251	73	88	75	11.34
2.356194	0.762244	-0.273349	73	3	9	11.34
-1.570796	1.128190	-2.288622	85	69	2	11.34
-1.308997	1.325504	-1.671296	77	1	75	11.34
1.308997	0.733948	3.021411	78	83	69	11.34
1.047198	2.456751	-1.503343	76	2	14	11.34
1.047198	1.554776	0.100351	79	2	15	11.34
-0.523599	1.736875	3.023612	14	86	14	11.34
1.832596	2.174483	2.653697	13	84	11	11.32
-1.308997	2.001437	0.381215	7	71	6	11.32
1.308997	1.417623	-0.202254	85	68	85	11.32
1.308997	0.615174	-0.666022	79	15	83	11.32
-1.047198	1.554776	0.100351	16	78	1	11.32
0.785398	2.407836	1.410646	87	86	20	11.32
-0.785398	2.295480	1.008277	70	83	2	11.32
0.785398	2.247462	0.191623	5	87	21	11.32
-0.261799	2.592629	0.909713	82	85	18	11.32
-0.261799	1.909857	-0.381669	1	86	19	11.32
-0.261799	0.831641	0.616218	73	0	4	11.32
2.879793	1.417623	-0.202254	83	85	17	11.30
2.617994	2.164094	-2.991358	15	85	8	11.30
2.617994	2.115563	0.685730	16	83	3	11.30
-2.094395	0.615174	-0.666022	0	66	0	11.30
-1.832596	2.579248	-2.364801	13	82	16	11.30
1.047198	1.662363	0.915448	82	89	18	11.30
-1.047198	1.448123	-2.163292	79	6	77	11.30
-1.047198	1.310100	1.488307	79	11	84	11.30
-0.785398	1.872854	1.543456	74	9	4	11.30
0.523599	1.870545	-2.976234	79	14	82	11.30
-3.141593	2.455966	-0.641220	80	88	16	11.28
2.879793	1.741644	-2.695914	84	81	68	11.28
-2.617994	1.310100	1.488307	14	74	1	11.28
-2.617994	0.674054	1.013609	19	88	8	11.28
1.832596	1.948085	-2.363031	68	78	3	11.28
1.832596	1.683268	0.374177	13	86	14	11.28
-1.570796	2.247462	0.191623	5	70	4	11.28
-1.308997	2.407836	1.410646	76	9	82	11.28
1.308997	0.458961	-0.107937	81	5	15	11.28
-1.047198	2.379497	0.561089	7	72	7	11.28
-1.047198	1.809167	1.213774	77	7	80	11.28
-1.047198	1.134796	2.434290	80	83	16	11.28
1.047198	0.929350	-2.910676	81	1	16	11.28
-0.261799	1.391910	3.030322	77	10	78	11.28
2.879793	2.863997	0.549740	73	3	4	11.26
-2.879793	1.836682	-0.676006	88	83	18	11.26
2.617994	2.379497	0.561089	17	85	2	11.26
-2.617994	1.417623	-0.202254	85	81	18	11.26
-2.356194	1.904882	-1.478089	15	82	14	11.26
-1.570796	1.875281	0.107086	83	73	78	11.26
-1.570796	1.256302	0.062705	89	84	18	11.26
1.047198	1.440580	2.260026	68	86	2	11.26
-0.523599	2.343981	-1.040456	86	88	19	11.26
0.523599	1.504028	0.636812	15	88	15	11.26
-0.261799	1.014500	0.906702	13	88	14	11.26
-2.879793	2.164094	-2.991358	83	88	17	11.24
1.832596	1.545873	-1.877082	76	7	79	11.24
1.570796	2.664082	-1.071402	82	87	70	11.24
1.570796	2.164094	-2.991358	73	4	10	11.24
1.570796	1.168678	2.108595	76	2	12	11.24
0.000000	0.700570	1.559208	78	2	14	11.24
2.879793	2.164094	-2.991358	16	88	9	11.22
-2.879793	1.977582	0.969896	81	4	17	11.22
2.879793	1.846342	-1.796954	72	1	2	11.22
-2.617994	1.741644	-2.695914	79	4	16	11.22
1.832596	1.488617	1.159546	78	87	15	11.22
1.570796	0.850607	-1.335383	82	89	15	11.22
1.570796	0.203748	0.590255	73	2	9	11.22
-1.308997	2.587733	0.232235	6	71	5	11.22
-1.308997	2.343981	-1.040456	15	0	77	11.22
-1.047198	2.979456	-1.009304	72	4	0	11.22
0.523599	1.256302	0.062705	82	0	16	11.22
0.000000	1.683268	0.374177	85	0	19	11.22
-2.879793	2.478122	2.609777	83	89	18	11.20
2.617994	0.960688	-0.577532	81	85	16	11.20
2.356194	1.870545	-2.976234	85	17	84	11.20
2.094395	2.247462	0.191623	15	83	6	11.20
1.570796	1.909857	-0.381669	83	86	19	11.20
1.047198	2.180315	-1.357379	74	3	11	11.20
-1.047198	1.113094	-0.272241	76	89	14	11.20
1.047198	0.914445	2.687814	89	84	18	11.20
0.785398	2.979456	-1.009304	78	4	15	11.20
-0.523599	2.379497	0.561089	14	80	6	11.20
-0.523599	1.506530	1.988858	73	9	89	11.20
0.523599	0.709924	0.218797	81	8	16	11.20
-0.261799	1.335669	0.897240	77	5	12	11.20
0.261799	1.014500	0.906702	85	1	19	11.20
-3.141593	0.619654	-2.216909	12	6	73	11.18
-2.879793	2.251330	-2.330739	72	76	4	11.18
2.879793	1.870545	-2.976234	17	87	6	11.18
2.356194	1.721184	-0.153948	78	0	16	11.18
-2.356194	1.195355	1.200319	19	86	10	11.18
-1.832596	2.251330	-2.330739	19	86	9	11.18
-1.832596	2.063651	-2.044600	89	86	18	11.18
-1.570796	1.413430	2.550734	17	14	88	11.18
-1.047198	1.872854	1.543456	76	5	79	11.18
-3.141593	1.574060	2.783565	16	83	9	11.16
-3.141593	0.899350	-2.069907	11	4	72	11.16
-2.617994	1.721184	-0.153948	85	83	19	11.16
2.617994	1.683268	0.374177	15	84	7	11.16
2.617994	1.554776	0.100351	87	85	19	11.16
2.617994	0.762244	-0.273349	76	89	13	11.16
-1.832596	1.504028	0.636812	85	84	19	11.16
-1.832596	0.496451	0.593859	20	2	8	11.16
-1.570796	2.343981	-1.040456	82	1	16	11.16
-1.308997	2.719179	-1.780644	74	6	8	11.16
1.047198	0.458961	-0.107937	83	18	82	11.16
0.785398	2.115563	0.685730	84	0	19	11.16
-0.523599	2.724429	-0.348782	5	85	20	11.16
-3.141593	1.128190	-2.288622	13	2	73	11.14
-3.141593	0.961715	0.014085	82	84	17	11.14
2.617994	0.831641	0.616218	12	77	5	11.14
-2.094395	2.153910	-1.714959	79	3	13	11.14
1.570796	2.724429	-0.348782	88	87	20	11.14
1.308997	1.256302	0.062705	69	1	3	11.14
-1.308997	0.866955	-0.931351	79	2	18	11.14
-1.047198	1.135813	-2.658866	70	87	87	11.14
-0.785398	1.135834	-1.431087	8	85	17	11.14
0.523599	2.164094	-2.991358	82	69	88	11.14
-3.141593	1.025536	1.576859	88	88	18	11.12
2.879793	2.664082	-1.071402	69	88	4	11.12
2.879793	1.599406	1.426070	11	75	13	11.12
-2.617994	0.850607	-1.335383	77	8	14	11.12
-2.356194	1.617114	-1.572037	82	3	16	11.12
-2.094395	1.836682	-0.676006	69	85	88	11.12
-1.832596	2.164094	-2.991358	21	89	5	11.12
-1.832596	0.203748	0.590255	21	1	3	11.12
-1.570796	2.704512	1.488683	77	5	13	11.12
-1.570796	2.396274	-1.959260	17	84	11	11.12
-3.141593	1.417623	-0.202254	77	10	85	11.10
2.879793	0.831641	0.616218	13	83	12	11.10
2.356194	1.135813	-2.658866	76	7	81	11.10
2.356194	0.685216	-1.712745	2	88	22	11.10
2.094395	0.910508	1.903534	84	89	17	11.10
-2.094395	0.831641	0.616218	19	0	11	11.10
1.570796	2.299159	2.264663	78	2	17	11.10
1.570796	2.187132	-0.479875	79	14	86	11.10
1.570796	1.545873	-1.877082	77	9	78	11.10
1.308997	2.393226	1.857173	78	0	16	11.10
-1.308997	2.138223	1.678323	75	8	83	11.10
1.308997	0.418037	1.360082	82	87	16	11.10
1.047198	2.187132	-0.479875	1	20	87	11.10
-0.785398	0.709924	0.218797	20	10	89	11.10
0.523599	1.824694	1.850876	73	4	9	11.10
0.523599	1.045978	0.343692	78	4	12	11.10
0.261799	1.025536	1.576859	76	11	82	11.10
0.000000	0.831641	0.616218	79	7	14	11.10
-2.879793	1.617114	-1.572037	83	66	86	11.08
2.617994	1.184361	0.625864	16	82	2	11.08
-2.094395	1.510910	-0.740472	78	7	14	11.08
1.832596	0.297065	2.160177	14	82	10	11.08
-1.570796	2.587733	0.232235	8	85	20	11.08
-1.570796	2.153910	-1.714959	18	84	10	11.08
1.570796	2.115563	0.685730	89	69	0	11.08
1.308997	0.297065	2.160177	15	80	86	11.08
-0.785398	2.979456	-1.009304	6	83	19	11.08
-0.785398	1.367556	0.358405	86	84	18	11.08
0.523599	2.760637	2.781135	86	88	20	11.08
-0.261799	2.343981	-1.040456	77	5	12	11.08
0.000000	0.906588	1.252948	82	1	18	11.08
0.000000	0.685216	-1.712745	14	83	10	11.08
-3.141593	1.301460	-0.509251	76	89	12	11.06
2.617994	1.741644	-2.695914	78	2	73	11.06
-2.356194	1.824694	1.850876	19	83	6	11.06
2.094395	2.174483	2.653697	85	86	20	11.06
1.832596	1.617114	-1.572037	75	9	82	11.06
1.047198	2.138223	1.678323	80	86	17	11.06
0.785398	2.001437	0.381215	2	87	21	11.06
0.785398	0.929350	-2.910676	82	0	17	11.06
-3.141593	2.299159	2.264663	81	88	16	11.04
2.879793	1.025536	1.576859	0	87	18	11.04
-2.879793	0.418037	1.360082	20	88	5	11.04
-2.617994	0.906588	1.252948	20	0	9	11.04
-2.356194	1.391910	3.030322	79	1	72	11.04
-2.094395	2.138223	1.678323	15	83	15	11.04
-2.094395	1.413430	2.550734	75	0	14	11.04
2.094395	0.203748	0.590255	80	89	15	11.04
-1.570796	2.180315	-1.357379	83	89	15	11.04
-1.308997	1.391910	3.030322	72	4	3	11.04
1.047198	2.349581	-2.702517	78	14	84	11.04
1.047198	1.128190	-2.288622	77	12	80	11.04
0.785398	2.379497	0.561089	87	88	20	11.04
0.785398	1.721184	-0.153948	16	1	14	11.04
-0.785398	1.504028	0.636812	82	13	82	11.04
0.785398	1.433411	-1.035986	76	6	12	11.04
0.523599	1.134497	-1.109631	2	21	82	11.04
-0.523599	0.618092	2.539118	75	2	73	11.04
-0.261799	2.760637	2.781135	75	12	84	11.04
0.261799	1.506530	1.988858	82	15	79	11.04
-0.261799	0.419640	2.974122	74	1	9	11.04
-2.879793	1.195355	1.200319	0	86	20	11.02
-2.879793	1.135834	-1.431087	72	5	2	11.02
2.617994	1.506530	1.988858	89	66	89	11.02
2.356194	1.433411	-1.035986	72	4	7	11.02
2.356194	0.906588	1.252948	16	3	13	11.02
1.570796	2.881233	-2.582574	83	89	20	11.02
1.570796	1.824694	1.850876	87	81	17	11.02
1.570796	1.510910	-0.740472	74	5	76	11.02
1.570796	1.325504	-1.671296	75	5	75	11.02
-1.308997	1.335669	0.897240	85	89	19	11.02
1.308997	1.014500	0.906702	68	79	0	11.02
-1.047198	2.984978	1.954446	74	3	11	11.02
-1.047198	1.128190	-2.288622	82	87	20	11.02
0.785398	1.812176	0.656819	78	14	85	11.02
-0.785398	0.571433	-1.188419	9	81	14	11.02
-0.523599	1.812176	0.656819	78	8	79	11.02
-0.523599	1.134796	2.434290	77	7	74	11.02
0.261799	2.153910	-1.714959	14	17	84	11.02
2.879793	1.569311	-3.003978	17	87	5	11.00
-2.617994	2.760637	2.781135	18	80	2	11.00
2.356194	2.104282	-0.813972	16	77	1	11.00
2.356194	1.658653	-2.409879	73	5	85	11.00
-2.094395	1.218453	2.777284	77	0	16	11.00
2.094395	0.591903	2.010408	16	84	8	11.00
1.832596	1.433411	-1.035986	72	5	82	11.00
-1.308997	0.910508	1.903534	15	12	78	11.00
-0.785398	1.948085	-2.363031	78	4	75	11.00
-0.785398	1.574060	2.783565	20	5	2	11.00
-0.785398	1.310100	1.488307	71	85	5	11.00
-0.523599	1.325504	-1.671296	14	83	9	11.00
-3.141593	1.904882	-1.478089	68	82	0	10.98
-1.832596	1.683268	0.374177	82	81	18	10.98
-1.308997	1.440580	2.260026	80	14	85	10.98
-1.047198	2.863997	0.549740	81	82	17	10.98
-1.047198	1.510910	-0.740472	17	87	14	10.98
0.523599	2.719179	-1.780644	17	84	4	10.98
0.523599	2.704512	1.488683	15	84	8	10.98
-0.261799	2.247462	0.191623	79	7	16	10.98
-0.261799	1.824694	1.850876	87	86	19	10.98
-3.141593	2.637879	2.121598	10	86	19	10.96
-2.356194	2.664082	-1.071402	72	71	87	10.96
2.356194	2.356369	3.005869	15	86	9	10.96
-2.356194	2.073035	2.027405	14	82	15	10.96
2.356194	1.367556	0.358405	9	85	16	10.96
2.356194	1.134497	-1.109631	0	83	19	10.96
-1.570796	1.574060	2.783565	86	79	72	10.96
-1.308997	2.041297	-2.664597	83	12	80	10.96
0.261799	1.809167	1.213774	69	85	3	10.96
0.000000	2.396274	-1.959260	85	84	19	10.96
0.000000	0.864993	2.278281	89	83	18	10.96
2.879793	0.899350	-2.069907	79	4	15	10.94
2.879793	0.709924	0.218797	79	6	75	10.94
-2.617994	1.732874	-0.951685	72	4	2	10.94
2.617994	1.433411	-1.035986	84	81	17	10.94
2.356194	2.407836	1.410646	15	80	11	10.94
2.356194	1.045978	0.343692	8	84	16	10.94
-2.094395	2.863997	0.549740	84	88	19	10.94
-2.094395	1.045978	0.343692	12	89	20	10.94
-1.832596	1.413430	2.550734	19	12	89	10.94
-0.785398	1.195355	1.200319	14	87	12	10.94
0.785398	0.571433	-1.188419	87	83	21	10.94
0.523599	1.554776	0.100351	13	15	85	10.94
0.261799	1.440580	2.260026	84	84	16	10.94
0.000000	2.153910	-1.714959	17	15	84	10.94
-3.141593	2.251330	-2.330739	70	78	4	10.92
2.356194	2.863997	0.549740	75	6	83	10.92
2.356194	2.001437	0.381215	15	83	6	10.92
-2.094395	0.906588	1.252948	21	6	10	10.92
-1.832596	2.587733	0.232235	86	83	20	10.92
1.570796	1.812176	0.656819	76	3	14	10.92
-1.570796	1.809167	1.213774	74	5	9	10.92
1.570796	1.721184	-0.153948	11	82	13	10.92
1.570796	1.696674	-1.253233	68	87	4	10.92
-1.047198	1.662363	0.915448	13	2	20	10.92
-0.785398	2.637879	2.121598	79	4	15	10.92
-0.785398	0.379747	-1.713059	15	86	11	10.92
0.523599	0.906588	1.252948	79	10	74	10.92
0.523599	0.615174	-0.666022	0	19	81	10.92
-0.261799	1.025536	1.576859	81	0	18	10.92
0.000000	1.982574	-1.115518	76	5	12	10.92
-2.617994	0.961715	0.014085	82	84	17	10.90
-2.356194	0.297065	2.160177	13	77	2	10.90
-1.832596	0.866955	-0.931351	1	66	89	10.90
1.570796	1.504028	0.636812	78	2	17	10.90
1.308997	1.413347	-1.339188	78	2	14	10.90
-1.308997	0.899350	-2.069907	11	88	69	10.90
-1.047198	0.674054	1.013609	16	83	5	10.90
0.785398	1.741644	-2.695914	79	15	82	10.90
-0.785398	1.247695	1.809890	79	0	16	10.90
-0.785398	0.961715	0.014085	1	84	18	10.90
0.261799	2.760637	2.781135	78	2	15	10.90
0.000000	2.592629	0.909713	14	3	17	10.90
-3.141593	1.504028	0.636812	5	83	19	10.88
-2.617994	1.909857	-0.381669	81	84	16	10.88
2.094395	1.824694	1.850876	89	82	17	10.88
-1.832596	1.510910	-0.740472	6	82	17	10.88
1.832596	1.134497	-1.109631	80	88	13	10.88
1.570796	1.998705	2.370472	15	3	15	10.88
1.570796	0.458961	-0.107937	82	0	16	10.88
1.308997	2.001437	0.381215	15	89	16	10.88
-1.308997	1.433411	-1.035986	66	87	3	10.88
-1.308997	1.247695	1.809890	85	17	85	10.88
-1.047198	0.864993	2.278281	81	83	17	10.88
0.261799	2.299159	2.264663	82	17	86	10.88
-0.261799	1.413347	-1.339188	80	87	71	10.88
0.000000	1.569311	-3.003978	77	9	77	10.88
-2.879793	2.187132	-0.479875	80	87	15	10.86
2.879793	1.045978	0.343692	11	84	15	10.86
-2.356194	1.948085	-2.363031	11	70	88	10.86
1.832596	1.214854	-1.966664	82	14	80	10.86
-1.832596	0.618092	2.539118	82	14	82	10.86
0.785398	1.128190	-2.288622	83	19	83	10.86
0.523599	1.766067	2.153843	88	82	17	10.86
-0.523599	0.914445	2.687814	77	3	72	10.86
-0.261799	2.187132	-0.479875	14	85	15	10.86
-0.261799	1.617114	-1.572037	14	86	12	10.86
2.879793	2.153910	-1.714959	72	2	3	10.84
-2.879793	2.089241	-0.114193	82	88	18	10.84
2.879793	1.736875	3.023612	13	81	11	10.84
-2.879793	1.450119	-2.739050	78	5	15	10.84
2.617994	2.724429	-0.348782	74	7	9	10.84
2.356194	0.370812	-2.547742	10	16	79	10.84
-2.094395	1.662363	0.915448	17	81	10	10.84
-1.832596	2.637879	2.121598	71	86	1	10.84
1.832596	1.696674	-1.253233	67	84	5	10.84
-1.570796	0.899350	-2.069907	10	87	68	10.84
-0.785398	2.704512	1.488683	80	89	16	10.84
-0.523599	2.089241	-0.114193	10	82	18	10.84
-0.261799	2.001437	0.381215	72	3	4	10.84
2.617994	1.809167	1.213774	89	84	19	10.82
-2.356194	1.325504	-1.671296	82	3	18	10.82
1.570796	2.579248	-2.364801	75	8	15	10.82
-1.308997	2.180315	-1.357379	19	3	13	10.82
-1.308997	0.618092	2.539118	76	7	76	10.82
1.047198	2.115563	0.685730	1	84	21	10.82
0.785398	2.041297	-2.664597	85	88	19	10.82
-0.523599	2.001437	0.381215	2	83	20	10.82
-0.523599	1.982574	-1.115518	0	87	20	10.82
0.523599	1.506530	1.988858	88	84	17	10.82
-0.261799	1.488617	1.159546	13	87	12	10.82
-2.879793	1.417623	-0.202254	84	82	18	10.80
2.617994	1.367556	0.358405	10	86	17	10.80
2.617994	0.929350	-2.910676	86	74	71	10.80
-2.356194	0.458961	-0.107937	8	82	16	10.80
-2.094395	0.961715	0.014085	89	79	18	10.80
-1.832596	0.297065	2.160177	7	21	83	10.80
-1.570796	1.184361	0.625864	87	84	18	10.80
-1.308997	2.089241	-0.114193	14	82	15	10.80
-1.047198	2.664082	-1.071402	71	3	2	10.80
1.047198	2.592629	0.909713	87	85	20	10.80
-1.047198	1.555207	1.708892	84	16	85	10.80
-1.047198	1.247695	1.809890	85	17	82	10.80
0.785398	1.310100	1.488307	11	82	15	10.80
-0.523599	2.637879	2.121598	77	3	14	10.80
-0.523599	1.909857	-0.381669	18	0	82	10.80
0.523599	1.836682	-0.676006	78	4	15	10.80
-0.523599	1.756530	-2.105156	79	6	76	10.80
0.523599	1.417623	-0.202254	15	85	13	10.80
0.523599	0.700570	1.559208	86	86	17	10.80
-0.523599	0.674054	1.013609	72	1	2	10.80
-3.141593	1.135813	-2.658866	18	1	3	10.78
-2.879793	2.104282	-0.813972	75	1	12	10.78
-2.879793	2.073035	2.027405	12	85	18	10.78
2.356194	1.909857	-0.381669	76	0	14	10.78
1.832596	0.929350	-2.910676	89	69	89	10.78
-1.570796	1.440580	2.260026	81	14	85	10.78
-1.570796	1.014500	0.906702	20	10	2	10.78
-1.570796	0.591903	2.010408	80	84	17	10.78
-1.308997	1.683268	0.374177	81	88	15	10.78
-0.261799	1.662363	0.915448	14	85	10	10.78
0.000000	0.418037	1.360082	83	86	16	10.78
2.879793	2.724429	-0.348782	13	86	16	10.76
2.879793	1.113094	-0.272241	79	89	15	10.76
-2.356194	1.510910	-0.740472	84	86	18	10.76
2.094395	2.033014	2.977192	84	84	18	10.76
2.094395	1.168678	2.108595	83	84	16	10.76
1.832596	2.881233	-2.582574	78	3	17	10.76
-1.570796	2.356369	3.005869	75	89	11	10.76
1.570796	0.297065	2.160177	72	2	2	10.76
-1.308997	2.704512	1.488683	82	15	85	10.76
1.308997	1.554776	0.100351	79	89	16	10.76
1.047198	1.194549	-0.801900	86	82	16	10.76
0.785398	2.033014	2.977192	78	13	81	10.76
-0.523599	1.569311	-3.003978	15	89	13	10.76
-0.261799	1.766067	2.153843	77	10	79	10.76
0.261799	1.247695	1.809890	75	11	85	10.76
0.261799	1.134796	2.434290	82	86	15	10.76
0.000000	0.929350	-2.910676	12	78	81	10.76
2.879793	0.992645	-1.723759	81	4	16	10.74
2.617994	1.050534	3.042579	9	83	14	10.74
-2.356194	0.914445	2.687814	83	88	20	10.74
2.356194	0.379747	-1.713059	71	3	86	10.74
2.356194	0.297065	2.160177	18	7	1	10.74
2.094395	2.115563	0.685730	75	89	13	10.74
-2.094395	2.104282	-0.813972	89	85	19	10.74
-2.094395	1.448123	-2.163292	76	11	85	10.74
2.094395	1.310100	1.488307	87	84	20	10.74
-2.094395	1.184361	0.625864	15	76	5	10.74
-2.094395	0.618092	2.539118	83	12	80	10.74
1.832596	2.760637	2.781135	16	85	5	10.74
1.832596	2.115563	0.685730	78	1	17	10.74
1.570796	2.455966	-0.641220	82	87	18	10.74
-1.047198	0.709924	0.218797	20	8	89	10.74
-0.785398	1.506530	1.988858	75	11	89	10.74
0.785398	1.194549	-0.801900	78	0	12	10.74
0.523599	2.579248	-2.364801	12	79	11	10.74
0.261799	1.662363	0.915448	70	81	3	10.74
0.261799	1.335669	0.897240	69	83	3	10.74
0.000000	2.299159	2.264663	80	87	71	10.74
-3.141593	1.948085	-2.363031	70	76	2	10.72
-2.879793	1.872854	1.543456	18	86	10	10.72
-2.356194	2.356369	3.005869	15	81	13	10.72
-2.094395	1.214854	-1.966664	4	21	0	10.72
-1.832596	1.809167	1.213774	17	4	17	10.72
1.832596	1.450119	-2.739050	85	69	78	10.72
1.570796	2.138223	1.678323	81	89	19	10.72
1.570796	0.866955	-0.931351	77	5	71	10.72
-1.047198	1.824694	1.850876	3	81	17	10.72
-1.047198	1.736875	3.023612	16	88	13	10.72
1.047198	1.506530	1.988858	68	86	3	10.72
-1.047198	0.733948	3.021411	78	2	70	10.72
-1.047198	0.370812	-2.547742	86	14	77	10.72
0.523599	1.736875	3.023612	80	14	79	10.72
0.523599	1.367556	0.358405	80	88	14	10.72
0.523599	0.496451	0.593859	83	17	81	10.72
-3.141593	0.866395	-2.492918	84	14	80	10.70
2.879793	1.948085	-2.363031	12	77	80	10.70
2.879793	0.850607	-1.335383	82	2	18	10.70
2.617994	0.866395	-2.492918	83	77	70	10.70
2.617994	0.370812	-2.547742	8	17	79	10.70
1.570796	1.872854	1.543456	80	0	17	10.70
1.570796	1.766067	2.153843	14	4	17	10.70
1.570796	1.256302	0.062705	71	7	6	10.70
1.308997	1.194549	-0.801900	85	87	16	10.70
1.308997	0.370812	-2.547742	14	3	72	10.70
1.047198	2.579248	-2.364801	73	7	8	10.70
-0.523599	1.721184	-0.153948	18	89	83	10.70
0.523599	1.335669	0.897240	73	7	8	10.70
0.523599	0.419640	2.974122	74	4	5	10.70
-0.261799	1.809167	1.213774	13	84	12	10.70
0.261799	1.599406	1.426070	68	85	0	10.70
0.000000	1.218453	2.777284	77	12	81	10.70
0.000000	1.113094	-0.272241	15	1	77	10.70
-2.617994	2.138223	1.678323	19	0	12	10.68
2.617994	2.041297	-2.664597	10	72	89	10.68
-2.617994	1.413347	-1.339188	85	66	86	10.68
-2.094395	2.979456	-1.009304	71	84	8	10.68
1.832596	2.724429	-0.348782	79	7	78	10.68
-1.832596	1.812176	0.656819	78	3	14	10.68
-1.832596	1.184361	0.625864	82	2	18	10.68
1.832596	0.899350	-2.069907	85	15	79	10.68
-1.570796	1.325504	-1.671296	77	3	76	10.68
-1.308997	1.374601	-2.456031	73	5	88	10.68
-0.785398	2.719179	-1.780644	21	5	5	10.68
0.785398	1.325504	-1.671296	88	82	18	10.68
-0.785398	0.418037	1.360082	83	81	18	10.68
-0.523599	1.870545	-2.976234	12	86	15	10.68
-0.261799	1.812176	0.656819	83	0	18	10.68
0.261799	1.488617	1.159546	68	85	2	10.68
0.000000	0.297065	2.160177	79	0	13	10.68
-3.141593	1.555207	1.708892	15	77	10	10.66
-3.141593	1.554776	0.100351	88	83	19	10.66
2.617994	2.984978	1.954446	17	78	4	10.66
2.617994	1.247695	1.809890	89	66	88	10.66
2.356194	1.025536	1.576859	84	2	18	10.66
-2.094395	2.187132	-0.479875	79	89	15	10.66
-2.094395	2.041297	-2.664597	75	3	13	10.66
-1.832596	2.104282	-0.813972	12	77	13	10.66
1.570796	2.863997	0.549740	12	85	17	10.66
0.785398	2.187132	-0.479875	2	19	85	10.66
-0.785398	0.591903	2.010408	83	83	18	10.66
-0.523599	2.704512	1.488683	0	86	20	10.66
-0.523599	1.335669	0.897240	71	0	2	10.66
-0.523599	0.571433	-1.188419	11	82	13	10.66
-0.261799	0.700570	1.559208	75	8	10	10.66
0.261799	0.591903	2.010408	85	88	17	10.66
0.000000	2.001437	0.381215	77	7	12	10.66
-2.617994	0.831641	0.616218	11	81	16	10.64
-2.356194	1.696674	-1.253233	5	68	88	10.64
2.094395	1.721184	-0.153948	78	2	17	10.64
-1.832596	1.904882	-1.478089	78	2	13	10.64
1.832596	1.113094	-0.272241	74	10	83	10.64
1.570796	2.592629	0.909713	88	69	86	10.64
-1.570796	0.203748	0.590255	77	8	80	10.64
1.047198	2.174483	2.653697	84	1	21	10.64
-1.047198	2.115563	0.685730	11	88	19	10.64
1.047198	0.419640	2.974122	79	81	69	10.64
1.047198	0.418037	1.360082	2	86	19	10.64
-0.785398	2.379497	0.561089	75	7	4	10.64
0.785398	1.870545	-2.976234	77	13	84	10.64
-0.523599	2.299159	2.264663	74	10	87	10.64
-0.261799	0.864993	2.278281	85	18	80	10.64
-2.879793	1.824694	1.850876	8	70	9	10.62
-2.879793	1.135813	-2.658866	80	2	17	10.62
2.617994	0.700570	1.559208	10	70	0	10.62
-2.356194	2.760637	2.781135	84	88	19	10.62
2.094395	1.433411	-1.035986	72	6	7	10.62
-2.094395	0.899350	-2.069907	7	15	80	10.62
1.832596	2.033014	2.977192	86	84	19	10.62
-1.832596	0.458961	-0.107937	14	73	1	10.62
-1.570796	2.187132	-0.479875	13	79	14	10.62
1.308997	2.881233	-2.582574	84	86	19	10.62
-1.308997	2.664082	-1.071402	12	83	17	10.62
-1.308997	1.836682	-0.676006	18	5	16	10.62
1.308997	1.113094	-0.272241	1	77	16	10.62
0.785398	1.242974	-2.977882	78	4	12	10.62
-0.785398	0.866395	-2.492918	87	85	22	10.62
-0.261799	2.356369	3.005869	15	80	5	10.62
-0.261799	1.417623	-0.202254	16	0	78	10.62
-0.261799	1.135834	-1.431087	15	13	79	10.62
-2.879793	1.658653	-2.409879	18	5	85	10.60
-2.879793	1.128190	-2.288622	81	11	78	10.60
2.617994	1.870545	-2.976234	15	86	8	10.60
2.617994	1.836682	-0.676006	18	1	10	10.60
2.617994	1.510910	-0.740472	16	0	14	10.60
2.356194	1.732874	-0.951685	73	4	9	10.60
2.094395	1.756530	-2.105156	69	75	2	10.60
1.832596	2.164094	-2.991358	76	89	13	10.60
1.570796	2.587733	0.232235	87	85	21	10.60
-1.308997	1.824694	1.850876	82	16	86	10.60
1.308997	1.545873	-1.877082	77	10	78	10.60
1.308997	1.440580	2.260026	67	82	2	10.60
1.308997	0.619654	-2.216909	74	89	11	10.60
0.785398	1.662363	0.915448	76	4	14	10.60
-0.523599	2.456751	-1.503343	21	4	4	10.60
0.523599	1.977582	0.969896	12	10	19	10.60
2.879793	2.180315	-1.357379	78	89	15	10.58
2.617994	2.063651	-2.044600	83	85	18	10.58
-2.356194	2.349581	-2.702517	20	6	7	10.58
-2.356194	0.418037	1.360082	73	3	79	10.58
2.094395	2.984978	1.954446	13	85	17	10.58
2.094395	1.569311	-3.003978	76	8	81	10.58
1.832596	1.846342	-1.796954	77	2	16	10.58
-1.570796	1.218453	2.777284	85	19	83	10.58
1.308997	2.138223	1.678323	74	6	13	10.58
-1.308997	0.591903	2.010408	14	83	11	10.58
-0.785398	2.455966	-0.641220	17	89	79	10.58
-0.785398	2.407836	1.410646	81	89	18	10.58
-0.523599	1.699788	2.452890	79	88	12	10.58
0.261799	2.579248	-2.364801	11	87	18	10.58
0.261799	1.606104	-0.451151	81	88	17	10.58
-3.141593	2.587733	0.232235	4	84	20	10.56
-3.141593	0.080730	-2.622036	4	21	82	10.56
2.879793	1.325504	-1.671296	73	1	4	10.56
-2.617994	2.979456	-1.009304	73	1	10	10.56
-2.617994	1.998705	2.370472	16	84	14	10.56
-2.617994	1.658653	-2.409879	79	5	15	10.56
2.617994	1.310100	1.488307	79	67	2	10.56
-2.617994	0.458961	-0.107937	14	83	10	10.56
2.094395	2.478122	2.609777	82	67	88	10.56
-2.094395	2.033014	2.977192	18	81	8	10.56
2.094395	1.488617	1.159546	76	89	13	10.56
1.832596	1.869911	2.701025	81	87	17	10.56
-1.832596	1.554776	0.100351	16	85	14	10.56
-1.570796	2.863997	0.549740	0	84	20	10.56
1.570796	1.014500	0.906702	69	77	1	10.56
-1.308997	2.115563	0.685730	11	86	18	10.56
-1.047198	1.909857	-0.381669	16	8	18	10.56
1.047198	1.135813	-2.658866	13	12	80	10.56
1.047198	1.134497	-1.109631	75	6	9	10.56
-0.785398	2.579248	-2.364801	15	78	0	10.56
-0.523599	2.115563	0.685730	77	5	76	10.56
0.261799	1.998705	2.370472	83	17	83	10.56
0.261799	0.418037	1.360082	80	2	14	10.56
0.000000	0.496451	0.593859	16	1	11	10.56
-3.141593	1.242974	-2.977882	18	89	4	10.54
2.879793	1.545873	-1.877082	76	10	85	10.54
2.879793	1.450119	-2.739050	15	79	81	10.54
-2.879793	0.850607	-1.335383	78	8	14	10.54
2.617994	0.685216	-1.712745	10	5	72	10.54
2.356194	0.866955	-0.931351	68	79	88	10.54
-1.570796	2.138223	1.678323	82	83	16	10.54
-1.570796	1.374601	-2.456031	74	8	88	10.54
-1.308997	2.579248	-2.364801	89	16	81	10.54
1.308997	2.115563	0.685730	87	69	1	10.54
0.785398	1.599406	1.426070	78	14	82	10.54
0.785398	0.591903	2.010408	0	84	19	10.54
0.261799	1.977582	0.969896	70	82	5	10.54
-0.261799	0.418037	1.360082	86	82	19	10.54
-3.141593	1.214854	-1.966664	10	2	72	10.52
-2.879793	1.510910	-0.740472	0	83	18	10.52
2.879793	0.591903	2.010408	4	67	88	10.52
2.356194	2.984978	1.954446	15	87	17	10.52
-2.356194	2.393226	1.857173	72	1	2	10.52
2.356194	2.041297	-2.664597	74	1	77	10.52
-2.094395	0.619654	-2.216909	71	79	7	10.52
1.832596	2.073035	2.027405	82	89	19	10.52
1.832596	0.850607	-1.335383	77	11	81	10.52
1.308997	2.164094	-2.991358	69	1	2	10.52
1.308997	1.998705	2.370472	14	0	14	10.52
-1.308997	1.014500	0.906702	4	86	20	10.52
1.308997	0.866955	-0.931351	82	88	15	10.52
-1.308997	0.685216	-1.712745	74	85	73	10.52
-1.047198	1.869911	2.701025	73	8	5	10.52
1.047198	0.831641	0.616218	78	9	74	10.52
0.785398	2.174483	2.653697	70	89	7	10.52
-0.523599	2.251330	-2.330739	79	9	80	10.52
-0.523599	1.194549	-0.801900	9	84	71	10.52
-0.261799	1.184361	0.625864	79	7	14	10.52
0.000000	2.863997	0.549740	0	85	20	10.52
2.879793	0.700570	1.559208	13	72	0	10.50
2.617994	2.247462	0.191623	78	9	82	10.50
2.617994	1.982574	-1.115518	78	87	15	10.50
2.617994	1.168678	2.108595	13	76	80	10.50
2.617994	1.134796	2.434290	5	85	17	10.50
-2.356194	2.881233	-2.582574	89	83	21	10.50
2.356194	2.579248	-2.364801	77	3	15	10.50
-2.356194	2.153910	-1.714959	12	83	17	10.50
-2.356194	1.599406	1.426070	18	89	13	10.50
2.356194	1.574060	2.783565	6	83	17	10.50
-2.356194	1.504028	0.636812	83	86	18	10.50
2.356194	0.080730	-2.622036	81	88	19	10.50
2.094395	1.836682	-0.676006	83	85	18	10.50
-1.832596	2.153910	-1.714959	12	2	73	10.50
1.832596	1.824694	1.850876	89	81	18	10.50
1.832596	0.640596	-2.797608	0	69	86	10.50
1.308997	2.108018	1.311430	79	87	15	10.50
-1.308997	1.658653	-2.409879	81	9	78	10.50
1.308997	0.910508	1.903534	84	81	16	10.50
-1.308997	0.379747	-1.713059	77	4	15	10.50
-1.047198	0.960688	-0.577532	19	89	10	10.50
0.785398	1.869911	2.701025	69	89	5	10.50
0.785398	1.391910	3.030322	80	3	14	10.50
-0.785398	1.301460	-0.509251	1	82	16	10.50
-0.785398	0.674054	1.013609	83	81	17	10.50
0.523599	1.195355	1.200319	78	11	77	10.50
-3.141593	1.977582	0.969896	81	5	19	10.48
-3.141593	1.325504	-1.671296	74	8	88	10.48
2.879793	1.510910	-0.740472	15	86	12	10.48
2.879793	0.960688	-0.577532	75	1	10	10.48
-2.356194	0.700570	1.559208	0	86	19	10.48
-2.094395	1.824694	1.850876	21	4	9	10.48
-2.094395	1.135834	-1.431087	83	0	19	10.48
1.832596	1.812176	0.656819	76	2	14	10.48
1.832596	1.448123	-2.163292	66	87	89	10.48
1.832596	1.247695	1.809890	14	84	14	10.48
-1.570796	1.904882	-1.478089	21	86	1	10.48
-1.308997	1.741644	-2.695914	80	11	81	10.48
-0.785398	2.349581	-2.702517	15	14	80	10.48
0.785398	1.195355	1.200319	79	14	80	10.48
0.785398	0.370812	-2.547742	17	84	6	10.48
0.523599	2.108018	1.311430	73	6	8	10.48
-0.523599	0.370812	-2.547742	69	82	0	10.48
0.261799	2.984978	1.954446	73	4	9	10.48
-0.261799	2.719179	-1.780644	11	75	1	10.48
0.261799	0.709924	0.218797	81	9	16	10.48
-0.261799	0.674054	1.013609	16	2	12	10.48
2.879793	2.089241	-0.114193	78	2	17	10.46
2.879793	1.247695	1.809890	2	66	89	10.46
2.356194	2.295480	1.008277	77	87	16	10.46
-2.356194	1.809167	1.213774	13	77	12	10.46
2.356194	0.899350	-2.069907	81	12	79	10.46
-2.094395	1.256302	0.062705	10	70	5	10.46
-1.832596	2.187132	-0.479875	1	86	21	10.46
1.832596	2.108018	1.311430	77	1	15	10.46
1.570796	1.904882	-1.478089	68	86	6	10.46
1.308997	1.662363	0.915448	12	87	17	10.46
-1.047198	0.640596	-2.797608	74	2	7	10.46
-0.785398	2.863997	0.549740	81	82	18	10.46
-0.523599	1.977582	0.969896	70	83	3	10.46
0.523599	0.866395	-2.492918	14	86	19	10.46
0.261799	1.310100	1.488307	8	79	14	10.46
0.000000	2.719179	-1.780644	13	77	1	10.46
0.000000	1.391910	3.030322	76	8	78	10.46
-2.879793	2.863997	0.549740	77	5	13	10.44
-2.879793	0.929350	-2.910676	83	11	78	10.44
2.617994	2.295480	1.008277	87	81	20	10.44
2.617994	1.875281	0.107086	16	84	8	10.44
2.356194	1.824694	1.850876	2	82	18	10.44
2.094395	1.662363	0.915448	85	86	19	10.44
2.094395	0.906588	1.252948	16	1	13	10.44
1.832596	2.396274	-1.959260	68	87	0	10.44
1.832596	2.187132	-0.479875	86	85	20	10.44
-1.832596	1.545873	-1.877082	89	87	19	10.44
-1.832596	0.290380	-0.796960	14	83	9	10.44
-1.570796	2.724429	-0.348782	73	2	6	10.44
-1.570796	2.164094	-2.991358	85	87	19	10.44
-1.570796	1.488617	1.159546	85	0	18	10.44
-1.308997	2.187132	-0.479875	16	87	15	10.44
1.047198	1.909857	-0.381669	17	4	13	10.44
-1.047198	1.756530	-2.105156	82	85	18	10.44
0.785398	1.875281	0.107086	17	86	11	10.44
-0.523599	1.504028	0.636812	79	5	15	10.44
-0.523599	0.379747	-1.713059	84	0	21	10.44
0.261799	0.864993	2.278281	81	69	87	10.44
0.261799	0.615174	-0.666022	3	20	80	10.44
-3.141593	1.683268	0.374177	3	85	20	10.42
-2.879793	2.108018	1.311430	73	89	4	10.42
2.879793	1.658653	-2.409879	12	78	78	10.42
-2.879793	1.113094	-0.272241	80	83	15	10.42
2.617994	2.349581	-2.702517	10	72	1	10.42
-2.617994	2.104282	-0.813972	85	86	18	10.42
2.356194	2.063651	-2.044600	10	2	70	10.42
2.094395	2.407836	1.410646	80	88	18	10.42
-2.094395	2.393226	1.857173	71	0	1	10.42
-1.832596	0.914445	2.687814	15	15	11	10.42
1.570796	1.134497	-1.109631	85	88	17	10.42
-1.308997	1.045978	0.343692	89	86	18	10.42
-1.047198	1.998705	2.370472	79	4	14	10.42
-0.261799	0.733948	3.021411	74	2	8	10.42
0.000000	2.979456	-1.009304	82	0	17	10.42
-3.141593	0.379747	-1.713059	81	86	67	10.40
-2.879793	2.393226	1.857173	12	87	20	10.40
-2.879793	1.413347	-1.339188	72	2	4	10.40
2.617994	2.404280	-0.174044	69	80	3	10.40
2.617994	2.138223	1.678323	4	83	20	10.40
-2.617994	2.041297	-2.664597	9	69	89	10.40
2.617994	1.545873	-1.877082	72	3	2	10.40
-2.617994	0.733948	3.021411	75	8	88	10.40
2.094395	1.948085	-2.363031	70	75	4	10.40
-1.832596	2.455966	-0.641220	75	69	89	10.40
-1.570796	1.870545	-2.976234	73	7	86	10.40
-1.308997	2.404280	-0.174044	14	86	17	10.40
1.308997	1.683268	0.374177	86	88	20	10.40
-1.308997	0.297065	2.160177	84	84	19	10.40
1.047198	2.587733	0.232235	14	4	21	10.40
1.047198	2.343981	-1.040456	77	2	15	10.40
1.047198	1.335669	0.897240	69	4	89	10.40
1.047198	1.168678	2.108595	68	86	89	10.40
0.785398	1.488617	1.159546	78	0	16	10.40
0.523599	1.310100	1.488307	80	14	79	10.40
-0.523599	0.297065	2.160177	73	77	7	10.40
0.261799	1.721184	-0.153948	12	20	2	10.40
-0.261799	1.545873	-1.877082	16	86	7	10.40
-3.141593	1.218453	2.777284	69	1	4	10.38
2.879793	1.184361	0.625864	76	3	9	10.38
-2.879793	1.025536	1.576859	89	88	18	10.38
-2.879793	0.640596	-2.797608	18	6	86	10.38
-2.617994	2.592629	0.909713	17	12	0	10.38
-2.356194	2.579248	-2.364801	67	89	86	10.38
-2.356194	1.545873	-1.877082	82	4	18	10.38
-2.356194	0.379747	-1.713059	77	3	13	10.38
2.094395	1.875281	0.107086	71	0	7	10.38
-2.094395	0.297065	2.160177	17	87	7	10.38
1.570796	1.433411	-1.035986	75	6	74	10.38
1.308997	1.696674	-1.253233	78	2	16	10.38
1.047198	2.089241	-0.114193	73	6	9	10.38
-0.523599	2.108018	1.311430	69	85	1	10.38
0.523599	2.033014	2.977192	80	14	82	10.38
0.523599	1.488617	1.159546	78	14	82	10.38
0.000000	1.555207	1.708892	2	72	12	10.38
-2.879793	1.374601	-2.456031	80	5	16	10.36
-2.879793	0.910508	1.903534	21	6	88	10.36
2.617994	0.619654	-2.216909	80	10	78	10.36
2.617994	0.496451	0.593859	8	89	20	10.36
-2.356194	1.413347	-1.339188	78	7	13	10.36
2.094395	2.063651	-2.044600	74	0	72	10.36
2.094395	1.977582	0.969896	78	0	15	10.36
-1.832596	0.831641	0.616218	19	87	79	10.36
-1.570796	2.115563	0.685730	85	88	21	10.36
-1.570796	1.214854	-1.966664	77	5	78	10.36
-1.308997	1.736875	3.023612	72	4	0	10.36
-0.785398	2.115563	0.685730	78	8	77	10.36
-0.523599	2.295480	1.008277	70	81	2	10.36
-0.523599	1.310100	1.488307	73	3	9	10.36
-0.523599	0.866395	-2.492918	14	78	87	10.36
-0.261799	1.555207	1.708892	79	3	17	10.36
0.261799	1.113094	-0.272241	16	86	13	10.36
0.000000	2.588535	-2.976617	12	82	14	10.36
-2.879793	2.637879	2.121598	12	88	19	10.34
2.879793	1.488617	1.159546	15	84	13	10.34
-2.879793	0.419640	2.974122	83	89	21	10.34
-2.617994	1.247695	1.809890	15	75	89	10.34
2.617994	0.615174	-0.666022	87	88	17	10.34
-2.356194	1.836682	-0.676006	77	89	13	10.34
-2.356194	1.554776	0.100351	69	86	2	10.34
2.094395	2.299159	2.264663	6	80	17	10.34
2.094395	1.574060	2.783565	79	10	81	10.34
1.832596	2.063651	-2.044600	78	0	17	10.34
-1.832596	1.662363	0.915448	84	89	18	10.34
1.832596	1.658653	-2.409879	68	79	1	10.34
-1.832596	1.555207	1.708892	21	7	7	10.34
-1.570796	2.251330	-2.330739	20	88	8	10.34
-1.570796	1.658653	-2.409879	86	86	20	10.34
1.308997	2.251330	-2.330739	71	6	4	10.34
1.308997	1.812176	0.656819	12	86	17	10.34
1.047198	1.696674	-1.253233	15	12	14	10.34
-1.047198	1.374601	-2.456031	73	4	89	10.34
1.047198	0.961715	0.014085	1	81	17	10.34
-0.785398	1.448123	-2.163292	78	6	78	10.34
0.785398	0.640596	-2.797608	14	15	88	10.34
0.523599	2.984978	1.954446	81	0	19	10.34
0.523599	1.683268	0.374177	78	3	13	10.34
0.523599	1.450119	-2.739050	86	20	83	10.34
-0.261799	1.599406	1.426070	2	84	19	10.34
-2.617994	2.251330	-2.330739	74	73	4	10.32
2.356194	2.138223	1.678323	89	66	2	10.32
2.094395	2.396274	-1.959260	67	84	0	10.32
-2.094395	2.299159	2.264663	78	70	83	10.32
-2.094395	1.998705	2.370472	20	84	7	10.32
1.832596	0.960688	-0.577532	76	10	80	10.32
1.570796	1.506530	1.988858	79	13	83	10.32
1.570796	1.214854	-1.966664	84	16	80	10.32
-1.570796	0.700570	1.559208	21	7	87	10.32
-1.308997	1.413347	-1.339188	78	89	73	10.32
1.308997	1.135834	-1.431087	77	1	12	10.32
1.047198	1.413347	-1.339188	87	85	69	10.32
0.523599	1.998705	2.370472	85	84	69	10.32
0.523599	1.721184	-0.153948	10	21	1	10.32
-0.523599	1.184361	0.625864	19	0	4	10.32
0.261799	2.073035	2.027405	67	82	4	10.32
-0.261799	0.640596	-2.797608	69	81	89	10.32
-0.261799	0.297065	2.160177	81	87	16	10.32
-3.141593	2.073035	2.027405	10	84	18	10.30
-3.141593	1.756530	-2.105156	72	1	2	10.30
-2.879793	2.356369	3.005869	17	9	14	10.30
-2.879793	1.504028	0.636812	7	84	19	10.30
2.879793	0.203748	0.590255	8	88	21	10.30
2.617994	1.699788	2.452890	88	66	87	10.30
2.356194	1.836682	-0.676006	85	83	19	10.30
2.356194	1.247695	1.809890	86	83	16	10.30
-2.356194	0.992645	-1.723759	17	85	8	10.30
-2.356194	0.961715	0.014085	7	84	19	10.30
2.094395	2.664082	-1.071402	10	87	18	10.30
-1.832596	1.869911	2.701025	82	15	83	10.30
-1.832596	1.756530	-2.105156	75	72	1	10.30
1.832596	1.504028	0.636812	81	0	18	10.30
1.832596	1.045978	0.343692	68	82	1	10.30
1.570796	1.599406	1.426070	17	87	11	10.30
1.570796	1.135813	-2.658866	0	87	21	10.30
-0.523599	2.033014	2.977192	13	84	14	10.30
-0.523599	1.433411	-1.035986	9	85	16	10.30
-0.261799	1.325504	-1.671296	14	85	10	10.30
-0.261799	1.134497	-1.109631	21	87	3	10.30
-3.141593	1.606104	-0.451151	83	87	70	10.28
2.879793	0.496451	0.593859	17	84	2	10.28
-2.356194	2.164094	-2.991358	13	72	1	10.28
2.356194	1.555207	1.708892	18	86	9	10.28
2.356194	0.674054	1.013609	10	73	87	10.28
-2.094395	1.683268	0.374177	8	82	19	10.28
2.094395	0.733948	3.021411	20	1	87	10.28
-1.832596	0.591903	2.010408	75	7	89	10.28
-1.570796	2.108018	1.311430	79	4	16	10.28
1.570796	1.555207	1.708892	77	88	14	10.28
-1.308997	1.812176	0.656819	12	88	20	10.28
-1.308997	0.571433	-1.188419	15	82	8	10.28
1.047198	1.450119	-2.739050	76	6	74	10.28
-1.047198	0.700570	1.559208	14	82	10	10.28
0.523599	0.960688	-0.577532	0	21	82	10.28
-0.261799	2.063651	-2.044600	78	6	77	10.28
0.000000	1.699788	2.452890	76	3	73	10.28
-3.141593	0.640596	-2.797608	19	4	86	10.26
-2.879793	0.866955	-0.931351	82	14	84	10.26
-2.617994	2.478122	2.609777	84	88	18	10.26
2.617994	1.909857	-0.381669	76	3	14	10.26
-2.617994	1.301460	-0.509251	86	66	0	10.26
-2.617994	1.135834	-1.431087	76	10	11	10.26
-2.617994	0.297065	2.160177	78	0	18	10.26
2.356194	2.033014	2.977192	83	85	18	10.26
2.356194	0.640596	-2.797608	17	89	8	10.26
2.094395	1.555207	1.708892	17	84	8	10.26
-2.094395	0.762244	-0.273349	7	82	17	10.26
1.832596	1.335669	0.897240	72	3	5	10.26
1.832596	0.961715	0.014085	2	86	18	10.26
-1.832596	0.615174	-0.666022	14	82	9	10.26
1.570796	0.733948	3.021411	78	82	69	10.26
1.570796	0.080730	-2.622036	21	4	0	10.26
1.308997	1.948085	-2.363031	75	7	79	10.26
-1.308997	1.256302	0.062705	8	81	19	10.26
1.047198	1.488617	1.159546	77	0	16	10.26
1.047198	1.310100	1.488307	68	88	3	10.26
0.785398	2.138223	1.678323	82	85	18	10.26
0.785398	0.733948	3.021411	81	5	15	10.26
0.523599	0.831641	0.616218	86	2	20	10.26
0.000000	1.617114	-1.572037	19	11	0	10.26
2.879793	1.310100	1.488307	17	83	9	10.24
2.617994	1.325504	-1.671296	72	3	3	10.24
2.356194	0.571433	-1.188419	76	5	10	10.24
2.094395	1.301460	-0.509251	73	0	75	10.24
2.094395	1.195355	1.200319	75	0	11	10.24
-2.094395	0.910508	1.903534	21	4	9	10.24
1.832596	2.379497	0.561089	86	84	20	10.24
1.832596	1.413347	-1.339188	74	9	83	10.24
-1.570796	2.089241	-0.114193	81	0	17	10.24
-1.570796	1.836682	-0.676006	19	85	8	10.24
1.308997	2.247462	0.191623	13	87	17	10.24
0.785398	1.045978	0.343692	76	3	11	10.24
0.523599	2.664082	-1.071402	86	87	20	10.24
0.523599	2.393226	1.857173	83	83	19	10.24
0.523599	0.591903	2.010408	1	85	19	10.24
-0.261799	1.510910	-0.740472	88	81	18	10.24
0.000000	1.756530	-2.105156	3	23	86	10.24
-3.141593	2.180315	-1.357379	68	81	2	10.22
-3.141593	1.113094	-0.272241	81	86	16	10.22
2.879793	1.812176	0.656819	13	79	11	10.22
-2.617994	2.393226	1.857173	10	82	19	10.22
2.617994	1.736875	3.023612	10	80	13	10.22
-2.617994	1.367556	0.358405	71	87	5	10.22
-2.356194	2.592629	0.909713	79	0	17	10.22
2.356194	2.456751	-1.503343	76	4	15	10.22
2.356194	0.418037	1.360082	14	83	10	10.22
-2.094395	2.396274	-1.959260	74	5	9	10.22
-2.094395	1.113094	-0.272241	6	84	19	10.22
2.094395	0.297065	2.160177	76	70	89	10.22
-2.094395	0.290380	-0.796960	88	67	84	10.22
1.832596	1.909857	-0.381669	82	84	18	10.22
-1.832596	1.875281	0.107086	87	67	9	10.22
1.832596	1.756530	-2.105156	68	78	1	10.22
1.570796	1.699788	2.452890	13	3	18	10.22
-1.570796	0.419640	2.974122	82	18	83	10.22
1.308997	1.195355	1.200319	68	77	1	10.22
-1.047198	0.290380	-0.796960	73	76	0	10.22
-0.785398	0.906588	1.252948	15	9	16	10.22
-0.785398	0.370812	-2.547742	78	9	15	10.22
-0.523599	0.992645	-1.723759	16	3	74	10.22
0.523599	0.674054	1.013609	80	2	15	10.22
0.000000	0.618092	2.539118	81	16	82	10.22
2.879793	2.587733	0.232235	70	80	4	10.20
2.879793	1.014500	0.906702	77	1	12	10.20
-2.617994	0.709924	0.218797	89	78	18	10.20
2.356194	2.247462	0.191623	16	85	6	10.20
2.356194	1.869911	2.701025	75	69	87	10.20
-2.356194	0.080730	-2.622036	89	84	21	10.20
2.094395	1.417623	-0.202254	68	79	3	10.20
-2.094395	1.168678	2.108595	7	84	17	10.20
1.832596	2.719179	-1.780644	77	9	17	10.20
1.832596	1.904882	-1.478089	76	1	16	10.20
1.832596	1.417623	-0.202254	84	21	0	10.20
1.570796	1.982574	-1.115518	80	0	18	10.20
-1.570796	1.504028	0.636812	86	84	19	10.20
-1.570796	1.113094	-0.272241	20	85	82	10.20
-1.570796	0.379747	-1.713059	73	88	9	10.20
-1.047198	2.180315	-1.357379	20	84	3	10.20
0.785398	1.450119	-2.739050	79	2	14	10.20
0.523599	2.089241	-0.114193	9	21	3	10.20
-0.523599	1.662363	0.915448	75	6	10	10.20
-0.523599	0.458961	-0.107937	79	86	17	10.20
0.261799	2.979456	-1.009304	20	9	9	10.20
0.261799	1.875281	0.107086	85	86	18	10.20
0.261799	0.960688	-0.577532	2	21	82	10.20
0.000000	2.104282	-0.813972	74	5	8	10.20
0.000000	1.809167	1.213774	12	86	14	10.20
0.000000	1.599406	1.426070	4	72	11	10.20
0.000000	1.310100	1.488307	73	74	0	10.20
-3.141593	1.168678	2.108595	10	84	17	10.18
-3.141593	0.992645	-1.723759	79	4	16	10.18
-3.141593	0.866955	-0.931351	15	83	10	10.18
2.879793	2.033014	2.977192	71	0	4	10.18
-2.879793	1.870545	-2.976234	78	6	14	10.18
-2.879793	1.301460	-0.509251	83	66	1	10.18
-2.879793	0.733948	3.021411	86	14	79	10.18
-2.617994	1.599406	1.426070	13	74	8	10.18
-2.617994	1.195355	1.200319	1	87	19	10.18
-2.617994	0.929350	-2.910676	81	10	78	10.18
2.617994	0.850607	-1.335383	76	88	10	10.18
2.356194	1.184361	0.625864	10	83	14	10.18
-1.832596	2.349581	-2.702517	89	17	82	10.18
1.570796	1.875281	0.107086	12	80	11	10.18
-1.308997	0.960688	-0.577532	79	0	17	10.18
-1.047198	2.247462	0.191623	12	83	17	10.18
-1.047198	2.089241	-0.114193	15	82	14	10.18
1.047198	2.001437	0.381215	18	88	10	10.18
0.785398	2.180315	-1.357379	74	5	10	10.18
0.785398	1.948085	-2.363031	83	88	17	10.18
-0.785398	1.732874	-0.951685	15	85	15	10.18
0.785398	1.184361	0.625864	78	12	79	10.18
0.523599	2.299159	2.264663	83	77	15	10.18
-0.261799	1.554776	0.100351	17	0	82	10.18
-3.141593	0.370812	-2.547742	16	5	80	10.16
2.617994	0.864993	2.278281	14	78	77	10.16
2.356194	2.108018	1.311430	88	86	21	10.16
2.356194	1.662363	0.915448	84	86	19	10.16
-2.094395	0.419640	2.974122	87	19	82	10.16
-1.832596	2.592629	0.909713	87	89	21	10.16
-0.785398	2.760637	2.781135	17	10	86	10.16
-0.785398	0.992645	-1.723759	15	1	72	10.16
0.261799	1.554776	0.100351	76	4	12	10.16
-0.261799	1.050534	3.042579	78	1	13	10.16
0.261799	0.831641	0.616218	76	6	10	10.16
0.000000	2.187132	-0.479875	14	12	82	10.16
-3.141593	2.979456	-1.009304	85	88	21	10.14
-3.141593	1.134497	-1.109631	18	89	9	10.14
-2.879793	2.587733	0.232235	83	83	19	10.14
2.879793	1.756530	-2.105156	77	9	82	10.14
-2.879793	1.242974	-2.977882	75	3	78	10.14
2.617994	2.863997	0.549740	17	85	87	10.14
2.617994	1.872854	1.543456	3	83	19	10.14
2.617994	1.721184	-0.153948	84	85	18	10.14
-2.356194	2.455966	-0.641220	77	1	14	10.14
2.356194	2.164094	-2.991358	85	84	18	10.14
-2.356194	1.242974	-2.977882	83	0	20	10.14
2.356194	1.214854	-1.966664	80	11	80	10.14
2.356194	0.961715	0.014085	83	85	17	10.14
2.094395	2.637879	2.121598	10	82	18	10.14
2.094395	1.909857	-0.381669	82	83	18	10.14
2.094395	1.506530	1.988858	88	82	17	10.14
1.832596	2.863997	0.549740	8	72	2	10.14
1.832596	2.349581	-2.702517	75	2	13	10.14
-1.570796	2.455966	-0.641220	8	84	21	10.14
-1.570796	2.174483	2.653697	11	21	89	10.14
1.570796	1.413347	-1.339188	74	7	78	10.14
1.308997	2.073035	2.027405	74	7	13	10.14
1.047198	1.699788	2.452890	1	84	18	10.14
1.047198	0.992645	-1.723759	89	83	20	10.14
-0.785398	2.033014	2.977192	18	3	13	10.14
-0.785398	1.433411	-1.035986	16	86	13	10.14
0.523599	2.478122	2.609777	77	11	17	10.14
-0.523599	2.138223	1.678323	82	2	19	10.14
0.523599	1.599406	1.426070	74	6	11	10.14
0.523599	1.510910	-0.740472	17	3	12	10.14
-0.523599	1.488617	1.159546	12	86	14	10.14
0.523599	0.929350	-2.910676	80	15	81	10.14
-0.261799	2.863997	0.549740	89	86	20	10.14
-0.261799	2.153910	-1.714959	12	80	10	10.14
0.261799	1.504028	0.636812	87	89	19	10.14
0.000000	0.419640	2.974122	76	0	10	10.14
-3.141593	1.617114	-1.572037	73	0	4	10.12
2.879793	1.413347	-1.339188	77	0	12	10.12
-2.617994	2.356369	3.005869	78	3	13	10.12
2.617994	1.766067	2.153843	89	66	1	10.12
-2.356194	2.295480	1.008277	85	89	21	10.12
-2.356194	1.721184	-0.153948	69	87	89	10.12
2.356194	1.599406	1.426070	83	17	82	10.12
-2.356194	1.417623	-0.202254	69	86	1	10.12
2.356194	1.242974	-2.977882	83	16	85	10.12
-2.094395	2.592629	0.909713	80	5	18	10.12
-2.094395	1.869911	2.701025	19	83	7	10.12
-2.094395	1.599406	1.426070	19	2	13	10.12
-1.832596	2.984978	1.954446	72	2	3	10.12
1.832596	2.180315	-1.357379	75	11	12	10.12
1.832596	1.599406	1.426070	80	89	16	10.12
-1.832596	1.256302	0.062705	18	78	89	10.12
-1.832596	0.379747	-1.713059	0	83	67	10.12
-1.308997	2.588535	-2.976617	14	80	81	10.12
1.308997	1.218453	2.777284	7	0	21	10.12
1.047198	2.760637	2.781135	83	84	19	10.12
1.047198	1.948085	-2.363031	76	9	79	10.12
-1.047198	1.732874	-0.951685	17	86	13	10.12
1.047198	1.417623	-0.202254	80	1	16	10.12
-0.785398	2.251330	-2.330739	19	11	1	10.12
-0.785398	1.413347	-1.339188	7	85	18	10.12
-0.523599	2.407836	1.410646	83	87	19	10.12
0.523599	0.910508	1.903534	85	86	17	10.12
-0.261799	2.108018	1.311430	69	83	1	10.12
0.261799	2.063651	-2.044600	17	12	88	10.12
0.000000	1.506530	1.988858	76	1	14	10.12
-3.141593	1.872854	1.543456	14	17	1	10.10
-3.141593	1.256302	0.062705	76	9	87	10.10
-3.141593	1.050534	3.042579	17	88	7	10.10
-3.141593	0.700570	1.559208	19	88	7	10.10
2.879793	2.979456	-1.009304	86	87	20	10.10
2.879793	1.242974	-2.977882	79	12	85	10.10
2.879793	0.733948	3.021411	11	1	19	10.10
2.879793	0.370812	-2.547742	77	0	16	10.10
2.617994	2.153910	-1.714959	80	13	82	10.10
2.356194	2.588535	-2.976617	87	87	21	10.10
2.356194	2.404280	-0.174044	86	84	20	10.10
-2.356194	2.108018	1.311430	16	15	4	10.10
2.356194	0.850607	-1.335383	77	7	13	10.10
-2.094395	2.881233	-2.582574	9	86	21	10.10
-2.094395	0.866955	-0.931351	70	88	5	10.10
1.832596	2.592629	0.909713	88	82	20	10.10
1.832596	1.218453	2.777284	13	89	73	10.10
-1.570796	0.960688	-0.577532	12	72	5	10.10
1.570796	0.899350	-2.069907	87	16	78	10.10
1.308997	2.404280	-0.174044	77	0	15	10.10
1.047198	2.979456	-1.009304	79	8	78	10.10
-1.047198	1.025536	1.576859	14	87	12	10.10
0.785398	2.984978	1.954446	70	87	6	10.10
-0.523599	0.850607	-1.335383	16	10	77	10.10
0.523599	0.290380	-0.796960	81	84	18	10.10
-0.261799	2.251330	-2.330739	14	15	80	10.10
0.261799	0.080730	-2.622036	71	80	1	10.10
0.000000	2.984978	1.954446	1	87	22	10.10
0.000000	1.574060	2.783565	78	13	83	10.10
-2.879793	2.760637	2.781135	17	77	2	10.08
-2.617994	2.587733	0.232235	83	87	18	10.08
-2.617994	1.113094	-0.272241	12	83	14	10.08
-2.617994	1.045978	0.343692	18	4	12	10.08
2.617994	0.571433	-1.188419	69	79	85	10.08
2.356194	2.379497	0.561089	86	83	20	10.08
-2.356194	2.174483	2.653697	16	80	11	10.08
2.356194	1.335669	0.897240	11	75	1	10.08
2.094395	2.089241	-0.114193	70	0	7	10.08
-2.094395	1.809167	1.213774	16	79	11	10.08
-1.832596	1.909857	-0.381669	82	87	16	10.08
-1.570796	0.571433	-1.188419	14	88	13	10.08
-1.047198	2.349581	-2.702517	80	10	79	10.08
1.047198	1.998705	2.370472	87	82	69	10.08
-1.047198	1.766067	2.153843	3	82	18	10.08
-1.047198	0.080730	-2.622036	86	87	20	10.08
-0.785398	1.450119	-2.739050	73	2	3	10.08
0.785398	1.168678	2.108595	83	68	88	10.08
-0.523599	2.073035	2.027405	73	8	89	10.08
0.523599	1.699788	2.452890	66	82	89	10.08
-0.523599	0.733948	3.021411	76	70	2	10.08
-0.523599	0.619654	-2.216909	10	73	4	10.08
0.261799	1.574060	2.783565	76	11	82	10.08
0.000000	2.455966	-0.641220	15	84	14	10.08
0.000000	2.033014	2.977192	80	5	16	10.08
0.000000	1.732874	-0.951685	72	5	4	10.08
0.000000	1.335669	0.897240	70	85	3	10.08
-3.141593	0.419640	2.974122	82	0	21	10.06
2.879793	1.367556	0.358405	16	0	11	10.06
2.879793	0.618092	2.539118	4	78	69	10.06
-2.879793	0.615174	-0.666022	74	1	11	10.06
-2.879793	0.370812	-2.547742	16	8	80	10.06
2.617994	2.592629	0.909713	89	84	20	10.06
-2.356194	1.869911	2.701025	80	89	16	10.06
-2.356194	1.050534	3.042579	83	89	20	10.06
2.094395	2.153910	-1.714959	4	18	83	10.06
2.094395	1.606104	-0.451151	76	4	15	10.06
-2.094395	0.496451	0.593859	20	89	8	10.06
1.832596	1.998705	2.370472	2	78	16	10.06
1.832596	0.419640	2.974122	17	86	11	10.06
1.570796	0.496451	0.593859	74	2	12	10.06
1.308997	2.295480	1.008277	9	16	18	10.06
1.308997	1.875281	0.107086	11	89	18	10.06
-1.047198	1.658653	-2.409879	79	8	78	10.06
-0.785398	2.881233	-2.582574	76	4	76	10.06
-0.785398	1.824694	1.850876	74	10	1	10.06
0.523599	2.174483	2.653697	74	3	13	10.06
-0.523599	1.168678	2.108595	77	8	77	10.06
-0.261799	2.979456	-1.009304	85	69	6	10.06
-0.261799	1.433411	-1.035986	67	84	88	10.06
0.261799	1.045978	0.343692	80	1	16	10.06
-0.261799	1.045978	0.343692	13	78	82	10.06
-0.261799	0.591903	2.010408	76	3	12	10.06
0.261799	0.290380	-0.796960	84	86	21	10.06
0.000000	0.733948	3.021411	79	4	16	10.06
2.879793	2.881233	-2.582574	71	0	1	10.04
-2.879793	2.404280	-0.174044	82	88	18	10.04
-2.879793	1.662363	0.915448	81	1	17	10.04
2.879793	1.413430	2.550734	14	81	12	10.04
2.879793	0.619654	-2.216909	13	4	73	10.04
-2.617994	2.174483	2.653697	88	80	71	10.04
2.617994	1.450119	-2.739050	13	76	81	10.04
-2.356194	0.762244	-0.273349	4	82	17	10.04
1.832596	1.732874	-0.951685	73	10	9	10.04
-1.570796	2.407836	1.410646	89	86	20	10.04
1.047198	2.404280	-0.174044	1	19	87	10.04
0.785398	0.961715	0.014085	0	80	17	10.04
0.785398	0.914445	2.687814	88	83	17	10.04
0.523599	2.637879	2.121598	68	78	3	10.04
0.523599	1.909857	-0.381669	2	86	20	10.04
0.523599	1.617114	-1.572037	19	3	4	10.04
-0.261799	0.080730	-2.622036	87	87	65	10.04
0.000000	1.545873	-1.877082	7	21	84	10.04
-3.141593	2.664082	-1.071402	79	6	73	10.02
-3.141593	2.356369	3.005869	81	89	17	10.02
-3.141593	0.418037	1.360082	85	5	20	10.02
2.879793	1.977582	0.969896	82	13	19	10.02
2.879793	0.864993	2.278281	5	85	17	10.02
-2.617994	1.440580	2.260026	16	75	89	10.02
2.617994	1.025536	1.576859	80	66	89	10.02
2.356194	1.756530	-2.105156	80	87	16	10.02
2.356194	1.310100	1.488307	76	68	2	10.02
-2.356194	0.906588	1.252948	88	87	18	10.02
2.094395	2.349581	-2.702517	82	87	19	10.02
2.094395	1.658653	-2.409879	74	8	85	10.02
-2.094395	1.440580	2.260026	86	83	17	10.02
-2.094395	0.674054	1.013609	21	3	8	10.02
1.832596	1.836682	-0.676006	81	86	17	10.02
-1.832596	0.961715	0.014085	81	0	17	10.02
1.832596	0.864993	2.278281	16	86	12	10.02
1.832596	0.709924	0.218797	85	88	18	10.02
1.308997	1.699788	2.452890	12	1	18	10.02
1.047198	2.724429	-0.348782	81	0	18	10.02
1.047198	1.555207	1.708892	67	84	2	10.02
-0.785398	0.290380	-0.796960	12	15	15	10.02
-0.523599	2.455966	-0.641220	77	9	78	10.02
-0.261799	1.721184	-0.153948	77	10	12	10.02
-2.879793	1.982574	-1.115518	88	83	19	10.00
-2.879793	0.700570	1.559208	6	68	89	10.00
2.617994	2.579248	-2.364801	86	87	21	10.00
2.617994	2.299159	2.264663	9	69	2	10.00
-2.617994	2.108018	1.311430	81	6	17	10.00
-2.617994	1.135813	-2.658866	78	2	17	10.00
-2.356194	0.899350	-2.069907	9	14	79	10.00
-2.356194	0.619654	-2.216909	71	81	7	10.00
2.094395	2.979456	-1.009304	15	82	7	10.00
2.094395	0.961715	0.014085	3	86	19	10.00
-1.832596	2.979456	-1.009304	13	86	75	10.00
1.832596	1.555207	1.708892	80	87	16	10.00
1.832596	1.367556	0.358405	77	8	17	10.00
1.832596	0.685216	-1.712745	82	0	16	10.00
1.570796	0.866395	-2.492918	72	5	1	10.00
-1.570796	0.080730	-2.622036	78	1	13	10.00
1.308997	1.836682	-0.676006	86	20	86	10.00
1.308997	1.766067	2.153843	12	3	18	10.00
-1.047198	2.393226	1.857173	71	75	82	10.00
1.047198	2.379497	0.561089	4	84	21	10.00
0.785398	2.863997	0.549740	79	71	89	10.00
0.785398	2.356369	3.005869	85	69	87	10.00
-0.785398	1.050534	3.042579	68	82	0	10.00
0.523599	2.073035	2.027405	0	80	17	10.00
0.523599	0.685216	-1.712745	17	85	8	10.00
-0.261799	2.073035	2.027405	78	11	82	10.00
0.261799	1.325504	-1.671296	6	21	83	10.00
0.000000	1.870545	-2.976234	13	1	75	10.00
-3.141593	2.760637	2.781135	10	70	3	9.98
-3.141593	1.195355	1.200319	89	86	20	9.98
2.879793	1.904882	-1.478089	9	83	16	9.98
2.879793	1.809167	1.213774	15	84	14	9.98
-2.879793	1.766067	2.153843	77	14	81	9.98
-2.879793	0.674054	1.013609	14	80	13	9.98
2.617994	2.455966	-0.641220	74	5	12	9.98
2.617994	1.045978	0.343692	76	68	84	9.98
2.617994	0.961715	0.014085	83	83	17	9.98
2.356194	1.195355	1.200319	9	83	19	9.98
2.356194	0.929350	-2.910676	17	89	10	9.98
2.094395	2.180315	-1.357379	75	8	12	9.98
2.094395	1.617114	-1.572037	84	85	17	9.98
-2.094395	0.591903	2.010408	16	86	10	9.98
-1.832596	1.699788	2.452890	75	87	12	9.98
-1.570796	1.045978	0.343692	88	83	17	9.98
1.570796	0.762244	-0.273349	72	9	1	9.98
-1.308997	2.073035	2.027405	71	4	5	9.98
-1.047198	2.724429	-0.348782	79	2	17	9.98
1.047198	1.045978	0.343692	69	87	2	9.98
0.785398	2.104282	-0.813972	1	19	84	9.98
0.785398	1.736875	3.023612	77	12	82	9.98
0.785398	1.134796	2.434290	67	78	88	9.98
-0.785398	0.733948	3.021411	77	0	70	9.98
-0.785398	0.619654	-2.216909	8	72	4	9.98
-0.523599	2.349581	-2.702517	13	16	80	9.98
0.523599	1.875281	0.107086	13	15	86	9.98
0.523599	1.184361	0.625864	87	0	20	9.98
0.523599	1.134796	2.434290	70	4	0	9.98
0.000000	2.881233	-2.582574	75	10	8	9.98
0.000000	1.696674	-1.253233	12	87	15	9.98
0.000000	1.413430	2.550734	76	12	84	9.98
0.000000	1.242974	-2.977882	77	6	74	9.98
-3.141593	1.658653	-2.409879	70	75	0	9.96
-3.141593	0.831641	0.616218	16	6	13	9.96
-2.879793	2.704512	1.488683	80	88	17	9.96
-2.879793	1.134497	-1.109631	78	8	15	9.96
2.617994	2.251330	-2.330739	82	87	18	9.96
2.617994	1.555207	1.708892	81	17	85	9.96
-2.617994	1.134497	-1.109631	77	9	13	9.96
2.356194	1.504028	0.636812	71	0	4	9.96
2.356194	1.417623	-0.202254	82	87	17	9.96
2.094395	1.367556	0.358405	88	85	21	9.96
1.832596	1.721184	-0.153948	70	2	5	9.96
-1.832596	1.218453	2.777284	87	17	80	9.96
1.570796	1.606104	-0.451151	82	87	18	9.96
1.308997	1.721184	-0.153948	81	88	17	9.96
1.308997	0.850607	-1.335383	81	89	14	9.96
-1.047198	2.478122	2.609777	3	21	84	9.96
-0.785398	1.875281	0.107086	87	86	18	9.96
0.785398	1.836682	-0.676006	18	4	11	9.96
0.785398	1.135834	-1.431087	0	84	69	9.96
-0.785398	1.014500	0.906702	14	81	6	9.96
-0.785398	0.960688	-0.577532	77	88	16	9.96
0.523599	2.881233	-2.582574	18	84	2	9.96
-0.523599	1.732874	-0.951685	7	85	17	9.96
-0.523599	0.762244	-0.273349	79	86	17	9.96
-0.523599	0.700570	1.559208	83	84	18	9.96
0.523599	0.080730	-2.622036	6	86	21	9.96
0.261799	2.724429	-0.348782	83	86	19	9.96
0.261799	1.982574	-1.115518	10	87	16	9.96
-0.261799	1.574060	2.783565	75	0	71	9.96
-0.261799	0.571433	-1.188419	15	10	76	9.96
2.879793	2.984978	1.954446	18	81	5	9.94
-2.879793	1.545873	-1.877082	82	89	17	9.94
2.879793	1.135834	-1.431087	76	5	11	9.94
2.879793	0.961715	0.014085	82	87	17	9.94
-2.879793	0.618092	2.539118	79	3	19	9.94
-2.617994	2.404280	-0.174044	82	84	17	9.94
-2.617994	0.910508	1.903534	20	9	87	9.94
-2.617994	0.571433	-1.188419	13	83	12	9.94
2.356194	2.979456	-1.009304	13	0	18	9.94
2.356194	2.455966	-0.641220	77	8	17	9.94
2.356194	2.343981	-1.040456	78	1	17	9.94
2.356194	2.115563	0.685730	12	75	0	9.94
-2.356194	1.658653	-2.409879	80	3	15	9.94
2.356194	0.700570	1.559208	7	68	0	9.94
2.094395	1.504028	0.636812	12	84	14	9.94
-1.832596	0.619654	-2.216909	16	0	13	9.94
-1.570796	1.948085	-2.363031	86	69	87	9.94
-1.570796	1.448123	-2.163292	86	69	2	9.94
-1.308997	2.863997	0.549740	5	86	21	9.94
1.308997	0.992645	-1.723759	87	18	80	9.94
-1.047198	2.001437	0.381215	14	86	17	9.94
1.047198	1.569311	-3.003978	74	4	75	9.94
-0.785398	2.478122	2.609777	18	3	14	9.94
0.785398	2.456751	-1.503343	76	3	13	9.94
-0.785398	2.396274	-1.959260	75	7	83	9.94
-0.785398	2.180315	-1.357379	21	87	4	9.94
-0.785398	1.756530	-2.105156	17	13	84	9.94
0.785398	0.910508	1.903534	5	85	18	9.94
0.261799	2.637879	2.121598	85	85	20	9.94
-0.261799	2.295480	1.008277	84	84	19	9.94
0.261799	0.866955	-0.931351	4	21	82	9.94
-0.261799	0.496451	0.593859	73	2	5	9.94
0.261799	0.496451	0.593859	17	3	11	9.94
0.000000	1.824694	1.850876	67	84	5	9.94
0.000000	0.370812	-2.547742	18	87	85	9.94
-3.141593	2.033014	2.977192	17	4	14	9.92
2.879793	0.080730	-2.622036	7	20	82	9.92
-2.617994	2.588535	-2.976617	67	87	85	9.92
2.356194	1.875281	0.107086	15	83	9	9.92
-2.356194	0.496451	0.593859	15	81	12	9.92
2.094395	1.545873	-1.877082	67	82	2	9.92
-2.094395	0.914445	2.687814	74	6	85	9.92
2.094395	0.866955	-0.931351	67	82	88	9.92
2.094395	0.700570	1.559208	12	77	8	9.92
-2.094395	0.685216	-1.712745	17	3	13	9.92
1.832596	2.456751	-1.503343	75	10	14	9.92
-1.570796	2.592629	0.909713	84	13	77	9.92
1.570796	2.588535	-2.976617	76	5	15	9.92
-1.570796	1.909857	-0.381669	10	85	20	9.92
-1.570796	1.696674	-1.253233	80	0	16	9.92
1.570796	1.413430	2.550734	10	85	73	9.92
1.308997	1.732874	-0.951685	86	19	83	9.92
-1.308997	1.168678	2.108595	17	12	81	9.92
1.308997	1.045978	0.343692	68	89	0	9.92
1.308997	0.960688	-0.577532	83	84	15	9.92
1.308997	0.906588	1.252948	89	69	87	9.92
-1.308997	0.864993	2.278281	76	13	4	9.92
-1.047198	2.299159	2.264663	11	20	17	9.92
-1.047198	1.599406	1.426070	75	6	81	9.92
1.047198	1.184361	0.625864	72	4	9	9.92
-0.785398	0.831641	0.616218	6	86	20	9.92
-0.523599	1.555207	1.708892	70	1	7	9.92
-0.261799	2.704512	1.488683	78	11	84	9.92
0.261799	1.050534	3.042579	80	2	15	9.92
0.000000	1.325504	-1.671296	15	84	9	9.92
2.879793	2.295480	1.008277	18	0	84	9.90
2.879793	2.063651	-2.044600	9	76	79	9.90
-2.879793	1.599406	1.426070	18	84	9	9.90
2.879793	1.391910	3.030322	17	87	8	9.90
2.879793	1.374601	-2.456031	13	80	78	9.90
-2.879793	0.762244	-0.273349	17	89	10	9.90
2.879793	0.458961	-0.107937	18	0	14	9.90
-2.879793	0.297065	2.160177	16	87	13	9.90
2.617994	0.618092	2.539118	80	13	82	9.90
-2.356194	1.756530	-2.105156	81	4	18	9.90
-2.356194	1.450119	-2.739050	74	3	14	9.90
-2.094395	1.417623	-0.202254	78	1	15	9.90
2.094395	1.413347	-1.339188	67	82	3	9.90
-1.832596	2.393226	1.857173	17	14	15	9.90
-1.832596	1.135813	-2.658866	18	85	7	9.90
-1.570796	1.869911	2.701025	74	87	11	9.90
-1.570796	1.721184	-0.153948	19	84	7	9.90
-1.570796	1.247695	1.809890	10	85	15	9.90
1.308997	2.724429	-0.348782	77	2	14	9.90
-1.047198	2.343981	-1.040456	86	89	18	9.90
1.047198	1.504028	0.636812	9	86	19	9.90
1.047198	1.433411	-1.035986	75	4	12	9.90
1.047198	0.850607	-1.335383	1	82	22	9.90
1.047198	0.290380	-0.796960	75	3	10	9.90
0.785398	2.579248	-2.364801	13	81	11	9.90
-0.785398	1.045978	0.343692	16	80	87	9.90
-0.785398	0.618092	2.539118	76	4	73	9.90
0.785398	0.297065	2.160177	84	18	14	9.90
-0.523599	1.836682	-0.676006	6	85	19	9.90
-0.523599	1.766067	2.153843	73	9	87	9.90
-0.261799	1.256302	0.062705	17	0	81	9.90
-0.261799	1.113094	-0.272241	15	89	76	9.90
0.261799	0.618092	2.539118	80	87	12	9.90
-2.879793	2.295480	1.008277	80	7	16	9.88
2.879793	0.929350	-2.910676	17	82	85	9.88
-2.617994	1.374601	-2.456031	17	8	85	9.88
-2.617994	0.619654	-2.216909	71	84	7	9.88
-2.356194	2.979456	-1.009304	71	87	8	9.88
-2.356194	2.407836	1.410646	74	6	6	9.88
-2.356194	1.998705	2.370472	75	89	11	9.88
-2.356194	1.367556	0.358405	75	9	7	9.88
-2.094395	2.356369	3.005869	20	89	8	9.88
2.094395	2.041297	-2.664597	87	16	83	9.88
2.094395	1.335669	0.897240	12	82	13	9.88
-1.832596	1.168678	2.108595	7	17	77	9.88
1.832596	0.674054	1.013609	70	73	87	9.88
-1.570796	2.349581	-2.702517	0	84	69	9.88
1.570796	0.929350	-2.910676	78	70	86	9.88
1.570796	0.379747	-1.713059	85	86	21	9.88
-1.308997	2.724429	-0.348782	11	83	74	9.88
1.308997	2.407836	1.410646	19	6	4	9.88
-1.308997	1.809167	1.213774	78	6	17	9.88
-1.308997	1.699788	2.452890	5	21	82	9.88
1.308997	1.504028	0.636812	9	87	18	9.88
1.308997	1.367556	0.358405	84	89	20	9.88
0.785398	2.587733	0.232235	70	89	5	9.88
0.785398	0.992645	-1.723759	86	84	18	9.88
-0.523599	1.683268	0.374177	71	0	2	9.88
-0.261799	1.904882	-1.478089	14	85	12	9.88
0.261799	1.555207	1.708892	69	84	8	9.88
-0.261799	1.214854	-1.966664	16	85	6	9.88
0.000000	1.836682	-0.676006	6	87	19	9.88
2.879793	2.404280	-0.174044	70	78	3	9.86
-2.879793	0.685216	-1.712745	11	16	85	9.86
2.617994	1.732874	-0.951685	17	2	14	9.86
-2.617994	1.025536	1.576859	5	86	19	9.86
2.356194	2.592629	0.909713	0	82	20	9.86
2.356194	1.014500	0.906702	16	2	13	9.86
-2.356194	0.850607	-1.335383	77	7	13	9.86
2.094395	2.456751	-1.503343	75	7	14	9.86
2.094395	2.343981	-1.040456	76	8	15	9.86
1.832596	2.984978	1.954446	88	75	17	9.86
-1.832596	1.846342	-1.796954	89	87	18	9.86
-1.832596	1.599406	1.426070	18	4	16	9.86
-1.832596	0.733948	3.021411	84	17	80	9.86
1.832596	0.379747	-1.713059	87	86	22	9.86
1.308997	2.587733	0.232235	14	6	21	9.86
1.308997	2.478122	2.609777	81	87	18	9.86
1.308997	0.640596	-2.797608	17	83	4	9.86
-1.047198	2.108018	1.311430	5	86	20	9.86
-1.047198	2.104282	-0.813972	2	1	68	9.86
-1.047198	1.195355	1.200319	13	85	12	9.86
-1.047198	0.458961	-0.107937	79	10	80	9.86
-0.785398	2.664082	-1.071402	8	84	20	9.86
0.785398	1.301460	-0.509251	77	68	0	9.86
0.523599	2.356369	3.005869	75	8	12	9.86
-0.523599	1.045978	0.343692	88	79	18	9.86
0.523599	1.025536	1.576859	8	82	18	9.86
-0.261799	2.456751	-1.503343	21	8	4	9.86
0.261799	1.135813	-2.658866	81	17	82	9.86
0.000000	2.174483	2.653697	79	82	71	9.86
-3.141593	2.247462	0.191623	71	75	2	9.84
-3.141593	2.063651	-2.044600	11	78	79	9.84
-3.141593	1.732874	-0.951685	86	84	17	9.84
2.879793	1.982574	-1.115518	78	87	14	9.84
2.617994	2.089241	-0.114193	78	89	16	9.84
2.617994	1.756530	-2.105156	80	10	81	9.84
2.617994	0.418037	1.360082	73	74	2	9.84
-2.356194	2.396274	-1.959260	77	14	81	9.84
-2.356194	1.846342	-1.796954	80	2	14	9.84
2.356194	1.696674	-1.253233	68	87	1	9.84
-2.356194	0.591903	2.010408	4	87	20	9.84
2.094395	2.724429	-0.348782	71	3	2	9.84
-1.570796	2.456751	-1.503343	89	87	20	9.84
1.570796	0.864993	2.278281	14	77	89	9.84
-1.570796	0.831641	0.616218	21	7	0	9.84
1.308997	2.984978	1.954446	0	85	22	9.84
1.308997	0.496451	0.593859	67	88	2	9.84
1.047198	1.875281	0.107086	82	88	17	9.84
-1.047198	0.961715	0.014085	21	6	1	9.84
-1.047198	0.297065	2.160177	71	81	7	9.84
-0.785398	1.721184	-0.153948	80	88	14	9.84
-0.785398	1.134497	-1.109631	19	9	81	9.84
0.523599	2.455966	-0.641220	8	88	20	9.84
-0.523599	2.396274	-1.959260	79	11	86	9.84
0.523599	1.113094	-0.272241	14	7	77	9.84
-0.523599	0.960688	-0.577532	17	15	86	9.84
-3.141593	2.579248	-2.364801	4	84	21	9.82
-3.141593	1.998705	2.370472	20	2	80	9.82
-2.879793	2.724429	-0.348782	75	6	77	9.82
2.879793	1.872854	1.543456	18	85	10	9.82
2.617994	2.478122	2.609777	15	7	16	9.82
-2.617994	1.736875	3.023612	12	71	86	9.82
-2.617994	1.569311	-3.003978	13	74	79	9.82
2.617994	1.014500	0.906702	16	85	6	9.82
2.356194	2.299159	2.264663	6	67	2	9.82
-2.356194	2.187132	-0.479875	68	79	2	9.82
2.094395	1.128190	-2.288622	75	9	83	9.82
1.832596	2.587733	0.232235	77	0	14	9.82
-1.832596	2.379497	0.561089	88	86	20	9.82
1.832596	1.569311	-3.003978	76	11	82	9.82
1.832596	1.510910	-0.740472	72	8	8	9.82
1.832596	1.014500	0.906702	70	74	0	9.82
1.832596	0.914445	2.687814	17	86	11	9.82
1.570796	2.704512	1.488683	10	84	19	9.82
-1.570796	0.914445	2.687814	86	20	84	9.82
-1.570796	0.709924	0.218797	19	89	79	9.82
1.570796	0.419640	2.974122	15	84	11	9.82
-1.308997	1.998705	2.370472	75	8	80	9.82
-1.047198	1.488617	1.159546	78	8	79	9.82
-0.785398	2.356369	3.005869	12	87	18	9.82
0.523599	1.869911	2.701025	70	2	6	9.82
-0.523599	1.809167	1.213774	76	9	87	9.82
-0.261799	2.164094	-2.991358	15	1	77	9.82
-0.261799	0.850607	-1.335383	15	12	77	9.82
-3.141593	0.709924	0.218797	12	82	12	9.80
-2.879793	2.719179	-1.780644	72	2	4	9.80
-2.879793	2.592629	0.909713	18	9	89	9.80
2.879793	2.455966	-0.641220	82	89	19	9.80
2.879793	0.910508	1.903534	13	19	2	9.80
2.617994	2.704512	1.488683	14	85	17	9.80
2.617994	0.906588	1.252948	81	3	17	9.80
2.356194	1.617114	-1.572037	72	3	6	9.80
2.356194	1.554776	0.100351	72	4	85	9.80
-2.356194	0.203748	0.590255	81	2	18	9.80
2.094395	2.863997	0.549740	11	74	2	9.80
2.094395	1.766067	2.153843	77	9	80	9.80
-1.832596	2.704512	1.488683	80	4	16	9.80
-1.832596	0.899350	-2.069907	10	85	68	9.80
-1.570796	0.685216	-1.712745	78	9	82	9.80
-1.570796	0.674054	1.013609	75	10	87	9.80
-1.308997	1.732874	-0.951685	3	83	18	9.80
-1.308997	1.135834	-1.431087	79	82	71	9.80
-1.308997	0.831641	0.616218	20	10	0	9.80
1.047198	1.812176	0.656819	19	85	4	9.80
1.047198	1.766067	2.153843	11	17	82	9.80
1.047198	1.658653	-2.409879	75	8	78	9.80
0.785398	2.592629	0.909713	86	86	19	9.80
0.785398	2.455966	-0.641220	81	0	18	9.80
0.785398	1.982574	-1.115518	80	2	16	9.80
0.785398	1.214854	-1.966664	78	13	81	9.80
0.785398	0.866955	-0.931351	88	19	82	9.80
-0.523599	1.448123	-2.163292	13	78	5	9.80
0.523599	1.391910	3.030322	73	9	82	9.80
0.523599	1.014500	0.906702	73	9	5	9.80
0.523599	0.571433	-1.188419	85	84	21	9.80
-0.261799	2.396274	-1.959260	15	80	1	9.80
0.000000	1.417623	-0.202254	79	85	14	9.80
-3.141593	1.599406	1.426070	12	77	13	9.78
-3.141593	0.496451	0.593859	12	84	14	9.78
2.879793	1.998705	2.370472	1	66	2	9.78
2.879793	1.135813	-2.658866	78	7	15	9.78
-2.879793	0.203748	0.590255	11	82	14	9.78
2.617994	1.301460	-0.509251	82	87	16	9.78
2.094395	2.404280	-0.174044	87	84	20	9.78
-2.094395	2.174483	2.653697	75	0	12	9.78
2.094395	1.982574	-1.115518	75	8	12	9.78
2.094395	1.247695	1.809890	13	81	14	9.78
-2.094395	0.709924	0.218797	87	85	19	9.78
2.094395	0.571433	-1.188419	18	8	89	9.78
-1.832596	2.724429	-0.348782	75	0	12	9.78
1.570796	0.618092	2.539118	15	85	15	9.78
1.308997	1.909857	-0.381669	82	68	84	9.78
-1.308997	1.450119	-2.739050	79	10	81	9.78
1.308997	1.325504	-1.671296	73	6	8	9.78
-1.047198	2.295480	1.008277	80	16	16	9.78
-1.047198	1.184361	0.625864	87	86	18	9.78
0.785398	2.349581	-2.702517	83	69	85	9.78
-0.785398	1.809167	1.213774	74	7	8	9.78
-0.785398	1.391910	3.030322	15	87	13	9.78
0.523599	1.242974	-2.977882	80	17	84	9.78
0.261799	2.455966	-0.641220	82	89	18	9.78
0.261799	1.766067	2.153843	88	82	17	9.78
0.000000	1.448123	-2.163292	19	8	4	9.78
-2.879793	1.569311	-3.003978	75	2	75	9.76
-2.879793	0.709924	0.218797	82	84	17	9.76
2.879793	0.379747	-1.713059	83	89	66	9.76
2.617994	2.187132	-0.479875	16	78	86	9.76
2.356194	1.736875	3.023612	9	81	14	9.76
-2.356194	1.194549	-0.801900	70	2	2	9.76
-2.356194	1.045978	0.343692	88	83	19	9.76
2.094395	2.073035	2.027405	19	83	88	9.76
-2.094395	1.812176	0.656819	81	87	18	9.76
2.094395	0.458961	-0.107937	74	3	10	9.76
1.832596	1.870545	-2.976234	71	1	7	9.76
1.832596	1.301460	-0.509251	74	3	76	9.76
1.832596	0.866395	-2.492918	77	86	69	9.76
1.570796	2.174483	2.653697	75	3	13	9.76
1.570796	1.870545	-2.976234	71	4	7	9.76
1.308997	2.455966	-0.641220	79	15	88	9.76
1.047198	2.041297	-2.664597	75	72	86	9.76
-1.047198	1.699788	2.452890	2	21	82	9.76
-1.047198	0.591903	2.010408	82	83	18	9.76
-0.261799	1.218453	2.777284	78	2	13	9.76
0.261799	0.850607	-1.335383	18	85	6	9.76
0.261799	0.685216	-1.712745	15	84	10	9.76
-3.141593	2.104282	-0.813972	84	85	17	9.74
2.879793	2.396274	-1.959260	3	81	20	9.74
-2.879793	2.247462	0.191623	85	80	19	9.74
-2.879793	0.914445	2.687814	13	80	10	9.74
2.879793	0.418037	1.360082	8	77	16	9.74
-2.617994	1.809167	1.213774	77	3	11	9.74
2.617994	1.569311	-3.003978	78	11	85	9.74
-2.617994	1.448123	-2.163292	81	4	17	9.74
-2.617994	0.762244	-0.273349	11	88	17	9.74
2.356194	2.174483	2.653697	87	85	20	9.74
2.356194	0.733948	3.021411	86	75	70	9.74
2.094395	2.164094	-2.991358	15	81	3	9.74
-1.832596	2.396274	-1.959260	19	0	13	9.74
-1.832596	1.741644	-2.695914	18	12	83	9.74
1.832596	1.195355	1.200319	4	84	21	9.74
-1.832596	1.113094	-0.272241	17	78	81	9.74
1.570796	2.379497	0.561089	86	83	20	9.74
1.570796	1.440580	2.260026	8	88	70	9.74
-1.308997	1.869911	2.701025	76	7	76	9.74
-1.047198	2.073035	2.027405	75	8	80	9.74
1.047198	0.674054	1.013609	80	6	19	9.74
1.047198	0.615174	-0.666022	84	19	83	9.74
