
                         MODELLER 9.21, 2018/12/06, r11301

     PROTEIN STRUCTURE MODELLING BY SATISFACTION OF SPATIAL RESTRAINTS


                     Copyright(c) 1989-2018 Andrej Sali
                            All Rights Reserved

                             Written by A. Sali
                               with help from
              B. Webb, M.S. Madhusudhan, M-Y. Shen, G.Q. Dong,
          M.A. Marti-Renom, N. Eswar, F. Alber, M. Topf, B. Oliva,
             A. Fiser, R. Sanchez, B. Yerkovich, A. Badretdinov,
                     F. Melo, J.P. Overington, E. Feyfant
                 University of California, San Francisco, USA
                    Rockefeller University, New York, USA
                      Harvard University, Cambridge, USA
                   Imperial Cancer Research Fund, London, UK
              Birkbeck College, University of London, London, UK


Kind, OS, HostName, Kernel, Processor: 4, Linux HM30700-142003U 6.11.0-29-generic x86_64
Date and time of compilation         : 2018/12/06 09:58:12
MODELLER executable type             : x86_64-intel8
Job starting time (YY/MM/DD HH:MM:SS): 2026/02/06 14:43:09

openf___224_> Open           $(LIB)/restyp.lib
openf___224_> Open           ${MODINSTALL9v21}/modlib/resgrp.lib
rdresgr_266_> Number of residue groups:        2
openf___224_> Open           ${MODINSTALL9v21}/modlib/sstruc.lib

Dynamically allocated memory at   amaxlibraries [B,KiB,MiB]:       191566     187.076     0.183

Dynamically allocated memory at   amaxlibraries [B,KiB,MiB]:       192094     187.592     0.183
openf___224_> Open           ${MODINSTALL9v21}/modlib/resdih.lib

Dynamically allocated memory at   amaxlibraries [B,KiB,MiB]:       240694     235.053     0.230
rdrdih__263_> Number of dihedral angle types         :        9
              Maximal number of dihedral angle optima:        3
              Dihedral angle names                   :  Alph Phi Psi Omeg chi1 chi2 chi3 chi4 chi5
openf___224_> Open           ${MODINSTALL9v21}/modlib/radii.lib

Dynamically allocated memory at   amaxlibraries [B,KiB,MiB]:       253994     248.041     0.242
openf___224_> Open           ${MODINSTALL9v21}/modlib/radii14.lib
openf___224_> Open           ${MODINSTALL9v21}/modlib/af_mnchdef.lib
rdwilmo_274_> Mainchain residue conformation classes:  APBLE
openf___224_> Open           ${MODINSTALL9v21}/modlib/mnch.lib
rdclass_257_> Number of classes:        5
openf___224_> Open           ${MODINSTALL9v21}/modlib/mnch1.lib
openf___224_> Open           ${MODINSTALL9v21}/modlib/mnch2.lib
openf___224_> Open           ${MODINSTALL9v21}/modlib/mnch3.lib
openf___224_> Open           ${MODINSTALL9v21}/modlib/xs4.mat
rdrrwgh_268_> Number of residue types:       21
openf___224_> Open           alignment.pir

Dynamically allocated memory at   amaxalignment [B,KiB,MiB]:       269986     263.658     0.257

Dynamically allocated memory at   amaxalignment [B,KiB,MiB]:       285519     278.827     0.272

Dynamically allocated memory at   amaxalignment [B,KiB,MiB]:       301369     294.306     0.287

Dynamically allocated memory at   amaxalignment [B,KiB,MiB]:       333069     325.263     0.318

Dynamically allocated memory at   amaxalignment [B,KiB,MiB]:       396469     387.177     0.378

Dynamically allocated memory at    amaxsequence [B,KiB,MiB]:       397565     388.247     0.379

Dynamically allocated memory at    amaxsequence [B,KiB,MiB]:       398657     389.313     0.380

Dynamically allocated memory at    amaxsequence [B,KiB,MiB]:       399753     390.384     0.381

Dynamically allocated memory at    amaxsequence [B,KiB,MiB]:       401025     391.626     0.382

Read the alignment from file       : alignment.pir
Total number of alignment positions:   319

  #  Code        #_Res #_Segm PDB_code    Name
-------------------------------------------------------------------------------
  1      1scjA     275      1       1scjA
  2      1sbhA     274      1       1sbhA
  3      1meeA     275      1       1meeA
  4     P11018     319      1      P11018
check_a_343_> >> BEGINNING OF COMMAND
openf___224_> Open           ./1scjA.pdb

Dynamically allocated memory at amaxcoordinates [B,KiB,MiB]:       485250     473.877     0.463

Dynamically allocated memory at    amaxsequence [B,KiB,MiB]:       485250     473.877     0.463

Dynamically allocated memory at amaxcoordinates [B,KiB,MiB]:       485421     474.044     0.463

Dynamically allocated memory at amaxcoordinates [B,KiB,MiB]:       486271     474.874     0.464

Dynamically allocated memory at amaxcoordinates [B,KiB,MiB]:       487529     476.103     0.465

Dynamically allocated memory at amaxcoordinates [B,KiB,MiB]:       489433     477.962     0.467

Dynamically allocated memory at    amaxsequence [B,KiB,MiB]:       489433     477.962     0.467

Dynamically allocated memory at amaxcoordinates [B,KiB,MiB]:       489523     478.050     0.467

Dynamically allocated memory at amaxcoordinates [B,KiB,MiB]:       492379     480.839     0.470

Dynamically allocated memory at    amaxsequence [B,KiB,MiB]:       492379     480.839     0.470

Dynamically allocated memory at amaxcoordinates [B,KiB,MiB]:       492514     480.971     0.470

Dynamically allocated memory at amaxcoordinates [B,KiB,MiB]:       496798     485.154     0.474

Dynamically allocated memory at    amaxsequence [B,KiB,MiB]:       496798     485.154     0.474

Dynamically allocated memory at amaxcoordinates [B,KiB,MiB]:       496996     485.348     0.474

Dynamically allocated memory at amaxcoordinates [B,KiB,MiB]:       503422     491.623     0.480

Dynamically allocated memory at    amaxsequence [B,KiB,MiB]:       503422     491.623     0.480

Dynamically allocated memory at amaxcoordinates [B,KiB,MiB]:       503719     491.913     0.480

Dynamically allocated memory at amaxcoordinates [B,KiB,MiB]:       513341     501.310     0.490

Dynamically allocated memory at    amaxsequence [B,KiB,MiB]:       513341     501.310     0.490

Dynamically allocated memory at amaxcoordinates [B,KiB,MiB]:       513791     501.749     0.490

Dynamically allocated memory at amaxcoordinates [B,KiB,MiB]:       528241     515.860     0.504

Dynamically allocated memory at    amaxsequence [B,KiB,MiB]:       528241     515.860     0.504

Dynamically allocated memory at amaxcoordinates [B,KiB,MiB]:       528916     516.520     0.504

Dynamically allocated memory at amaxcoordinates [B,KiB,MiB]:       550574     537.670     0.525

Dynamically allocated memory at    amaxsequence [B,KiB,MiB]:       550574     537.670     0.525

Dynamically allocated memory at amaxcoordinates [B,KiB,MiB]:       551582     538.654     0.526

Dynamically allocated memory at amaxcoordinates [B,KiB,MiB]:       584086     570.396     0.557

Dynamically allocated memory at   amaxstructure [B,KiB,MiB]:       583528     569.852     0.556
openf___224_> Open           ./1sbhA.pdb

Dynamically allocated memory at amaxcoordinates [B,KiB,MiB]:       667453     651.810     0.637

Dynamically allocated memory at    amaxsequence [B,KiB,MiB]:       667453     651.810     0.637

Dynamically allocated memory at amaxcoordinates [B,KiB,MiB]:       667624     651.977     0.637

Dynamically allocated memory at amaxcoordinates [B,KiB,MiB]:       668474     652.807     0.638

Dynamically allocated memory at amaxcoordinates [B,KiB,MiB]:       669732     654.035     0.639

Dynamically allocated memory at amaxcoordinates [B,KiB,MiB]:       671636     655.895     0.641

Dynamically allocated memory at    amaxsequence [B,KiB,MiB]:       671636     655.895     0.641

Dynamically allocated memory at amaxcoordinates [B,KiB,MiB]:       671726     655.982     0.641

Dynamically allocated memory at amaxcoordinates [B,KiB,MiB]:       674582     658.771     0.643

Dynamically allocated memory at    amaxsequence [B,KiB,MiB]:       674582     658.771     0.643

Dynamically allocated memory at amaxcoordinates [B,KiB,MiB]:       674717     658.903     0.643

Dynamically allocated memory at amaxcoordinates [B,KiB,MiB]:       679001     663.087     0.648

Dynamically allocated memory at    amaxsequence [B,KiB,MiB]:       679001     663.087     0.648

Dynamically allocated memory at amaxcoordinates [B,KiB,MiB]:       679199     663.280     0.648

Dynamically allocated memory at amaxcoordinates [B,KiB,MiB]:       685625     669.556     0.654

Dynamically allocated memory at    amaxsequence [B,KiB,MiB]:       685625     669.556     0.654

Dynamically allocated memory at amaxcoordinates [B,KiB,MiB]:       685922     669.846     0.654

Dynamically allocated memory at amaxcoordinates [B,KiB,MiB]:       695544     679.242     0.663

Dynamically allocated memory at    amaxsequence [B,KiB,MiB]:       695544     679.242     0.663

Dynamically allocated memory at amaxcoordinates [B,KiB,MiB]:       695994     679.682     0.664

Dynamically allocated memory at amaxcoordinates [B,KiB,MiB]:       710444     693.793     0.678

Dynamically allocated memory at    amaxsequence [B,KiB,MiB]:       710444     693.793     0.678

Dynamically allocated memory at amaxcoordinates [B,KiB,MiB]:       711119     694.452     0.678

Dynamically allocated memory at amaxcoordinates [B,KiB,MiB]:       732777     715.603     0.699

Dynamically allocated memory at    amaxsequence [B,KiB,MiB]:       732777     715.603     0.699

Dynamically allocated memory at amaxcoordinates [B,KiB,MiB]:       733785     716.587     0.700

Dynamically allocated memory at amaxcoordinates [B,KiB,MiB]:       766289     748.329     0.731

Dynamically allocated memory at   amaxstructure [B,KiB,MiB]:       765722     747.775     0.730
openf___224_> Open           ./1meeA.pdb

Dynamically allocated memory at amaxcoordinates [B,KiB,MiB]:       849947     830.026     0.811

Dynamically allocated memory at    amaxsequence [B,KiB,MiB]:       849947     830.026     0.811

Dynamically allocated memory at amaxcoordinates [B,KiB,MiB]:       850118     830.193     0.811

Dynamically allocated memory at amaxcoordinates [B,KiB,MiB]:       850968     831.023     0.812

Dynamically allocated memory at amaxcoordinates [B,KiB,MiB]:       852226     832.252     0.813

Dynamically allocated memory at amaxcoordinates [B,KiB,MiB]:       854130     834.111     0.815

Dynamically allocated memory at    amaxsequence [B,KiB,MiB]:       854130     834.111     0.815

Dynamically allocated memory at amaxcoordinates [B,KiB,MiB]:       854220     834.199     0.815

Dynamically allocated memory at amaxcoordinates [B,KiB,MiB]:       857076     836.988     0.817

Dynamically allocated memory at    amaxsequence [B,KiB,MiB]:       857076     836.988     0.817

Dynamically allocated memory at amaxcoordinates [B,KiB,MiB]:       857211     837.120     0.818

Dynamically allocated memory at amaxcoordinates [B,KiB,MiB]:       861495     841.304     0.822

Dynamically allocated memory at    amaxsequence [B,KiB,MiB]:       861495     841.304     0.822

Dynamically allocated memory at amaxcoordinates [B,KiB,MiB]:       861693     841.497     0.822

Dynamically allocated memory at amaxcoordinates [B,KiB,MiB]:       868119     847.772     0.828

Dynamically allocated memory at    amaxsequence [B,KiB,MiB]:       868119     847.772     0.828

Dynamically allocated memory at amaxcoordinates [B,KiB,MiB]:       868416     848.062     0.828

Dynamically allocated memory at amaxcoordinates [B,KiB,MiB]:       878038     857.459     0.837

Dynamically allocated memory at    amaxsequence [B,KiB,MiB]:       878038     857.459     0.837

Dynamically allocated memory at amaxcoordinates [B,KiB,MiB]:       878488     857.898     0.838

Dynamically allocated memory at amaxcoordinates [B,KiB,MiB]:       892938     872.010     0.852

Dynamically allocated memory at    amaxsequence [B,KiB,MiB]:       892938     872.010     0.852

Dynamically allocated memory at amaxcoordinates [B,KiB,MiB]:       893613     872.669     0.852

Dynamically allocated memory at amaxcoordinates [B,KiB,MiB]:       915271     893.819     0.873

Dynamically allocated memory at    amaxsequence [B,KiB,MiB]:       915271     893.819     0.873

Dynamically allocated memory at amaxcoordinates [B,KiB,MiB]:       916279     894.804     0.874

Dynamically allocated memory at amaxcoordinates [B,KiB,MiB]:       948783     926.546     0.905

Dynamically allocated memory at   amaxstructure [B,KiB,MiB]:       948225     926.001     0.904

check_ali___> Checking pairwise structural superpositions. 

Equivalent CA pairs with distance difference larger than  6.0 angstroms:

ALN_POS TMPL1 TMPL2  RID1  RID2  NAM1  NAM2     DIST
----------------------------------------------------
END OF TABLE

check_ali___> Checking the sequence-structure alignment. 

Implied intrachain target CA(i)-CA(i+1) distances longer than  8.0 angstroms:

ALN_POS  TMPL  RID1  RID2  NAM1  NAM2     DIST
----------------------------------------------
END OF TABLE
check_a_344_> << END OF COMMAND
openf___224_> Open           ${LIB}/top_heav.lib
read_to_681_> topology.submodel read from topology file:        3
openf___224_> Open           ${LIB}/par.lib

Dynamically allocated memory at  amaxparameters [B,KiB,MiB]:      1087477    1061.989     1.037

Dynamically allocated memory at  amaxparameters [B,KiB,MiB]:      1089077    1063.552     1.039

Dynamically allocated memory at  amaxparameters [B,KiB,MiB]:      1093057    1067.438     1.042

Dynamically allocated memory at  amaxparameters [B,KiB,MiB]:      1095057    1069.392     1.044

Dynamically allocated memory at  amaxparameters [B,KiB,MiB]:      1098057    1072.321     1.047

Dynamically allocated memory at  amaxparameters [B,KiB,MiB]:      1102557    1076.716     1.051

Dynamically allocated memory at  amaxparameters [B,KiB,MiB]:      1108129    1082.157     1.057

Dynamically allocated memory at  amaxparameters [B,KiB,MiB]:      1110929    1084.892     1.059

Dynamically allocated memory at  amaxparameters [B,KiB,MiB]:      1115129    1088.993     1.063

Dynamically allocated memory at  amaxparameters [B,KiB,MiB]:      1121429    1095.146     1.069

Dynamically allocated memory at  amaxparameters [B,KiB,MiB]:      1124201    1097.853     1.072

Dynamically allocated memory at  amaxparameters [B,KiB,MiB]:      1125601    1099.220     1.073
read_pa_232_> parameters    BONDS   ANGLS  DIHEDS IMPROPS    MODE
                              227     561     661     112       0

Dynamically allocated memory at       amaxmodel [B,KiB,MiB]:      1175527    1147.976     1.121

Dynamically allocated memory at       amaxmodel [B,KiB,MiB]:      1410433    1377.376     1.345

Dynamically allocated memory at       amaxmodel [B,KiB,MiB]:      1445129    1411.259     1.378

mkilst______> segment topology constructed from sequence and RTF:
              segments residues atoms bonds angles dihedrals impropers:
                     1      319  2378  2413      0         0       962

Dynamically allocated memory at       amaxmodel [B,KiB,MiB]:      1545557    1509.333     1.474

patch_______> segment topology patched using RTF:     1  ;  MET  ;  NTER
              segments residues atoms bonds angles dihedrals impropers:
                     1      319  2378  2413   3270      3826       962


Dynamically allocated memory at       amaxmodel [B,KiB,MiB]:      1656053    1617.239     1.579
patch_______> segment topology patched using RTF:   319  ;  LEU  ;  CTER
              segments residues atoms bonds angles dihedrals impropers:
                     1      319  2379  2414   3272      3828       963

genseg______> segment topology constructed from sequence and RTF:
              segments residues atoms bonds angles dihedrals impropers:
                     1      319  2379  2414   3272      3828       963
transfe_506_> MODEL is an average of all templates.
transfe_511_> Number of templates for coordinate transfer:        3
              After transferring coordinates of the equivalent template atoms,
              there are defined, undefined atoms in MODEL:     1697      682
The following 4 residues contain 6-membered rings with poor geometries
after transfer from templates. Rebuilding rings from internal coordinates:
   <Residue 137 (type TYR)>
   <Residue 192 (type TYR)>
   <Residue 239 (type TYR)>
   <Residue 300 (type TYR)>
openf___224_> Open           P11018.ini
wrpdb___568_> Residues, atoms, selected atoms:      319     2379     2379
make_re_417_> Restraint type to be calculated:  stereo

Dynamically allocated memory at  amaxrestraints [B,KiB,MiB]:      1763102    1721.779     1.681

Dynamically allocated memory at  amaxrestraints [B,KiB,MiB]:      1771294    1729.779     1.689

Dynamically allocated memory at  amaxrestraints [B,KiB,MiB]:      1787678    1745.779     1.705

Dynamically allocated memory at  amaxrestraints [B,KiB,MiB]:      1820446    1777.779     1.736

Dynamically allocated memory at  amaxrestraints [B,KiB,MiB]:      1853214    1809.779     1.767

Dynamically allocated memory at  amaxrestraints [B,KiB,MiB]:      1918750    1873.779     1.830

Dynamically allocated memory at  amaxrestraints [B,KiB,MiB]:      1951518    1905.779     1.861

Dynamically allocated memory at  amaxrestraints [B,KiB,MiB]:      1984286    1937.779     1.892

Dynamically allocated memory at  amaxrestraints [B,KiB,MiB]:      2049822    2001.779     1.955

Dynamically allocated memory at  amaxrestraints [B,KiB,MiB]:      2180894    2129.779     2.080

Dynamically allocated memory at  amaxrestraints [B,KiB,MiB]:      2246430    2193.779     2.142

Dynamically allocated memory at  amaxrestraints [B,KiB,MiB]:      2311966    2257.779     2.205

Dynamically allocated memory at  amaxrestraints [B,KiB,MiB]:      2443038    2385.779     2.330

Dynamically allocated memory at  amaxrestraints [B,KiB,MiB]:      2705182    2641.779     2.580

Dynamically allocated memory at  amaxrestraints [B,KiB,MiB]:      2836254    2769.779     2.705
r_stere_606_> Stereochemical restraints were constructed from RTF & PRMF.
              Added bond,angle,dihedral,improper restraints  :     2414    3272    3638     950
              Total number of restraints before, now         :        0    10274
make_re_422_> Number of previous, current restraints         :        0    10274
make_re_423_> Number of previous, current selected restraints:        0    10274
make_re_417_> Restraint type to be calculated:  phi-psi_binormal

Dynamically allocated memory at   amaxstructure [B,KiB,MiB]:      3015146    2944.479     2.875
openf___224_> Open           ${MODINSTALL9v21}/modlib/mnch1.bin
openf___224_> Open           ${MODINSTALL9v21}/modlib/mnch1.mdt
getdata_643_> Protein accepted:  1scjA
getdata_643_> Protein accepted:  1sbhA
getdata_643_> Protein accepted:  1meeA
getdata_289_> Proteins (all/accepted):        3        3
make_re_422_> Number of previous, current restraints         :    10274    10591
make_re_423_> Number of previous, current selected restraints:    10274    10591
make_re_417_> Restraint type to be calculated:  omega_dihedral

Dynamically allocated memory at   amaxstructure [B,KiB,MiB]:      3015210    2944.541     2.876
openf___224_> Open           ${MODINSTALL9v21}/modlib/omega.bin
openf___224_> Open           ${MODINSTALL9v21}/modlib/omega.mdt
getdata_643_> Protein accepted:  1scjA
getdata_643_> Protein accepted:  1sbhA
getdata_643_> Protein accepted:  1meeA
getdata_289_> Proteins (all/accepted):        3        3
omgdel__425_> Unselected all O C +N +CA dihedrals:      331
              (This is to avoid clashes between STEREO
              and OMEGA_DIHEDRAL restraints)
make_re_422_> Number of previous, current restraints         :    10591    10909
make_re_423_> Number of previous, current selected restraints:    10591    10578
make_re_417_> Restraint type to be calculated:  chi1_dihedral

Dynamically allocated memory at   amaxstructure [B,KiB,MiB]:      3015210    2944.541     2.876
openf___224_> Open           ${MODINSTALL9v21}/modlib/chi1234.bin
openf___224_> Open           ${MODINSTALL9v21}/modlib/chi1.mdt
getdata_643_> Protein accepted:  1scjA
getdata_643_> Protein accepted:  1sbhA
getdata_643_> Protein accepted:  1meeA
getdata_289_> Proteins (all/accepted):        3        3

Dynamically allocated memory at  amaxrestraints [B,KiB,MiB]:      3146282    3072.541     3.001
make_re_422_> Number of previous, current restraints         :    10909    11164
make_re_423_> Number of previous, current selected restraints:    10578    10833
make_re_417_> Restraint type to be calculated:  chi2_dihedral

Dynamically allocated memory at   amaxstructure [B,KiB,MiB]:      3146282    3072.541     3.001
openf___224_> Open           ${MODINSTALL9v21}/modlib/chi1234.bin
openf___224_> Open           ${MODINSTALL9v21}/modlib/chi2.mdt
getdata_643_> Protein accepted:  1scjA
getdata_643_> Protein accepted:  1sbhA
getdata_643_> Protein accepted:  1meeA
getdata_289_> Proteins (all/accepted):        3        3
make_re_422_> Number of previous, current restraints         :    11164    11357
make_re_423_> Number of previous, current selected restraints:    10833    11026
make_re_417_> Restraint type to be calculated:  chi3_dihedral

Dynamically allocated memory at   amaxstructure [B,KiB,MiB]:      3146282    3072.541     3.001
openf___224_> Open           ${MODINSTALL9v21}/modlib/chi1234.bin
openf___224_> Open           ${MODINSTALL9v21}/modlib/chi3.mdt
getdata_643_> Protein accepted:  1scjA
getdata_643_> Protein accepted:  1sbhA
getdata_643_> Protein accepted:  1meeA
getdata_289_> Proteins (all/accepted):        3        3
make_re_422_> Number of previous, current restraints         :    11357    11439
make_re_423_> Number of previous, current selected restraints:    11026    11108
make_re_417_> Restraint type to be calculated:  chi4_dihedral

Dynamically allocated memory at   amaxstructure [B,KiB,MiB]:      3146282    3072.541     3.001
openf___224_> Open           ${MODINSTALL9v21}/modlib/chi1234.bin
openf___224_> Open           ${MODINSTALL9v21}/modlib/chi4.mdt
mdtrsr__446W> A potential that relies on one protein is used, yet you have at
              least one known structure available. MDT, not library, potential is used.
getdata_643_> Protein accepted:  1scjA
getdata_643_> Protein accepted:  1sbhA
getdata_643_> Protein accepted:  1meeA
getdata_289_> Proteins (all/accepted):        3        3
make_re_422_> Number of previous, current restraints         :    11439    11467
make_re_423_> Number of previous, current selected restraints:    11108    11136
make_re_417_> Restraint type to be calculated:  DISTANCE

Dynamically allocated memory at amaxhash_contac [B,KiB,MiB]:      3831398    3741.600     3.654

Dynamically allocated memory at  amaxrestraints [B,KiB,MiB]:      4093542    3997.600     3.904

Dynamically allocated memory at  amaxrestraints [B,KiB,MiB]:      4617830    4509.600     4.404

Dynamically allocated memory at  amaxrestraints [B,KiB,MiB]:      4879974    4765.600     4.654

Dynamically allocated memory at  amaxrestraints [B,KiB,MiB]:      5404262    5277.600     5.154
make_re_422_> Number of previous, current restraints         :    11467    18781
make_re_423_> Number of previous, current selected restraints:    11136    18450
make_re_417_> Restraint type to be calculated:  DISTANCE

Dynamically allocated memory at  amaxrestraints [B,KiB,MiB]:      6452838    6301.600     6.154

Dynamically allocated memory at  amaxrestraints [B,KiB,MiB]:      6714982    6557.600     6.404
make_re_422_> Number of previous, current restraints         :    18781    26448
make_re_423_> Number of previous, current selected restraints:    18450    26117
make_re_417_> Restraint type to be calculated:  DISTANCE
make_re_422_> Number of previous, current restraints         :    26448    29479
make_re_423_> Number of previous, current selected restraints:    26117    29148
make_re_417_> Restraint type to be calculated:  DISTANCE

Dynamically allocated memory at  amaxrestraints [B,KiB,MiB]:      8812134    8605.600     8.404
make_re_422_> Number of previous, current restraints         :    29479    30705
make_re_423_> Number of previous, current selected restraints:    29148    30374
0 atoms in HETATM/BLK residues constrained
to protein atoms within 2.30 angstroms
and protein CA atoms within 10.00 angstroms
make_re_417_> Restraint type to be calculated:  DISTANCE
make_re_422_> Number of previous, current restraints         :    30705    30705
make_re_423_> Number of previous, current selected restraints:    30374    30374
make_re_417_> Restraint type to be calculated:  DISTANCE
make_re_422_> Number of previous, current restraints         :    30705    30705
make_re_423_> Number of previous, current selected restraints:    30374    30374
make_re_417_> Restraint type to be calculated:  DISTANCE
make_re_422_> Number of previous, current restraints         :    30705    30705
make_re_423_> Number of previous, current selected restraints:    30374    30374
make_re_417_> Restraint type to be calculated:  DISTANCE
make_re_422_> Number of previous, current restraints         :    30705    30705
make_re_423_> Number of previous, current selected restraints:    30374    30374
0 atoms in residues without defined topology
constrained to be rigid bodies
make_re_417_> Restraint type to be calculated:  DISTANCE
make_re_422_> Number of previous, current restraints         :    30705    30705
make_re_423_> Number of previous, current selected restraints:    30374    30374
rmdupl__427_>     1897 redundant cosine dihedral restraints were unselected.
condens_443_> Restraints marked for deletion were removed.
              Total number of restraints before, now:    30705    28477
openf___224_> Open           P11018.rsr
openf___224_> Open           P11018.rsr

Dynamically allocated memory at  amaxrestraints [B,KiB,MiB]:      8472145    8273.579     8.080

Dynamically allocated memory at  amaxrestraints [B,KiB,MiB]:      9258577    9041.579     8.830
rdcsr2__307_> Number of restraints read    :    28477
              Number of excluded pairs read:        0
              Number of pseudo atoms read  :        0
rdcsrs__304_> Restraints in memory, selected restraints:    28477    28477
              Explicitly excluded atom pairs in memory :        0
              Pseudo atoms in memory                   :        0
openf___224_> Open           P11018.ini

Dynamically allocated memory at       amaxmodel [B,KiB,MiB]:      9258601    9041.603     8.830
read_mo_297_> Segments, residues, atoms:        1      319     2379
read_mo_298_> Segment:        1     1   319     2379
randomi_498_> Atoms,selected atoms,random_seed,amplitude:     2379     2379        1        4.0000
randomi_496_> Amplitude is > 0; randomization is done.
pick_re_612_> Number of MODEL atoms, selected restraints;     2379    13143
pick_re_612_> Number of MODEL atoms, selected restraints;     2379    14683
pick_re_612_> Number of MODEL atoms, selected restraints;     2379    15549
pick_re_612_> Number of MODEL atoms, selected restraints;     2379    16520
pick_re_612_> Number of MODEL atoms, selected restraints;     2379    18120
pick_re_612_> Number of MODEL atoms, selected restraints;     2379    19921
pick_re_612_> Number of MODEL atoms, selected restraints;     2379    22417
pick_re_612_> Number of MODEL atoms, selected restraints;     2379    24466
pick_re_612_> Number of MODEL atoms, selected restraints;     2379    25887

Dynamically allocated memory at  amaxrestraints [B,KiB,MiB]:      9608277    9383.083     9.163
pick_re_612_> Number of MODEL atoms, selected restraints;     2379    27517
pick_re_612_> Number of MODEL atoms, selected restraints;     2379    28477
pick_re_612_> Number of MODEL atoms, selected restraints;     2379    28477
iupac_m_486_> OE1/2 will be swapped:     -179.6118        4     4
iupac_m_486_> OE1/2 will be swapped:     -105.0528       21    21
iupac_m_486_> OE1/2 will be swapped:     -123.5747       24    24
iupac_m_485_> OD1/2 will be swapped:      165.1094       72    72
iupac_m_485_> OD1/2 will be swapped:     -169.0213       73    73
iupac_m_486_> OE1/2 will be swapped:     -163.3995      140   140
iupac_m_485_> OD1/2 will be swapped:      127.6474      144   144
iupac_m_485_> OD1/2 will be swapped:      138.8838      155   155
iupac_m_485_> OD1/2 will be swapped:     -179.1211      184   184
iupac_m_486_> OE1/2 will be swapped:      178.2067      210   210
iupac_m_486_> OE1/2 will be swapped:      167.3403      228   228
iupac_m_487_> NH1/2 swapped:     -179.2931      269   269
iupac_m_486_> OE1/2 will be swapped:      179.9802      275   275
iupac_m_487_> NH1/2 swapped:     -177.8525      283   283
iupac_m_485_> OD1/2 will be swapped:     -140.6760      305   305
iupac_m_486_> OE1/2 will be swapped:       95.5589      306   306
iupac_m_486_> OE1/2 will be swapped:     -121.9886      312   312


>> ENERGY; Differences between the model's features and restraints:
Number of all residues in MODEL                   :      319
Number of all, selected real atoms                :     2379    2379
Number of all, selected pseudo atoms              :        0       0
Number of all static, selected restraints         :    28477   28477
COVALENT_CYS                                      :        F
NONBONDED_SEL_ATOMS                               :        1
Number of non-bonded pairs (excluding 1-2,1-3,1-4):     5298
Dynamic pairs routine                             : 2, NATM x NATM cell sorting
Atomic shift for contacts update (UPDATE_DYNAMIC) :    0.390
LENNARD_JONES_SWITCH                              :    6.500   7.500
COULOMB_JONES_SWITCH                              :    6.500   7.500
RESIDUE_SPAN_RANGE                                :        0   99999
NLOGN_USE                                         :       15
CONTACT_SHELL                                     :    4.000
DYNAMIC_PAIRS,_SPHERE,_COULOMB,_LENNARD,_MODELLER :        T       T       F       F       F
SPHERE_STDV                                       :    0.050
RADII_FACTOR                                      :    0.820
Current energy                                    :        7187.2559





Summary of the restraint violations: 

   NUM     ... number of restraints.
   NUMVI   ... number of restraints with RVIOL > VIOL_REPORT_CUT[i].
   RVIOL   ... relative difference from the best value.
   NUMVP   ... number of restraints with -Ln(pdf) > VIOL_REPORT_CUT2[i].
   RMS_1   ... RMS(feature, minimally_violated_basis_restraint, NUMB).
   RMS_2   ... RMS(feature, best_value, NUMB).
   MOL.PDF ... scaled contribution to -Ln(Molecular pdf).

 #                     RESTRAINT_GROUP      NUM   NUMVI  NUMVP   RMS_1   RMS_2         MOL.PDF     S_i
------------------------------------------------------------------------------------------------------
 1 Bond length potential              :    2414       0      0   0.006   0.006      22.863       1.000
 2 Bond angle potential               :    3272       1     10   2.063   2.063      270.08       1.000
 3 Stereochemical cosine torsion poten:    1410       0     67  51.628  51.628      589.99       1.000
 4 Stereochemical improper torsion pot:     950       0      0   1.392   1.392      42.826       1.000
 5 Soft-sphere overlap restraints     :    5298       0      0   0.004   0.004      11.293       1.000
 6 Lennard-Jones 6-12 potential       :       0       0      0   0.000   0.000      0.0000       1.000
 7 Coulomb point-point electrostatic p:       0       0      0   0.000   0.000      0.0000       1.000
 8 H-bonding potential                :       0       0      0   0.000   0.000      0.0000       1.000
 9 Distance restraints 1 (CA-CA)      :    7314       0      1   0.150   0.150      1272.9       1.000
10 Distance restraints 2 (N-O)        :    7667       0      2   0.218   0.218      1506.8       1.000
11 Mainchain Phi dihedral restraints  :       0       0      0   0.000   0.000      0.0000       1.000
12 Mainchain Psi dihedral restraints  :       0       0      0   0.000   0.000      0.0000       1.000
13 Mainchain Omega dihedral restraints:     318       2      6   4.439   4.439      73.014       1.000
14 Sidechain Chi_1 dihedral restraints:     255       0      0  72.634  72.634      39.677       1.000
15 Sidechain Chi_2 dihedral restraints:     193       0      0  73.696  73.696      75.062       1.000
16 Sidechain Chi_3 dihedral restraints:      82       0      0  72.361  72.361      58.439       1.000
17 Sidechain Chi_4 dihedral restraints:      28       0      0  79.253  79.253      18.221       1.000
18 Disulfide distance restraints      :       0       0      0   0.000   0.000      0.0000       1.000
19 Disulfide angle restraints         :       0       0      0   0.000   0.000      0.0000       1.000
20 Disulfide dihedral angle restraints:       0       0      0   0.000   0.000      0.0000       1.000
21 Lower bound distance restraints    :       0       0      0   0.000   0.000      0.0000       1.000
22 Upper bound distance restraints    :       0       0      0   0.000   0.000      0.0000       1.000
23 Distance restraints 3 (SDCH-MNCH)  :    3031       0      0   0.350   0.350      2095.9       1.000
24 Sidechain Chi_5 dihedral restraints:       0       0      0   0.000   0.000      0.0000       1.000
25 Phi/Psi pair of dihedral restraints:     317      37     38  31.192  63.258      189.79       1.000
26 Distance restraints 4 (SDCH-SDCH)  :    1226       0      1   0.672   0.672      920.42       1.000
27 Distance restraints 5 (X-Y)        :       0       0      0   0.000   0.000      0.0000       1.000
28 NMR distance restraints 6 (X-Y)    :       0       0      0   0.000   0.000      0.0000       1.000
29 NMR distance restraints 7 (X-Y)    :       0       0      0   0.000   0.000      0.0000       1.000
30 Minimal distance restraints        :       0       0      0   0.000   0.000      0.0000       1.000
31 Non-bonded restraints              :       0       0      0   0.000   0.000      0.0000       1.000
32 Atomic accessibility restraints    :       0       0      0   0.000   0.000      0.0000       1.000
33 Atomic density restraints          :       0       0      0   0.000   0.000      0.0000       1.000
34 Absolute position restraints       :       0       0      0   0.000   0.000      0.0000       1.000
35 Dihedral angle difference restraint:       0       0      0   0.000   0.000      0.0000       1.000
36 GBSA implicit solvent potential    :       0       0      0   0.000   0.000      0.0000       1.000
37 EM density fitting potential       :       0       0      0   0.000   0.000      0.0000       1.000
38 SAXS restraints                    :       0       0      0   0.000   0.000      0.0000       1.000
39 Symmetry restraints                :       0       0      0   0.000   0.000      0.0000       1.000



openf___224_> Open           P11018.V99990001
# Heavy relative violation of each residue is written to: P11018.V99990001
# The profile is NOT normalized by the number of restraints.
# The profiles are smoothed over a window of residues:    1
# The sum of all numbers in the file:   33000.1406



List of the violated restraints:
   A restraint is violated when the relative difference
   from the best value (RVIOL) is larger than CUTOFF.

   ICSR   ... index of a restraint in the current set.
   RESNO  ... residue numbers of the first two atoms.
   ATM    ... IUPAC atom names of the first two atoms.
   FEAT   ... the value of the feature in the model.
   restr  ... the mean of the basis restraint with the smallest
              difference from the model (local minimum).
   viol   ... difference from the local minimum.
   rviol  ... relative difference from the local minimum.
   RESTR  ... the best value (global minimum).
   VIOL   ... difference from the best value.
   RVIOL  ... relative difference from the best value.


-------------------------------------------------------------------------------------------------

Feature  2                           : Bond angle potential                    
List of the RVIOL violations larger than   :       4.5000

    #   ICSR  RESNO1/2 ATM1/2   INDATM1/2    FEAT   restr    viol   rviol   RESTR    VIOL   RVIOL
    1   3402  96A  96A N   CA    718  719  126.89  107.00   19.89    5.72  107.00   19.89    5.72

-------------------------------------------------------------------------------------------------

Feature 13                           : Mainchain Omega dihedral restraints     
List of the RVIOL violations larger than   :       4.5000

    #   ICSR  RESNO1/2 ATM1/2   INDATM1/2    FEAT   restr    viol   rviol   RESTR    VIOL   RVIOL
    1   8425  62N  62N CA  C     472  477 -155.11 -180.00   24.89    4.98 -180.00   24.89    4.98

-------------------------------------------------------------------------------------------------

Feature 25                           : Phi/Psi pair of dihedral restraints     
List of the RVIOL violations larger than   :       6.5000

    #   ICSR  RESNO1/2 ATM1/2   INDATM1/2    FEAT   restr    viol   rviol   RESTR    VIOL   RVIOL
    1   8047   1M   2N C   N       7    9  -71.65  -71.20   12.59    0.79  -63.20  163.74   20.94
    1          2N   2N N   CA      9   10  155.38  142.80                  -41.10
    2   8048   2N   3G C   N      15   17  -75.46  -80.20    9.29    0.22   82.20 -137.07    6.97
    2          3G   3G N   CA     17   18  166.10  174.10                    8.50
    3   8049   3G   4E C   N      19   21  -70.93  -69.30    1.84    0.16  -63.60  178.20   24.16
    3          4E   4E N   CA     21   22  141.65  142.50                  -40.30
    4   8051   5I   6R C   N      36   38  -95.07  -72.10   23.10    1.82  -63.00 -177.63   26.85
    4          6R   6R N   CA     38   39  139.37  141.90                  -41.10
    5   8052   6R   7L C   N      47   49 -105.50 -108.50    7.27    0.41  -63.50 -175.49   28.19
    5          7L   7L N   CA     49   50  139.13  132.50                  -41.20
    6   8055   9P  10Y C   N      70   72 -124.40 -124.30    4.47    0.24  -63.50 -175.34   26.51
    6         10Y  10Y N   CA     72   73  130.93  135.40                  -43.40
    7   8057  11V  12T C   N      89   91 -144.43 -124.80   28.87    0.92  -63.20  173.43   27.49
    7         12T  12T N   CA     91   92  164.67  143.50                  -42.10
    8   8058  12T  13N C   N      96   98  -82.34  -71.20   64.00    4.41  -63.20  122.38   14.33
    8         13N  13N N   CA     98   99   79.78  142.80                  -41.10
    9   8059  13N  14E C   N     104  106  -92.54 -117.80   54.14    2.11  -63.60  132.42   16.24
    9         14E  14E N   CA    106  107   88.91  136.80                  -40.30
   10   8060  14E  15Q C   N     113  115 -141.50 -121.10   35.39    1.25  -63.80  169.89   29.01
   10         15Q  15Q N   CA    115  116  168.62  139.70                  -40.30
   11   8062  16I  17M C   N     130  132  -88.71  -73.00   23.99    1.89  -63.40  167.30   23.12
   11         17M  17M N   CA    132  133  124.87  143.00                  -40.50
   12   8063  17M  18D C   N     138  140  -69.69  -70.90   14.83    0.67  -63.30  175.63   21.30
   12         18D  18D N   CA    140  141  135.52  150.30                  -40.00
   13   8107  61K  62N C   N     469  471   56.86   55.90    1.61    0.08  -63.20  143.89   23.65
   13         62N  62N N   CA    471  472   38.21   39.50                  -41.10
   14   8108  62N  63Q C   N     477  479   52.17  -73.00  127.77    8.61  -63.80 -166.15   34.24
   14         63Q  63Q N   CA    479  480  115.04  140.70                  -40.30
   15   8118  72D  73D C   N     553  555 -105.66  -70.90   65.16    2.21  -63.30  122.16   17.82
   15         73D  73D N   CA    555  556 -154.58  150.30                  -40.00
   16   8119  73D  74D C   N     561  563   50.40   54.50   16.66    0.93  -63.30  149.48   25.16
   16         74D  74D N   CA    563  564   57.04   40.90                  -40.00
   17   8121  75G  76G C   N     573  575   62.45   82.20   38.86    1.08  -62.40  150.02   28.31
   17         76G  76G N   CA    575  576   41.97    8.50                  -41.20
   18   8224 178G 179N C   N    1301 1303 -119.53 -119.90   94.32    4.28  -63.20  100.96   10.87
   18        179N 179N N   CA   1303 1304   42.68  137.00                  -41.10
   19   8272 226P 227G C   N    1663 1665 -161.73  -62.40  113.50   17.42  -62.40  113.50   17.42
   19        227G 227G N   CA   1665 1666   13.70  -41.20                  -41.20
   20   8319 273E 274S C   N    2020 2022   11.95  -72.40  106.47    5.35  -64.10  144.13   15.93
   20        274S 274S N   CA   2022 2023   87.43  152.40                  -35.00
   21   8320 274S 275E C   N    2026 2028 -140.68 -117.80   40.76    1.48  -63.60  167.90   26.68
   21        275E 275E N   CA   2028 2029  170.53  136.80                  -40.30
   22   8322 276V 277F C   N    2042 2044 -144.66 -124.20   20.47    0.78  -63.20 -169.83   31.67
   22        277F 277F N   CA   2044 2045  143.86  143.30                  -44.30
   23   8323 277F 278A C   N    2053 2055 -164.54 -134.00   36.25    0.87  -62.50 -176.45   35.48
   23        278A 278A N   CA   2055 2056  166.53  147.00                  -40.90
   24   8325 279Q 280L C   N    2067 2069  -97.15 -108.50   34.48    1.95  -63.50  157.38   23.90
   24        280L 280L N   CA   2069 2070  165.06  132.50                  -41.20
   25   8327 281I 282R C   N    2083 2085 -128.79 -125.20    4.74    0.14  -63.00 -172.84   29.81
   25        282R 282R N   CA   2085 2086  143.69  140.60                  -41.10
   26   8328 282R 283R C   N    2094 2096  -95.27  -72.10   40.71    3.52  -63.00  152.97   18.70
   26        283R 283R N   CA   2096 2097  108.43  141.90                  -41.10
   27   8329 283R 284T C   N    2105 2107 -133.17 -124.80   10.73    0.37  -63.20 -178.30   27.90
   27        284T 284T N   CA   2107 2108  150.22  143.50                  -42.10
   28   8330 284T 285L C   N    2112 2114 -124.02 -108.50   18.42    1.00  -63.50  174.61   21.65
   28        285L 285L N   CA   2114 2115  122.58  132.50                  -41.20
   29   8345 299L 300Y C   N    2220 2222 -126.85  -63.50   90.15   12.53  -63.50   90.15   12.53
   29        300Y 300Y N   CA   2222 2223   20.74  -43.40                  -43.40
   30   8346 300Y 301L C   N    2232 2234   27.85  -63.50  127.43   16.48 -108.50  167.60    9.21
   30        301L 301L N   CA   2234 2235 -130.05  -41.20                  132.50
   31   8348 302T 303A C   N    2247 2249  143.25 -134.00   92.53    2.11  -62.50 -157.82   40.75
   31        303A 303A N   CA   2249 2250 -171.61  147.00                  -40.90
   32   8357 311A 312E C   N    2312 2314  143.35 -117.80  100.33    4.11  -63.60 -138.63   26.26
   32        312E 312E N   CA   2314 2315  119.64  136.80                  -40.30
   33   8358 312E 313Q C   N    2321 2323  179.61 -121.10   67.04    2.07  -63.80 -171.03   33.50
   33        313Q 313Q N   CA   2323 2324  170.99  139.70                  -40.30
   34   8359 313Q 314S C   N    2330 2332 -144.03 -136.60   10.75    0.35  -64.10 -175.72   19.07
   34        314S 314S N   CA   2332 2333  158.96  151.20                  -35.00
   35   8360 314S 315H C   N    2336 2338 -123.28 -125.60   20.40    0.82  -63.20  169.63   25.14
   35        315H 315H N   CA   2338 2339  159.07  138.80                  -42.30
   36   8362 316L 317L C   N    2354 2356 -111.26 -108.50   11.38    0.64  -63.50  169.53   21.32
   36        317L 317L N   CA   2356 2357  121.46  132.50                  -41.20
   37   8363 317L 318T C   N    2362 2364 -126.89 -124.80    7.15    0.25  -63.20  179.26   27.20
   37        318T 318T N   CA   2364 2365  150.33  143.50                  -42.10


report______> Distribution of short non-bonded contacts:


DISTANCE1:  0.00 2.10 2.20 2.30 2.40 2.50 2.60 2.70 2.80 2.90 3.00 3.10 3.20 3.30 3.40
DISTANCE2:  2.10 2.20 2.30 2.40 2.50 2.60 2.70 2.80 2.90 3.00 3.10 3.20 3.30 3.40 3.50
FREQUENCY:     0    0    0    0    0   17   34  129  148  265  260  258  388  352  399


<< end of ENERGY.
openf___224_> Open           P11018.B99990001.pdb
wrpdb___568_> Residues, atoms, selected atoms:      319     2379     2379
openf___224_> Open           P11018.ini

Dynamically allocated memory at       amaxmodel [B,KiB,MiB]:      9608301    9383.106     9.163
read_mo_297_> Segments, residues, atoms:        1      319     2379
read_mo_298_> Segment:        1     1   319     2379
randomi_498_> Atoms,selected atoms,random_seed,amplitude:     2379     2379        1        4.0000
randomi_496_> Amplitude is > 0; randomization is done.
pick_re_612_> Number of MODEL atoms, selected restraints;     2379    13143
pick_re_612_> Number of MODEL atoms, selected restraints;     2379    14683
pick_re_612_> Number of MODEL atoms, selected restraints;     2379    15549
pick_re_612_> Number of MODEL atoms, selected restraints;     2379    16520
pick_re_612_> Number of MODEL atoms, selected restraints;     2379    18120
pick_re_612_> Number of MODEL atoms, selected restraints;     2379    19921
pick_re_612_> Number of MODEL atoms, selected restraints;     2379    22417
pick_re_612_> Number of MODEL atoms, selected restraints;     2379    24466
pick_re_612_> Number of MODEL atoms, selected restraints;     2379    25887
pick_re_612_> Number of MODEL atoms, selected restraints;     2379    27517
pick_re_612_> Number of MODEL atoms, selected restraints;     2379    28477
pick_re_612_> Number of MODEL atoms, selected restraints;     2379    28477
iupac_m_486_> OE1/2 will be swapped:      145.4496       14    14
iupac_m_485_> OD1/2 will be swapped:      132.7627       72    72
iupac_m_485_> OD1/2 will be swapped:      147.1660       99    99
iupac_m_486_> OE1/2 will be swapped:       99.5959      129   129
iupac_m_485_> OD1/2 will be swapped:      129.2936      182   182
iupac_m_485_> OD1/2 will be swapped:     -159.9776      184   184
iupac_m_487_> NH1/2 swapped:     -176.9527      186   186
iupac_m_486_> OE1/2 will be swapped:     -108.0545      189   189
iupac_m_485_> OD1/2 will be swapped:     -123.5285      222   222
iupac_m_486_> OE1/2 will be swapped:     -148.4850      265   265
iupac_m_486_> OE1/2 will be swapped:     -172.5508      275   275
iupac_m_486_> OE1/2 will be swapped:       93.6341      309   309
iupac_m_486_> OE1/2 will be swapped:      142.8854      312   312


>> ENERGY; Differences between the model's features and restraints:
Number of all residues in MODEL                   :      319
Number of all, selected real atoms                :     2379    2379
Number of all, selected pseudo atoms              :        0       0
Number of all static, selected restraints         :    28477   28477
COVALENT_CYS                                      :        F
NONBONDED_SEL_ATOMS                               :        1
Number of non-bonded pairs (excluding 1-2,1-3,1-4):     5293
Dynamic pairs routine                             : 2, NATM x NATM cell sorting
Atomic shift for contacts update (UPDATE_DYNAMIC) :    0.390
LENNARD_JONES_SWITCH                              :    6.500   7.500
COULOMB_JONES_SWITCH                              :    6.500   7.500
RESIDUE_SPAN_RANGE                                :        0   99999
NLOGN_USE                                         :       15
CONTACT_SHELL                                     :    4.000
DYNAMIC_PAIRS,_SPHERE,_COULOMB,_LENNARD,_MODELLER :        T       T       F       F       F
SPHERE_STDV                                       :    0.050
RADII_FACTOR                                      :    0.820
Current energy                                    :        7381.6963





Summary of the restraint violations: 

   NUM     ... number of restraints.
   NUMVI   ... number of restraints with RVIOL > VIOL_REPORT_CUT[i].
   RVIOL   ... relative difference from the best value.
   NUMVP   ... number of restraints with -Ln(pdf) > VIOL_REPORT_CUT2[i].
   RMS_1   ... RMS(feature, minimally_violated_basis_restraint, NUMB).
   RMS_2   ... RMS(feature, best_value, NUMB).
   MOL.PDF ... scaled contribution to -Ln(Molecular pdf).

 #                     RESTRAINT_GROUP      NUM   NUMVI  NUMVP   RMS_1   RMS_2         MOL.PDF     S_i
------------------------------------------------------------------------------------------------------
 1 Bond length potential              :    2414       0      0   0.007   0.007      28.495       1.000
 2 Bond angle potential               :    3272       1     15   2.221   2.221      308.98       1.000
 3 Stereochemical cosine torsion poten:    1410       0     67  51.829  51.829      593.87       1.000
 4 Stereochemical improper torsion pot:     950       0      0   1.430   1.430      45.079       1.000
 5 Soft-sphere overlap restraints     :    5293       0      2   0.006   0.006      21.607       1.000
 6 Lennard-Jones 6-12 potential       :       0       0      0   0.000   0.000      0.0000       1.000
 7 Coulomb point-point electrostatic p:       0       0      0   0.000   0.000      0.0000       1.000
 8 H-bonding potential                :       0       0      0   0.000   0.000      0.0000       1.000
 9 Distance restraints 1 (CA-CA)      :    7314       0      2   0.170   0.170      1303.5       1.000
10 Distance restraints 2 (N-O)        :    7667       2     14   0.256   0.256      1580.8       1.000
11 Mainchain Phi dihedral restraints  :       0       0      0   0.000   0.000      0.0000       1.000
12 Mainchain Psi dihedral restraints  :       0       0      0   0.000   0.000      0.0000       1.000
13 Mainchain Omega dihedral restraints:     318       0      3   4.026   4.026      59.933       1.000
14 Sidechain Chi_1 dihedral restraints:     255       0      4  71.808  71.808      56.674       1.000
15 Sidechain Chi_2 dihedral restraints:     193       0      1  68.750  68.750      67.901       1.000
16 Sidechain Chi_3 dihedral restraints:      82       0      0  72.832  72.832      57.298       1.000
17 Sidechain Chi_4 dihedral restraints:      28       0      0  76.629  76.629      16.680       1.000
18 Disulfide distance restraints      :       0       0      0   0.000   0.000      0.0000       1.000
19 Disulfide angle restraints         :       0       0      0   0.000   0.000      0.0000       1.000
20 Disulfide dihedral angle restraints:       0       0      0   0.000   0.000      0.0000       1.000
21 Lower bound distance restraints    :       0       0      0   0.000   0.000      0.0000       1.000
22 Upper bound distance restraints    :       0       0      0   0.000   0.000      0.0000       1.000
23 Distance restraints 3 (SDCH-MNCH)  :    3031       0      0   0.358   0.358      2101.3       1.000
24 Sidechain Chi_5 dihedral restraints:       0       0      0   0.000   0.000      0.0000       1.000
25 Phi/Psi pair of dihedral restraints:     317      43     36  32.456  66.054      213.65       1.000
26 Distance restraints 4 (SDCH-SDCH)  :    1226       0      0   0.665   0.665      925.89       1.000
27 Distance restraints 5 (X-Y)        :       0       0      0   0.000   0.000      0.0000       1.000
28 NMR distance restraints 6 (X-Y)    :       0       0      0   0.000   0.000      0.0000       1.000
29 NMR distance restraints 7 (X-Y)    :       0       0      0   0.000   0.000      0.0000       1.000
30 Minimal distance restraints        :       0       0      0   0.000   0.000      0.0000       1.000
31 Non-bonded restraints              :       0       0      0   0.000   0.000      0.0000       1.000
32 Atomic accessibility restraints    :       0       0      0   0.000   0.000      0.0000       1.000
33 Atomic density restraints          :       0       0      0   0.000   0.000      0.0000       1.000
34 Absolute position restraints       :       0       0      0   0.000   0.000      0.0000       1.000
35 Dihedral angle difference restraint:       0       0      0   0.000   0.000      0.0000       1.000
36 GBSA implicit solvent potential    :       0       0      0   0.000   0.000      0.0000       1.000
37 EM density fitting potential       :       0       0      0   0.000   0.000      0.0000       1.000
38 SAXS restraints                    :       0       0      0   0.000   0.000      0.0000       1.000
39 Symmetry restraints                :       0       0      0   0.000   0.000      0.0000       1.000



openf___224_> Open           P11018.V99990002
# Heavy relative violation of each residue is written to: P11018.V99990002
# The profile is NOT normalized by the number of restraints.
# The profiles are smoothed over a window of residues:    1
# The sum of all numbers in the file:   34234.2148



List of the violated restraints:
   A restraint is violated when the relative difference
   from the best value (RVIOL) is larger than CUTOFF.

   ICSR   ... index of a restraint in the current set.
   RESNO  ... residue numbers of the first two atoms.
   ATM    ... IUPAC atom names of the first two atoms.
   FEAT   ... the value of the feature in the model.
   restr  ... the mean of the basis restraint with the smallest
              difference from the model (local minimum).
   viol   ... difference from the local minimum.
   rviol  ... relative difference from the local minimum.
   RESTR  ... the best value (global minimum).
   VIOL   ... difference from the best value.
   RVIOL  ... relative difference from the best value.


-------------------------------------------------------------------------------------------------

Feature  2                           : Bond angle potential                    
List of the RVIOL violations larger than   :       4.5000

    #   ICSR  RESNO1/2 ATM1/2   INDATM1/2    FEAT   restr    viol   rviol   RESTR    VIOL   RVIOL
    1   3402  96A  96A N   CA    718  719  126.75  107.00   19.75    5.68  107.00   19.75    5.68

-------------------------------------------------------------------------------------------------

Feature 25                           : Phi/Psi pair of dihedral restraints     
List of the RVIOL violations larger than   :       6.5000

    #   ICSR  RESNO1/2 ATM1/2   INDATM1/2    FEAT   restr    viol   rviol   RESTR    VIOL   RVIOL
    1   8047   1M   2N C   N       7    9 -113.10 -119.90    7.11    0.24  -63.20 -177.05   20.53
    1          2N   2N N   CA      9   10  134.92  137.00                  -41.10
    2   8048   2N   3G C   N      15   17 -169.45 -167.20   40.36    1.61   82.20  166.02   12.53
    2          3G   3G N   CA     17   18  134.30  174.60                    8.50
    3   8049   3G   4E C   N      19   21  -82.22  -69.30   13.19    0.90  -63.60  175.55   24.44
    3          4E   4E N   CA     21   22  145.14  142.50                  -40.30
    4   8051   5I   6R C   N      36   38 -130.48 -125.20   17.46    0.93  -63.00  178.32   20.55
    4          6R   6R N   CA     38   39  123.96  140.60                  -41.10
    5   8052   6R   7L C   N      47   49 -130.73 -108.50   25.41    1.37  -63.50  174.85   21.55
    5          7L   7L N   CA     49   50  120.21  132.50                  -41.20
    6   8055   9P  10Y C   N      70   72 -127.83 -124.30    4.49    0.37  -63.50 -172.59   26.82
    6         10Y  10Y N   CA     72   73  132.62  135.40                  -43.40
    7   8057  11V  12T C   N      89   91 -128.35 -124.80    4.56    0.28  -63.20 -171.14   28.53
    7         12T  12T N   CA     91   92  140.64  143.50                  -42.10
    8   8058  12T  13N C   N      96   98 -111.00 -119.90    9.02    0.34  -63.20 -177.08   20.61
    8         13N  13N N   CA     98   99  135.47  137.00                  -41.10
    9   8059  13N  14E C   N     104  106 -106.50 -117.80   11.40    0.38  -63.60 -179.28   22.02
    9         14E  14E N   CA    106  107  135.25  136.80                  -40.30
   10   8060  14E  15Q C   N     113  115  -98.90 -121.10   22.70    0.96  -63.80  178.70   28.15
   10         15Q  15Q N   CA    115  116  144.48  139.70                  -40.30
   11   8062  16I  17M C   N     130  132 -133.05 -125.60    7.54    0.27  -63.40 -169.06   34.03
   11         17M  17M N   CA    132  133  141.71  140.50                  -40.50
   12   8063  17M  18D C   N     138  140  -89.20  -70.90   31.30    1.10  -63.30  146.62   19.74
   12         18D  18D N   CA    140  141  175.69  150.30                  -40.00
   13   8107  61K  62N C   N     469  471   69.19   55.90   21.78    1.14  -63.20  146.77   24.07
   13         62N  62N N   CA    471  472   22.25   39.50                  -41.10
   14   8108  62N  63Q C   N     477  479   44.40  -63.80  136.30   24.73  -63.80  136.30   24.73
   14         63Q  63Q N   CA    479  480   42.59  -40.30                  -40.30
   15   8109  63Q  64I C   N     486  488   61.82  -97.30  159.12    6.65 -120.60  177.63   12.47
   15         64I  64I N   CA    488  489  126.04  127.20                  130.30
   16   8118  72D  73D C   N     553  555 -127.38  -96.50   74.57    3.10  -63.30  107.51   11.60
   16         73D  73D N   CA    555  556   46.32  114.20                  -40.00
   17   8119  73D  74D C   N     561  563 -105.57  -96.50   43.05    1.80  -63.30  119.82   12.88
   17         74D  74D N   CA    563  564   72.12  114.20                  -40.00
   18   8121  75G  76G C   N     573  575   69.39   82.20   35.38    1.11  -62.40  155.58   29.39
   18         76G  76G N   CA    575  576   41.48    8.50                  -41.20
   19   8166 120G 121G C   N     879  881  156.02   82.20   90.30    3.48  -62.40  141.59   25.39
   19        121G 121G N   CA    881  882  -43.51    8.50                  -41.20
   20   8224 178G 179N C   N    1301 1303 -119.17 -119.90   94.23    4.27  -63.20  100.83   10.85
   20        179N 179N N   CA   1303 1304   42.77  137.00                  -41.10
   21   8272 226P 227G C   N    1663 1665 -161.70  -62.40  113.60   17.42  -62.40  113.60   17.42
   21        227G 227G N   CA   1665 1666   13.96  -41.20                  -41.20
   22   8280 234L 235P C   N    1721 1723  -52.05  -58.70   20.65    1.27  -64.50  163.22   12.85
   22        235P 235P N   CA   1723 1724  -50.05  -30.50                  147.20
   23   8281 235P 236N C   N    1728 1730  -92.47 -119.90   77.61    2.84   55.90  150.44   15.58
   23        236N 236N N   CA   1730 1731   64.40  137.00                   39.50
   24   8319 273E 274S C   N    2020 2022    8.91  -72.40  101.84    5.14  -64.10  145.69   15.81
   24        274S 274S N   CA   2022 2023   91.08  152.40                  -35.00
   25   8320 274S 275E C   N    2026 2028 -153.81 -117.80   80.76    3.20  -63.60  142.74   23.81
   25        275E 275E N   CA   2028 2029 -150.91  136.80                  -40.30
   26   8323 277F 278A C   N    2053 2055  -88.84  -68.20   21.77    1.60  -62.50  168.93   29.05
   26        278A 278A N   CA   2055 2056  152.24  145.30                  -40.90
   27   8324 278A 279Q C   N    2058 2060  -70.58  -73.00   19.37    1.22  -63.80  161.93   23.46
   27        279Q 279Q N   CA   2060 2061  121.49  140.70                  -40.30
   28   8325 279Q 280L C   N    2067 2069 -131.06 -108.50   31.60    1.42  -63.50  177.53   28.83
   28        280L 280L N   CA   2069 2070  154.63  132.50                  -41.20
   29   8326 280L 281I C   N    2075 2077  -64.42  -63.40    1.47    0.23 -120.60 -178.25    8.35
   29        281I 281I N   CA   2077 2078  -42.55  -43.60                  130.30
   30   8327 281I 282R C   N    2083 2085  -70.83  -72.10    1.57    0.14  -63.00  176.25   24.34
   30        282R 282R N   CA   2085 2086  142.83  141.90                  -41.10
   31   8328 282R 283R C   N    2094 2096 -123.06 -125.20    2.46    0.13  -63.00 -172.99   29.41
   31        283R 283R N   CA   2096 2097  141.80  140.60                  -41.10
   32   8329 283R 284T C   N    2105 2107 -126.78 -124.80   20.34    0.81  -63.20  166.76   25.57
   32        284T 284T N   CA   2107 2108  163.74  143.50                  -42.10
   33   8330 284T 285L C   N    2112 2114 -131.82 -108.50   34.75    1.96  -63.50  162.95   20.01
   33        285L 285L N   CA   2114 2115  106.74  132.50                  -41.20
   34   8345 299L 300Y C   N    2220 2222 -118.70  -63.50   73.55   10.32  -63.50   73.55   10.32
   34        300Y 300Y N   CA   2222 2223    5.21  -43.40                  -43.40
   35   8346 300Y 301L C   N    2232 2234   55.51  -70.70  145.27   14.63 -108.50 -177.07    9.75
   35        301L 301L N   CA   2234 2235 -146.47  141.60                  132.50
   36   8348 302T 303A C   N    2247 2249  127.01 -134.00  110.44    2.51  -62.50 -149.68   42.63
   36        303A 303A N   CA   2249 2250 -164.05  147.00                  -40.90
   37   8357 311A 312E C   N    2312 2314  -72.49  -69.30    8.95    0.78  -63.60  174.67   22.81
   37        312E 312E N   CA   2314 2315  134.14  142.50                  -40.30
   38   8358 312E 313Q C   N    2321 2323 -160.91 -121.10   48.26    1.49  -63.80 -179.02   31.53
   38        313Q 313Q N   CA   2323 2324  166.98  139.70                  -40.30
   39   8359 313Q 314S C   N    2330 2332 -122.79 -136.60   13.96    0.61  -64.10 -178.47   17.26
   39        314S 314S N   CA   2332 2333  153.22  151.20                  -35.00
   40   8360 314S 315H C   N    2336 2338 -117.02 -125.60    8.62    0.28  -63.20 -172.32   26.99
   40        315H 315H N   CA   2338 2339  137.90  138.80                  -42.30
   41   8361 315H 316L C   N    2346 2348 -123.84 -108.50   19.30    0.86  -63.50 -175.28   29.38
   41        316L 316L N   CA   2348 2349  144.21  132.50                  -41.20
   42   8362 316L 317L C   N    2354 2356 -100.36 -108.50   23.80    1.19  -63.50  155.76   19.83
   42        317L 317L N   CA   2356 2357  110.14  132.50                  -41.20
   43   8363 317L 318T C   N    2362 2364 -136.66 -124.80   30.17    0.99  -63.20  164.03   25.81
   43        318T 318T N   CA   2364 2365  171.24  143.50                  -42.10


report______> Distribution of short non-bonded contacts:


DISTANCE1:  0.00 2.10 2.20 2.30 2.40 2.50 2.60 2.70 2.80 2.90 3.00 3.10 3.20 3.30 3.40
DISTANCE2:  2.10 2.20 2.30 2.40 2.50 2.60 2.70 2.80 2.90 3.00 3.10 3.20 3.30 3.40 3.50
FREQUENCY:     0    0    0    0    0   18   45  130  148  257  249  277  363  377  432


<< end of ENERGY.
openf___224_> Open           P11018.B99990002.pdb
wrpdb___568_> Residues, atoms, selected atoms:      319     2379     2379

>> Summary of successfully produced models:
Filename                          molpdf
----------------------------------------
P11018.B99990001.pdb          7187.25586
P11018.B99990002.pdb          7381.69629

